#
# There is insufficient memory for the Java Runtime Environment to continue.
# Native memory allocation (mmap) failed to map 156237824 bytes for G1 virtual space
# Possible reasons:
#   The system is out of physical RAM or swap space
#   The process is running with CompressedOops enabled, and the Java Heap may be blocking the growth of the native heap
# Possible solutions:
#   Reduce memory load on the system
#   Increase physical memory or swap space
#   Check if swap backing store is full
#   Decrease Java heap size (-Xmx/-Xms)
#   Decrease number of Java threads
#   Decrease Java thread stack sizes (-Xss)
#   Set larger code cache with -XX:ReservedCodeCacheSize=
#   JVM is running with Unscaled Compressed Oops mode in which the Java heap is
#     placed in the first 4GB address space. The Java Heap base address is the
#     maximum limit for the native heap growth. Please use -XX:HeapBaseMinAddress
#     to set the Java Heap base and to place the Java Heap above 4GB virtual address.
# This output file may be truncated or incomplete.
#
#  Out of Memory Error (os_windows.cpp:3600), pid=1172, tid=11376
#
# JRE version: Java(TM) SE Runtime Environment (21.0.5+9) (build 21.0.5+9-LTS-239)
# Java VM: Java HotSpot(TM) 64-Bit Server VM (21.0.5+9-LTS-239, mixed mode, sharing, tiered, compressed oops, compressed class ptrs, g1 gc, windows-amd64)
# No core dump will be written. Minidumps are not enabled by default on client versions of Windows
#

---------------  S U M M A R Y ------------

Command Line: -Dclassworlds.conf=C:\Program Files\Apache\Maven\apache-maven-3.9.9\bin\m2.conf -Dmaven.home=C:\Program Files\Apache\Maven\apache-maven-3.9.9 -Dlibrary.jansi.path=C:\Program Files\Apache\Maven\apache-maven-3.9.9\lib\jansi-native -Dmaven.multiModuleProjectDirectory=C:\Users\Administrator\Desktop\saidika backend\saidika_backend org.codehaus.plexus.classworlds.launcher.Launcher clean package

Host: Intel(R) Core(TM) i5-6300U CPU @ 2.40GHz, 4 cores, 3G,  Windows 11 , 64 bit Build 22621 (10.0.22621.3958)
Time: Sun Feb  9 17:39:54 2025 E. Africa Standard Time elapsed time: 16.180380 seconds (0d 0h 0m 16s)

---------------  T H R E A D  ---------------

Current thread (0x0000020e100690c0):  VMThread "VM Thread"          [id=11376, stack(0x000000bef0100000,0x000000bef0200000) (1024K)]

Stack: [0x000000bef0100000,0x000000bef0200000]
Native frames: (J=compiled Java code, j=interpreted, Vv=VM code, C=native code)
V  [jvm.dll+0x6ca289]
V  [jvm.dll+0x854a51]
V  [jvm.dll+0x856f7e]
V  [jvm.dll+0x857653]
V  [jvm.dll+0x27dd26]
V  [jvm.dll+0x6c6a25]
V  [jvm.dll+0x6bb5aa]
V  [jvm.dll+0x35359a]
V  [jvm.dll+0x35b1f6]
V  [jvm.dll+0x3adade]
V  [jvm.dll+0x3add88]
V  [jvm.dll+0x3278fc]
V  [jvm.dll+0x327987]
V  [jvm.dll+0x36c26c]
V  [jvm.dll+0x36aabe]
V  [jvm.dll+0x3270c1]
V  [jvm.dll+0x36a1da]
V  [jvm.dll+0x85d420]
V  [jvm.dll+0x85e7a4]
V  [jvm.dll+0x85ece0]
V  [jvm.dll+0x85ef83]
V  [jvm.dll+0x7fee9b]
V  [jvm.dll+0x6c896d]
C  [ucrtbase.dll+0x29333]
C  [KERNEL32.DLL+0x1257d]
C  [ntdll.dll+0x5af08]

VM_Operation (0x000000beefafcc00): G1CollectForAllocation, mode: safepoint, requested by thread 0x0000020e0dd4a170


---------------  P R O C E S S  ---------------

Threads class SMR info:
_java_thread_list=0x0000020e70e46700, length=12, elements={
0x0000020e0dd4a170, 0x0000020e2ac2c550, 0x0000020e2ac2d610, 0x0000020e2ac32930,
0x0000020e2ac33810, 0x0000020e2ac3c5d0, 0x0000020e2ac41570, 0x0000020e2ac49180,
0x0000020e2ac4d840, 0x0000020e2ac41c00, 0x0000020e2ac42920, 0x0000020e2ac40ee0
}

Java Threads: ( => current thread )
  0x0000020e0dd4a170 JavaThread "main"                              [_thread_blocked, id=8136, stack(0x000000beefa00000,0x000000beefb00000) (1024K)]
  0x0000020e2ac2c550 JavaThread "Reference Handler"          daemon [_thread_blocked, id=4732, stack(0x000000bef0200000,0x000000bef0300000) (1024K)]
  0x0000020e2ac2d610 JavaThread "Finalizer"                  daemon [_thread_blocked, id=8780, stack(0x000000bef0300000,0x000000bef0400000) (1024K)]
  0x0000020e2ac32930 JavaThread "Signal Dispatcher"          daemon [_thread_blocked, id=808, stack(0x000000bef0400000,0x000000bef0500000) (1024K)]
  0x0000020e2ac33810 JavaThread "Attach Listener"            daemon [_thread_blocked, id=264, stack(0x000000bef0500000,0x000000bef0600000) (1024K)]
  0x0000020e2ac3c5d0 JavaThread "Service Thread"             daemon [_thread_blocked, id=7824, stack(0x000000bef0600000,0x000000bef0700000) (1024K)]
  0x0000020e2ac41570 JavaThread "Monitor Deflation Thread"   daemon [_thread_blocked, id=4964, stack(0x000000bef0700000,0x000000bef0800000) (1024K)]
  0x0000020e2ac49180 JavaThread "C2 CompilerThread0"         daemon [_thread_blocked, id=240, stack(0x000000bef0800000,0x000000bef0900000) (1024K)]
  0x0000020e2ac4d840 JavaThread "C1 CompilerThread0"         daemon [_thread_blocked, id=5144, stack(0x000000bef0900000,0x000000bef0a00000) (1024K)]
  0x0000020e2ac41c00 JavaThread "Notification Thread"        daemon [_thread_blocked, id=8420, stack(0x000000bef0a00000,0x000000bef0b00000) (1024K)]
  0x0000020e2ac42920 JavaThread "Common-Cleaner"             daemon [_thread_blocked, id=2928, stack(0x000000bef0b00000,0x000000bef0c00000) (1024K)]
  0x0000020e2ac40ee0 JavaThread "Thread-1"                   daemon [_thread_blocked, id=7640, stack(0x000000bef0c00000,0x000000bef0d00000) (1024K)]
Total: 12

Other Threads:
=>0x0000020e100690c0 VMThread "VM Thread"                           [id=11376, stack(0x000000bef0100000,0x000000bef0200000) (1024K)]
  0x0000020e10057a30 WatcherThread "VM Periodic Task Thread"        [id=640, stack(0x000000bef0000000,0x000000bef0100000) (1024K)]
  0x0000020e0ffde890 WorkerThread "GC Thread#0"                     [id=11252, stack(0x000000beefb00000,0x000000beefc00000) (1024K)]
  0x0000020e70aa78a0 WorkerThread "GC Thread#1"                     [id=7356, stack(0x000000bef0d00000,0x000000bef0e00000) (1024K)]
  0x0000020e70ab9bb0 WorkerThread "GC Thread#2"                     [id=7304, stack(0x000000bef0e00000,0x000000bef0f00000) (1024K)]
  0x0000020e70ab9f50 WorkerThread "GC Thread#3"                     [id=12172, stack(0x000000bef0f00000,0x000000bef1000000) (1024K)]
  0x0000020e0ffe9060 ConcurrentGCThread "G1 Main Marker"            [id=9184, stack(0x000000beefc00000,0x000000beefd00000) (1024K)]
  0x0000020e0ffe9a70 WorkerThread "G1 Conc#0"                       [id=2064, stack(0x000000beefd00000,0x000000beefe00000) (1024K)]
  0x0000020e10042580 ConcurrentGCThread "G1 Refine#0"               [id=9828, stack(0x000000beefe00000,0x000000beeff00000) (1024K)]
  0x0000020e10047010 ConcurrentGCThread "G1 Service"                [id=10192, stack(0x000000beeff00000,0x000000bef0000000) (1024K)]
Total: 10

Threads with active compile tasks:
C2 CompilerThread0    16235 9728   !   4       java.nio.file.FileTreeWalker::next (144 bytes)
Total: 1

VM state: at safepoint (normal execution)

VM Mutex/Monitor currently owned by a thread:  ([mutex/lock_event])
[0x00007ffc13febe98] Threads_lock - owner thread: 0x0000020e100690c0
[0x00007ffc13febf98] Heap_lock - owner thread: 0x0000020e0dd4a170

Heap address: 0x00000000c1a00000, size: 998 MB, Compressed Oops mode: 32-bit

CDS archive(s) mapped at: [0x0000020e2b000000-0x0000020e2bc90000-0x0000020e2bc90000), size 13172736, SharedBaseAddress: 0x0000020e2b000000, ArchiveRelocationMode: 1.
Compressed class space mapped at: 0x0000020e2c000000-0x0000020e6c000000, reserved size: 1073741824
Narrow klass base: 0x0000020e2b000000, Narrow klass shift: 0, Narrow klass range: 0x100000000

GC Precious Log:
 CardTable entry size: 512
 Card Set container configuration: InlinePtr #cards 5 size 8 Array Of Cards #cards 12 size 40 Howl #buckets 4 coarsen threshold 1843 Howl Bitmap #cards 512 size 80 coarsen threshold 460 Card regions per heap region 1 cards per card region 2048
 CPUs: 4 total, 4 available
 Memory: 3986M
 Large Page Support: Disabled
 NUMA Support: Disabled
 Compressed Oops: Enabled (32-bit)
 Heap Region Size: 1M
 Heap Min Capacity: 8M
 Heap Initial Capacity: 64M
 Heap Max Capacity: 998M
 Pre-touch: Disabled
 Parallel Workers: 4
 Concurrent Workers: 1
 Concurrent Refinement Workers: 4
 Periodic GC: Disabled

Heap:
 garbage-first heap   total 124928K, used 68608K [0x00000000c1a00000, 0x0000000100000000)
  region size 1024K, 4 young (4096K), 4 survivors (4096K)
 Metaspace       used 33227K, committed 33728K, reserved 1114112K
  class space    used 3618K, committed 3840K, reserved 1048576K

Heap Regions: E=young(eden), S=young(survivor), O=old, HS=humongous(starts), HC=humongous(continues), CS=collection set, F=free, TAMS=top-at-mark-start, PB=parsable bottom
|   0|0x00000000c1a00000, 0x00000000c1b00000, 0x00000000c1b00000|100%| O|  |TAMS 0x00000000c1a00000| PB 0x00000000c1a00000| Untracked 
|   1|0x00000000c1b00000, 0x00000000c1c00000, 0x00000000c1c00000|100%| O|  |TAMS 0x00000000c1b00000| PB 0x00000000c1b00000| Untracked 
|   2|0x00000000c1c00000, 0x00000000c1d00000, 0x00000000c1d00000|100%| O|  |TAMS 0x00000000c1c00000| PB 0x00000000c1c00000| Untracked 
|   3|0x00000000c1d00000, 0x00000000c1e00000, 0x00000000c1e00000|100%| O|  |TAMS 0x00000000c1d00000| PB 0x00000000c1d00000| Untracked 
|   4|0x00000000c1e00000, 0x00000000c1f00000, 0x00000000c1f00000|100%| O|  |TAMS 0x00000000c1e00000| PB 0x00000000c1e00000| Untracked 
|   5|0x00000000c1f00000, 0x00000000c2000000, 0x00000000c2000000|100%| O|  |TAMS 0x00000000c1f00000| PB 0x00000000c1f00000| Untracked 
|   6|0x00000000c2000000, 0x00000000c2100000, 0x00000000c2100000|100%| O|  |TAMS 0x00000000c2000000| PB 0x00000000c2000000| Untracked 
|   7|0x00000000c2100000, 0x00000000c2200000, 0x00000000c2200000|100%| O|  |TAMS 0x00000000c2100000| PB 0x00000000c2100000| Untracked 
|   8|0x00000000c2200000, 0x00000000c2300000, 0x00000000c2300000|100%| O|  |TAMS 0x00000000c2200000| PB 0x00000000c2200000| Untracked 
|   9|0x00000000c2300000, 0x00000000c2400000, 0x00000000c2400000|100%| O|  |TAMS 0x00000000c2300000| PB 0x00000000c2300000| Untracked 
|  10|0x00000000c2400000, 0x00000000c2500000, 0x00000000c2500000|100%| O|  |TAMS 0x00000000c2400000| PB 0x00000000c2400000| Untracked 
|  11|0x00000000c2500000, 0x00000000c2600000, 0x00000000c2600000|100%| O|  |TAMS 0x00000000c2500000| PB 0x00000000c2500000| Untracked 
|  12|0x00000000c2600000, 0x00000000c2600000, 0x00000000c2700000|  0%| F|  |TAMS 0x00000000c2600000| PB 0x00000000c2600000| Untracked 
|  13|0x00000000c2700000, 0x00000000c2800000, 0x00000000c2800000|100%| O|  |TAMS 0x00000000c2700000| PB 0x00000000c2700000| Untracked 
|  14|0x00000000c2800000, 0x00000000c2900000, 0x00000000c2900000|100%| O|  |TAMS 0x00000000c2800000| PB 0x00000000c2800000| Untracked 
|  15|0x00000000c2900000, 0x00000000c2a00000, 0x00000000c2a00000|100%| O|  |TAMS 0x00000000c2900000| PB 0x00000000c2900000| Untracked 
|  16|0x00000000c2a00000, 0x00000000c2b00000, 0x00000000c2b00000|100%| O|  |TAMS 0x00000000c2a00000| PB 0x00000000c2a00000| Untracked 
|  17|0x00000000c2b00000, 0x00000000c2c00000, 0x00000000c2c00000|100%|HS|  |TAMS 0x00000000c2b00000| PB 0x00000000c2b00000| Complete 
|  18|0x00000000c2c00000, 0x00000000c2d00000, 0x00000000c2d00000|100%| O|  |TAMS 0x00000000c2c00000| PB 0x00000000c2c00000| Untracked 
|  19|0x00000000c2d00000, 0x00000000c2d00000, 0x00000000c2e00000|  0%| F|  |TAMS 0x00000000c2d00000| PB 0x00000000c2d00000| Untracked 
|  20|0x00000000c2e00000, 0x00000000c2e00000, 0x00000000c2f00000|  0%| F|  |TAMS 0x00000000c2e00000| PB 0x00000000c2e00000| Untracked 
|  21|0x00000000c2f00000, 0x00000000c2f00000, 0x00000000c3000000|  0%| F|  |TAMS 0x00000000c2f00000| PB 0x00000000c2f00000| Untracked 
|  22|0x00000000c3000000, 0x00000000c3100000, 0x00000000c3100000|100%| O|  |TAMS 0x00000000c3000000| PB 0x00000000c3000000| Untracked 
|  23|0x00000000c3100000, 0x00000000c3100000, 0x00000000c3200000|  0%| F|  |TAMS 0x00000000c3100000| PB 0x00000000c3100000| Untracked 
|  24|0x00000000c3200000, 0x00000000c3300000, 0x00000000c3300000|100%|HS|  |TAMS 0x00000000c3200000| PB 0x00000000c3200000| Complete 
|  25|0x00000000c3300000, 0x00000000c3400000, 0x00000000c3400000|100%| O|  |TAMS 0x00000000c3300000| PB 0x00000000c3300000| Untracked 
|  26|0x00000000c3400000, 0x00000000c3500000, 0x00000000c3500000|100%| O|  |TAMS 0x00000000c3400000| PB 0x00000000c3400000| Untracked 
|  27|0x00000000c3500000, 0x00000000c3600000, 0x00000000c3600000|100%| O|  |TAMS 0x00000000c3500000| PB 0x00000000c3500000| Untracked 
|  28|0x00000000c3600000, 0x00000000c3600000, 0x00000000c3700000|  0%| F|  |TAMS 0x00000000c3600000| PB 0x00000000c3600000| Untracked 
|  29|0x00000000c3700000, 0x00000000c3700000, 0x00000000c3800000|  0%| F|  |TAMS 0x00000000c3700000| PB 0x00000000c3700000| Untracked 
|  30|0x00000000c3800000, 0x00000000c3800000, 0x00000000c3900000|  0%| F|  |TAMS 0x00000000c3800000| PB 0x00000000c3800000| Untracked 
|  31|0x00000000c3900000, 0x00000000c3a00000, 0x00000000c3a00000|100%| O|  |TAMS 0x00000000c3900000| PB 0x00000000c3900000| Untracked 
|  32|0x00000000c3a00000, 0x00000000c3b00000, 0x00000000c3b00000|100%| O|  |TAMS 0x00000000c3a00000| PB 0x00000000c3a00000| Untracked 
|  33|0x00000000c3b00000, 0x00000000c3c00000, 0x00000000c3c00000|100%| O|  |TAMS 0x00000000c3b00000| PB 0x00000000c3b00000| Untracked 
|  34|0x00000000c3c00000, 0x00000000c3c00000, 0x00000000c3d00000|  0%| F|  |TAMS 0x00000000c3c00000| PB 0x00000000c3c00000| Untracked 
|  35|0x00000000c3d00000, 0x00000000c3e00000, 0x00000000c3e00000|100%| O|  |TAMS 0x00000000c3d00000| PB 0x00000000c3d00000| Untracked 
|  36|0x00000000c3e00000, 0x00000000c3e00000, 0x00000000c3f00000|  0%| F|  |TAMS 0x00000000c3e00000| PB 0x00000000c3e00000| Untracked 
|  37|0x00000000c3f00000, 0x00000000c3f00000, 0x00000000c4000000|  0%| F|  |TAMS 0x00000000c3f00000| PB 0x00000000c3f00000| Untracked 
|  38|0x00000000c4000000, 0x00000000c4000000, 0x00000000c4100000|  0%| F|  |TAMS 0x00000000c4000000| PB 0x00000000c4000000| Untracked 
|  39|0x00000000c4100000, 0x00000000c4200000, 0x00000000c4200000|100%| O|  |TAMS 0x00000000c4100000| PB 0x00000000c4100000| Untracked 
|  40|0x00000000c4200000, 0x00000000c4200000, 0x00000000c4300000|  0%| F|  |TAMS 0x00000000c4200000| PB 0x00000000c4200000| Untracked 
|  41|0x00000000c4300000, 0x00000000c4400000, 0x00000000c4400000|100%| O|  |TAMS 0x00000000c4300000| PB 0x00000000c4300000| Untracked 
|  42|0x00000000c4400000, 0x00000000c4500000, 0x00000000c4500000|100%| O|  |TAMS 0x00000000c4400000| PB 0x00000000c4400000| Untracked 
|  43|0x00000000c4500000, 0x00000000c4600000, 0x00000000c4600000|100%| O|  |TAMS 0x00000000c4500000| PB 0x00000000c4500000| Untracked 
|  44|0x00000000c4600000, 0x00000000c4700000, 0x00000000c4700000|100%| O|  |TAMS 0x00000000c4600000| PB 0x00000000c4600000| Untracked 
|  45|0x00000000c4700000, 0x00000000c4800000, 0x00000000c4800000|100%| O|  |TAMS 0x00000000c4700000| PB 0x00000000c4700000| Untracked 
|  46|0x00000000c4800000, 0x00000000c4900000, 0x00000000c4900000|100%| O|  |TAMS 0x00000000c4800000| PB 0x00000000c4800000| Untracked 
|  47|0x00000000c4900000, 0x00000000c4a00000, 0x00000000c4a00000|100%| O|  |TAMS 0x00000000c4900000| PB 0x00000000c4900000| Untracked 
|  48|0x00000000c4a00000, 0x00000000c4b00000, 0x00000000c4b00000|100%| O|  |TAMS 0x00000000c4a00000| PB 0x00000000c4a00000| Untracked 
|  49|0x00000000c4b00000, 0x00000000c4c00000, 0x00000000c4c00000|100%| O|  |TAMS 0x00000000c4b00000| PB 0x00000000c4b00000| Untracked 
|  50|0x00000000c4c00000, 0x00000000c4d00000, 0x00000000c4d00000|100%| O|  |TAMS 0x00000000c4c00000| PB 0x00000000c4c00000| Untracked 
|  51|0x00000000c4d00000, 0x00000000c4e00000, 0x00000000c4e00000|100%|HS|  |TAMS 0x00000000c4d00000| PB 0x00000000c4d00000| Complete 
|  52|0x00000000c4e00000, 0x00000000c4f00000, 0x00000000c4f00000|100%|HC|  |TAMS 0x00000000c4e00000| PB 0x00000000c4e00000| Complete 
|  53|0x00000000c4f00000, 0x00000000c5000000, 0x00000000c5000000|100%|HC|  |TAMS 0x00000000c4f00000| PB 0x00000000c4f00000| Complete 
|  54|0x00000000c5000000, 0x00000000c5100000, 0x00000000c5100000|100%| O|  |TAMS 0x00000000c5000000| PB 0x00000000c5000000| Untracked 
|  55|0x00000000c5100000, 0x00000000c5200000, 0x00000000c5200000|100%|HS|  |TAMS 0x00000000c5100000| PB 0x00000000c5100000| Complete 
|  56|0x00000000c5200000, 0x00000000c5300000, 0x00000000c5300000|100%| O|  |TAMS 0x00000000c5200000| PB 0x00000000c5200000| Untracked 
|  57|0x00000000c5300000, 0x00000000c5400000, 0x00000000c5400000|100%| O|  |TAMS 0x00000000c5300000| PB 0x00000000c5300000| Untracked 
|  58|0x00000000c5400000, 0x00000000c5500000, 0x00000000c5500000|100%| O|  |TAMS 0x00000000c5400000| PB 0x00000000c5400000| Untracked 
|  59|0x00000000c5500000, 0x00000000c5600000, 0x00000000c5600000|100%| O|  |TAMS 0x00000000c5500000| PB 0x00000000c5500000| Untracked 
|  60|0x00000000c5600000, 0x00000000c5700000, 0x00000000c5700000|100%| O|  |TAMS 0x00000000c5600000| PB 0x00000000c5600000| Untracked 
|  61|0x00000000c5700000, 0x00000000c5800000, 0x00000000c5800000|100%| O|  |TAMS 0x00000000c5700000| PB 0x00000000c5700000| Untracked 
|  62|0x00000000c5800000, 0x00000000c5900000, 0x00000000c5900000|100%| O|  |TAMS 0x00000000c5800000| PB 0x00000000c5800000| Untracked 
|  63|0x00000000c5900000, 0x00000000c5a00000, 0x00000000c5a00000|100%| O|  |TAMS 0x00000000c5900000| PB 0x00000000c5900000| Untracked 
|  64|0x00000000c5a00000, 0x00000000c5b00000, 0x00000000c5b00000|100%| O|  |TAMS 0x00000000c5a00000| PB 0x00000000c5a00000| Untracked 
|  65|0x00000000c5b00000, 0x00000000c5c00000, 0x00000000c5c00000|100%| O|  |TAMS 0x00000000c5b00000| PB 0x00000000c5b00000| Untracked 
|  66|0x00000000c5c00000, 0x00000000c5d00000, 0x00000000c5d00000|100%| O|  |TAMS 0x00000000c5c00000| PB 0x00000000c5c00000| Untracked 
|  67|0x00000000c5d00000, 0x00000000c5e00000, 0x00000000c5e00000|100%| O|  |TAMS 0x00000000c5d00000| PB 0x00000000c5d00000| Untracked 
|  68|0x00000000c5e00000, 0x00000000c5f00000, 0x00000000c5f00000|100%| O|  |TAMS 0x00000000c5e00000| PB 0x00000000c5e00000| Untracked 
|  69|0x00000000c5f00000, 0x00000000c6000000, 0x00000000c6000000|100%| O|  |TAMS 0x00000000c5f00000| PB 0x00000000c5f00000| Untracked 
|  70|0x00000000c6000000, 0x00000000c6100000, 0x00000000c6100000|100%| O|  |TAMS 0x00000000c6000000| PB 0x00000000c6000000| Untracked 
|  71|0x00000000c6100000, 0x00000000c6200000, 0x00000000c6200000|100%| O|  |TAMS 0x00000000c6100000| PB 0x00000000c6100000| Untracked 
|  72|0x00000000c6200000, 0x00000000c6300000, 0x00000000c6300000|100%| O|  |TAMS 0x00000000c6200000| PB 0x00000000c6200000| Untracked 
|  73|0x00000000c6300000, 0x00000000c6400000, 0x00000000c6400000|100%| O|  |TAMS 0x00000000c6300000| PB 0x00000000c6300000| Untracked 
|  74|0x00000000c6400000, 0x00000000c6500000, 0x00000000c6500000|100%| O|  |TAMS 0x00000000c6400000| PB 0x00000000c6400000| Untracked 
|  75|0x00000000c6500000, 0x00000000c6500000, 0x00000000c6600000|  0%| F|  |TAMS 0x00000000c6500000| PB 0x00000000c6500000| Untracked 
|  76|0x00000000c6600000, 0x00000000c6600000, 0x00000000c6700000|  0%| F|  |TAMS 0x00000000c6600000| PB 0x00000000c6600000| Untracked 
|  77|0x00000000c6700000, 0x00000000c6700000, 0x00000000c6800000|  0%| F|  |TAMS 0x00000000c6700000| PB 0x00000000c6700000| Untracked 
|  78|0x00000000c6800000, 0x00000000c6800000, 0x00000000c6900000|  0%| F|  |TAMS 0x00000000c6800000| PB 0x00000000c6800000| Untracked 
|  79|0x00000000c6900000, 0x00000000c6900000, 0x00000000c6a00000|  0%| F|  |TAMS 0x00000000c6900000| PB 0x00000000c6900000| Untracked 
|  80|0x00000000c6a00000, 0x00000000c6a00000, 0x00000000c6b00000|  0%| F|  |TAMS 0x00000000c6a00000| PB 0x00000000c6a00000| Untracked 
|  81|0x00000000c6b00000, 0x00000000c6b00000, 0x00000000c6c00000|  0%| F|  |TAMS 0x00000000c6b00000| PB 0x00000000c6b00000| Untracked 
|  82|0x00000000c6c00000, 0x00000000c6c00000, 0x00000000c6d00000|  0%| F|  |TAMS 0x00000000c6c00000| PB 0x00000000c6c00000| Untracked 
|  83|0x00000000c6d00000, 0x00000000c6d00000, 0x00000000c6e00000|  0%| F|  |TAMS 0x00000000c6d00000| PB 0x00000000c6d00000| Untracked 
|  84|0x00000000c6e00000, 0x00000000c6e00000, 0x00000000c6f00000|  0%| F|  |TAMS 0x00000000c6e00000| PB 0x00000000c6e00000| Untracked 
|  85|0x00000000c6f00000, 0x00000000c6f00000, 0x00000000c7000000|  0%| F|  |TAMS 0x00000000c6f00000| PB 0x00000000c6f00000| Untracked 
|  86|0x00000000c7000000, 0x00000000c7000000, 0x00000000c7100000|  0%| F|  |TAMS 0x00000000c7000000| PB 0x00000000c7000000| Untracked 
|  87|0x00000000c7100000, 0x00000000c7100000, 0x00000000c7200000|  0%| F|  |TAMS 0x00000000c7100000| PB 0x00000000c7100000| Untracked 
|  88|0x00000000c7200000, 0x00000000c7200000, 0x00000000c7300000|  0%| F|  |TAMS 0x00000000c7200000| PB 0x00000000c7200000| Untracked 
|  89|0x00000000c7300000, 0x00000000c7300000, 0x00000000c7400000|  0%| F|  |TAMS 0x00000000c7300000| PB 0x00000000c7300000| Untracked 
|  90|0x00000000c7400000, 0x00000000c7400000, 0x00000000c7500000|  0%| F|  |TAMS 0x00000000c7400000| PB 0x00000000c7400000| Untracked 
|  91|0x00000000c7500000, 0x00000000c7600000, 0x00000000c7600000|100%| S|CS|TAMS 0x00000000c7500000| PB 0x00000000c7500000| Complete 
|  92|0x00000000c7600000, 0x00000000c7700000, 0x00000000c7700000|100%| S|CS|TAMS 0x00000000c7600000| PB 0x00000000c7600000| Complete 
|  93|0x00000000c7700000, 0x00000000c7800000, 0x00000000c7800000|100%| S|CS|TAMS 0x00000000c7700000| PB 0x00000000c7700000| Complete 
|  94|0x00000000c7800000, 0x00000000c7900000, 0x00000000c7900000|100%| S|CS|TAMS 0x00000000c7800000| PB 0x00000000c7800000| Complete 
|  95|0x00000000c7900000, 0x00000000c7900000, 0x00000000c7a00000|  0%| F|  |TAMS 0x00000000c7900000| PB 0x00000000c7900000| Untracked 
|  96|0x00000000c7a00000, 0x00000000c7a00000, 0x00000000c7b00000|  0%| F|  |TAMS 0x00000000c7a00000| PB 0x00000000c7a00000| Untracked 
|  97|0x00000000c7b00000, 0x00000000c7b00000, 0x00000000c7c00000|  0%| F|  |TAMS 0x00000000c7b00000| PB 0x00000000c7b00000| Untracked 
|  98|0x00000000c7c00000, 0x00000000c7c00000, 0x00000000c7d00000|  0%| F|  |TAMS 0x00000000c7c00000| PB 0x00000000c7c00000| Untracked 
|  99|0x00000000c7d00000, 0x00000000c7d00000, 0x00000000c7e00000|  0%| F|  |TAMS 0x00000000c7d00000| PB 0x00000000c7d00000| Untracked 
| 100|0x00000000c7e00000, 0x00000000c7e00000, 0x00000000c7f00000|  0%| F|  |TAMS 0x00000000c7e00000| PB 0x00000000c7e00000| Untracked 
| 101|0x00000000c7f00000, 0x00000000c7f00000, 0x00000000c8000000|  0%| F|  |TAMS 0x00000000c7f00000| PB 0x00000000c7f00000| Untracked 
| 102|0x00000000c8000000, 0x00000000c8000000, 0x00000000c8100000|  0%| F|  |TAMS 0x00000000c8000000| PB 0x00000000c8000000| Untracked 
| 103|0x00000000c8100000, 0x00000000c8100000, 0x00000000c8200000|  0%| F|  |TAMS 0x00000000c8100000| PB 0x00000000c8100000| Untracked 
| 104|0x00000000c8200000, 0x00000000c8200000, 0x00000000c8300000|  0%| F|  |TAMS 0x00000000c8200000| PB 0x00000000c8200000| Untracked 
| 105|0x00000000c8300000, 0x00000000c8300000, 0x00000000c8400000|  0%| F|  |TAMS 0x00000000c8300000| PB 0x00000000c8300000| Untracked 
| 106|0x00000000c8400000, 0x00000000c8400000, 0x00000000c8500000|  0%| F|  |TAMS 0x00000000c8400000| PB 0x00000000c8400000| Untracked 
| 107|0x00000000c8500000, 0x00000000c8500000, 0x00000000c8600000|  0%| F|  |TAMS 0x00000000c8500000| PB 0x00000000c8500000| Untracked 
| 108|0x00000000c8600000, 0x00000000c8600000, 0x00000000c8700000|  0%| F|  |TAMS 0x00000000c8600000| PB 0x00000000c8600000| Untracked 
| 109|0x00000000c8700000, 0x00000000c8700000, 0x00000000c8800000|  0%| F|  |TAMS 0x00000000c8700000| PB 0x00000000c8700000| Untracked 
| 110|0x00000000c8800000, 0x00000000c8800000, 0x00000000c8900000|  0%| F|  |TAMS 0x00000000c8800000| PB 0x00000000c8800000| Untracked 
| 111|0x00000000c8900000, 0x00000000c8900000, 0x00000000c8a00000|  0%| F|  |TAMS 0x00000000c8900000| PB 0x00000000c8900000| Untracked 
| 112|0x00000000c8a00000, 0x00000000c8a00000, 0x00000000c8b00000|  0%| F|  |TAMS 0x00000000c8a00000| PB 0x00000000c8a00000| Untracked 
| 113|0x00000000c8b00000, 0x00000000c8b00000, 0x00000000c8c00000|  0%| F|  |TAMS 0x00000000c8b00000| PB 0x00000000c8b00000| Untracked 
| 114|0x00000000c8c00000, 0x00000000c8c00000, 0x00000000c8d00000|  0%| F|  |TAMS 0x00000000c8c00000| PB 0x00000000c8c00000| Untracked 
| 115|0x00000000c8d00000, 0x00000000c8d00000, 0x00000000c8e00000|  0%| F|  |TAMS 0x00000000c8d00000| PB 0x00000000c8d00000| Untracked 
| 116|0x00000000c8e00000, 0x00000000c8e00000, 0x00000000c8f00000|  0%| F|  |TAMS 0x00000000c8e00000| PB 0x00000000c8e00000| Untracked 
| 117|0x00000000c8f00000, 0x00000000c8f00000, 0x00000000c9000000|  0%| F|  |TAMS 0x00000000c8f00000| PB 0x00000000c8f00000| Untracked 
| 118|0x00000000c9000000, 0x00000000c9000000, 0x00000000c9100000|  0%| F|  |TAMS 0x00000000c9000000| PB 0x00000000c9000000| Untracked 
| 119|0x00000000c9100000, 0x00000000c9100000, 0x00000000c9200000|  0%| F|  |TAMS 0x00000000c9100000| PB 0x00000000c9100000| Untracked 
| 120|0x00000000c9200000, 0x00000000c9200000, 0x00000000c9300000|  0%| F|  |TAMS 0x00000000c9200000| PB 0x00000000c9200000| Untracked 
| 997|0x00000000fff00000, 0x0000000100000000, 0x0000000100000000|100%| O|  |TAMS 0x00000000fff00000| PB 0x00000000fff00000| Untracked 

Card table byte_map: [0x0000020e27630000,0x0000020e27830000] _byte_map_base: 0x0000020e27023000

Marking Bits: (CMBitMap*) 0x0000020e0ffdeea0
 Bits: [0x0000020e27830000, 0x0000020e287c8000)

Polling page: 0x0000020e0df00000

Metaspace:

Usage:
  Non-class:     28.92 MB used.
      Class:      3.53 MB used.
       Both:     32.45 MB used.

Virtual space:
  Non-class space:       64.00 MB reserved,      29.19 MB ( 46%) committed,  1 nodes.
      Class space:        1.00 GB reserved,       3.75 MB ( <1%) committed,  1 nodes.
             Both:        1.06 GB reserved,      32.94 MB (  3%) committed. 

Chunk freelists:
   Non-Class:  2.77 MB
       Class:  12.21 MB
        Both:  14.97 MB

MaxMetaspaceSize: unlimited
CompressedClassSpaceSize: 1.00 GB
Initial GC threshold: 21.00 MB
Current GC threshold: 54.94 MB
CDS: on
 - commit_granule_bytes: 65536.
 - commit_granule_words: 8192.
 - virtual_space_node_default_size: 8388608.
 - enlarge_chunks_in_place: 1.
 - use_allocation_guard: 0.


Internal statistics:

num_allocs_failed_limit: 9.
num_arena_births: 610.
num_arena_deaths: 0.
num_vsnodes_births: 2.
num_vsnodes_deaths: 0.
num_space_committed: 527.
num_space_uncommitted: 0.
num_chunks_returned_to_freelist: 9.
num_chunks_taken_from_freelist: 1915.
num_chunk_merges: 9.
num_chunk_splits: 1315.
num_chunks_enlarged: 930.
num_inconsistent_stats: 0.

CodeHeap 'non-profiled nmethods': size=120000Kb used=3377Kb max_used=3431Kb free=116622Kb
 bounds [0x0000020e1ff00000, 0x0000020e20260000, 0x0000020e27430000]
CodeHeap 'profiled nmethods': size=120000Kb used=18494Kb max_used=18803Kb free=101505Kb
 bounds [0x0000020e18430000, 0x0000020e19690000, 0x0000020e1f960000]
CodeHeap 'non-nmethods': size=5760Kb used=1471Kb max_used=1558Kb free=4289Kb
 bounds [0x0000020e1f960000, 0x0000020e1fbd0000, 0x0000020e1ff00000]
 total_blobs=8848 nmethods=8297 adapters=455
 compilation: enabled
              stopped_count=0, restarted_count=0
 full_count=0

Compilation events (20 events):
Event: 16.136 Thread 0x0000020e2ac4d840 9749       2       java.nio.file.Files::newByteChannel (36 bytes)
Event: 16.137 Thread 0x0000020e2ac4d840 nmethod 9749 0x0000020e18a71790 code [0x0000020e18a71980, 0x0000020e18a71d40]
Event: 16.137 Thread 0x0000020e2ac4d840 9750       2       java.nio.file.Files::newByteChannel (11 bytes)
Event: 16.137 Thread 0x0000020e2ac4d840 nmethod 9750 0x0000020e1878a810 code [0x0000020e1878a9c0, 0x0000020e1878ab58]
Event: 16.145 Thread 0x0000020e2ac4d840 9751       3       com.sun.tools.javac.file.JavacFileManager$$Lambda/0x0000020e2c31eb80::<init> (10 bytes)
Event: 16.145 Thread 0x0000020e2ac4d840 nmethod 9751 0x0000020e18660810 code [0x0000020e186609a0, 0x0000020e18660b58]
Event: 16.145 Thread 0x0000020e2ac4d840 9752       3       com.sun.tools.javac.file.JavacFileManager$$Lambda/0x0000020e2c31eb80::apply (12 bytes)
Event: 16.145 Thread 0x0000020e2ac4d840 nmethod 9752 0x0000020e1869b410 code [0x0000020e1869b5c0, 0x0000020e1869b8c0]
Event: 16.147 Thread 0x0000020e2ac4d840 9753       3       java.util.ComparableTimSort::countRunAndMakeAscending (123 bytes)
Event: 16.147 Thread 0x0000020e2ac4d840 nmethod 9753 0x0000020e18faef90 code [0x0000020e18faf1c0, 0x0000020e18fafc08]
Event: 16.147 Thread 0x0000020e2ac4d840 9754       3       java.util.ComparableTimSort::binarySort (223 bytes)
Event: 16.148 Thread 0x0000020e2ac4d840 nmethod 9754 0x0000020e19228810 code [0x0000020e19228a40, 0x0000020e19229620]
Event: 16.148 Thread 0x0000020e2ac4d840 9757       3       java.util.ComparableTimSort::sort (219 bytes)
Event: 16.148 Thread 0x0000020e2ac4d840 nmethod 9757 0x0000020e19258e90 code [0x0000020e192590e0, 0x0000020e19259798]
Event: 16.148 Thread 0x0000020e2ac4d840 9755       3       java.util.ArrayList::sort (45 bytes)
Event: 16.148 Thread 0x0000020e2ac4d840 nmethod 9755 0x0000020e18612e90 code [0x0000020e18613040, 0x0000020e186132c8]
Event: 16.148 Thread 0x0000020e2ac4d840 9756       3       com.sun.tools.javac.file.JavacFileManager$$Lambda/0x0000020e2c31edb8::accept (8 bytes)
Event: 16.149 Thread 0x0000020e2ac4d840 nmethod 9756 0x0000020e187ab310 code [0x0000020e187ab4e0, 0x0000020e187ab888]
Event: 16.149 Thread 0x0000020e2ac4d840 9758       3       java.util.Arrays::sort (32 bytes)
Event: 16.149 Thread 0x0000020e2ac4d840 nmethod 9758 0x0000020e187cba90 code [0x0000020e187cbc40, 0x0000020e187cbde8]

GC Heap History (20 events):
Event: 10.137 GC heap after
{Heap after GC invocations=14 (full 0):
 garbage-first heap   total 86016K, used 49514K [0x00000000c1a00000, 0x0000000100000000)
  region size 1024K, 3 young (3072K), 3 survivors (3072K)
 Metaspace       used 27663K, committed 27968K, reserved 1114112K
  class space    used 3055K, committed 3200K, reserved 1048576K
}
Event: 10.878 GC heap before
{Heap before GC invocations=14 (full 0):
 garbage-first heap   total 86016K, used 68970K [0x00000000c1a00000, 0x0000000100000000)
  region size 1024K, 23 young (23552K), 3 survivors (3072K)
 Metaspace       used 28860K, committed 29248K, reserved 1114112K
  class space    used 3187K, committed 3328K, reserved 1048576K
}
Event: 10.890 GC heap after
{Heap after GC invocations=15 (full 0):
 garbage-first heap   total 86016K, used 49967K [0x00000000c1a00000, 0x0000000100000000)
  region size 1024K, 1 young (1024K), 1 survivors (1024K)
 Metaspace       used 28860K, committed 29248K, reserved 1114112K
  class space    used 3187K, committed 3328K, reserved 1048576K
}
Event: 11.253 GC heap before
{Heap before GC invocations=15 (full 0):
 garbage-first heap   total 86016K, used 70447K [0x00000000c1a00000, 0x0000000100000000)
  region size 1024K, 22 young (22528K), 1 survivors (1024K)
 Metaspace       used 29899K, committed 30336K, reserved 1114112K
  class space    used 3320K, committed 3520K, reserved 1048576K
}
Event: 11.256 GC heap after
{Heap after GC invocations=16 (full 0):
 garbage-first heap   total 107520K, used 50323K [0x00000000c1a00000, 0x0000000100000000)
  region size 1024K, 2 young (2048K), 2 survivors (2048K)
 Metaspace       used 29899K, committed 30336K, reserved 1114112K
  class space    used 3320K, committed 3520K, reserved 1048576K
}
Event: 11.897 GC heap before
{Heap before GC invocations=17 (full 0):
 garbage-first heap   total 107520K, used 86163K [0x00000000c1a00000, 0x0000000100000000)
  region size 1024K, 37 young (37888K), 2 survivors (2048K)
 Metaspace       used 30505K, committed 30976K, reserved 1114112K
  class space    used 3368K, committed 3584K, reserved 1048576K
}
Event: 11.906 GC heap after
{Heap after GC invocations=18 (full 0):
 garbage-first heap   total 107520K, used 52015K [0x00000000c1a00000, 0x0000000100000000)
  region size 1024K, 3 young (3072K), 3 survivors (3072K)
 Metaspace       used 30505K, committed 30976K, reserved 1114112K
  class space    used 3368K, committed 3584K, reserved 1048576K
}
Event: 12.274 GC heap before
{Heap before GC invocations=18 (full 0):
 garbage-first heap   total 107520K, used 89903K [0x00000000c1a00000, 0x0000000100000000)
  region size 1024K, 40 young (40960K), 3 survivors (3072K)
 Metaspace       used 30674K, committed 31104K, reserved 1114112K
  class space    used 3379K, committed 3584K, reserved 1048576K
}
Event: 12.294 GC heap after
{Heap after GC invocations=19 (full 0):
 garbage-first heap   total 107520K, used 53076K [0x00000000c1a00000, 0x0000000100000000)
  region size 1024K, 4 young (4096K), 4 survivors (4096K)
 Metaspace       used 30674K, committed 31104K, reserved 1114112K
  class space    used 3379K, committed 3584K, reserved 1048576K
}
Event: 12.640 GC heap before
{Heap before GC invocations=19 (full 0):
 garbage-first heap   total 107520K, used 91988K [0x00000000c1a00000, 0x0000000100000000)
  region size 1024K, 42 young (43008K), 4 survivors (4096K)
 Metaspace       used 30746K, committed 31232K, reserved 1114112K
  class space    used 3379K, committed 3584K, reserved 1048576K
}
Event: 12.653 GC heap after
{Heap after GC invocations=20 (full 0):
 garbage-first heap   total 107520K, used 52798K [0x00000000c1a00000, 0x0000000100000000)
  region size 1024K, 2 young (2048K), 2 survivors (2048K)
 Metaspace       used 30746K, committed 31232K, reserved 1114112K
  class space    used 3379K, committed 3584K, reserved 1048576K
}
Event: 13.434 GC heap before
{Heap before GC invocations=21 (full 0):
 garbage-first heap   total 107520K, used 93758K [0x00000000c1a00000, 0x0000000100000000)
  region size 1024K, 42 young (43008K), 2 survivors (2048K)
 Metaspace       used 32137K, committed 32704K, reserved 1114112K
  class space    used 3550K, committed 3776K, reserved 1048576K
}
Event: 13.447 GC heap after
{Heap after GC invocations=22 (full 0):
 garbage-first heap   total 107520K, used 53952K [0x00000000c1a00000, 0x0000000100000000)
  region size 1024K, 3 young (3072K), 3 survivors (3072K)
 Metaspace       used 32137K, committed 32704K, reserved 1114112K
  class space    used 3550K, committed 3776K, reserved 1048576K
}
Event: 15.581 GC heap before
{Heap before GC invocations=22 (full 0):
 garbage-first heap   total 107520K, used 100032K [0x00000000c1a00000, 0x0000000100000000)
  region size 1024K, 44 young (45056K), 3 survivors (3072K)
 Metaspace       used 33162K, committed 33728K, reserved 1114112K
  class space    used 3617K, committed 3840K, reserved 1048576K
}
Event: 15.604 GC heap after
{Heap after GC invocations=23 (full 0):
 garbage-first heap   total 108544K, used 58737K [0x00000000c1a00000, 0x0000000100000000)
  region size 1024K, 6 young (6144K), 6 survivors (6144K)
 Metaspace       used 33162K, committed 33728K, reserved 1114112K
  class space    used 3617K, committed 3840K, reserved 1048576K
}
Event: 15.638 GC heap before
{Heap before GC invocations=23 (full 0):
 garbage-first heap   total 108544K, used 62833K [0x00000000c1a00000, 0x0000000100000000)
  region size 1024K, 11 young (11264K), 6 survivors (6144K)
 Metaspace       used 33166K, committed 33728K, reserved 1114112K
  class space    used 3617K, committed 3840K, reserved 1048576K
}
Event: 15.661 GC heap after
{Heap after GC invocations=24 (full 0):
 garbage-first heap   total 108544K, used 62698K [0x00000000c1a00000, 0x0000000100000000)
  region size 1024K, 4 young (4096K), 4 survivors (4096K)
 Metaspace       used 33166K, committed 33728K, reserved 1114112K
  class space    used 3617K, committed 3840K, reserved 1048576K
}
Event: 15.836 GC heap before
{Heap before GC invocations=25 (full 0):
 garbage-first heap   total 124928K, used 83178K [0x00000000c1a00000, 0x0000000100000000)
  region size 1024K, 23 young (23552K), 4 survivors (4096K)
 Metaspace       used 33214K, committed 33728K, reserved 1114112K
  class space    used 3618K, committed 3840K, reserved 1048576K
}
Event: 15.848 GC heap after
{Heap after GC invocations=26 (full 0):
 garbage-first heap   total 124928K, used 71680K [0x00000000c1a00000, 0x0000000100000000)
  region size 1024K, 3 young (3072K), 3 survivors (3072K)
 Metaspace       used 33214K, committed 33728K, reserved 1114112K
  class space    used 3618K, committed 3840K, reserved 1048576K
}
Event: 16.153 GC heap before
{Heap before GC invocations=26 (full 0):
 garbage-first heap   total 124928K, used 95232K [0x00000000c1a00000, 0x0000000100000000)
  region size 1024K, 26 young (26624K), 3 survivors (3072K)
 Metaspace       used 33227K, committed 33728K, reserved 1114112K
  class space    used 3618K, committed 3840K, reserved 1048576K
}

Dll operation events (8 events):
Event: 0.015 Loaded shared library C:\Program Files\Java\jdk-21\bin\java.dll
Event: 0.059 Loaded shared library C:\Program Files\Java\jdk-21\bin\jsvml.dll
Event: 0.081 Loaded shared library C:\Program Files\Java\jdk-21\bin\net.dll
Event: 0.083 Loaded shared library C:\Program Files\Java\jdk-21\bin\nio.dll
Event: 0.087 Loaded shared library C:\Program Files\Java\jdk-21\bin\zip.dll
Event: 0.302 Loaded shared library C:\Program Files\Java\jdk-21\bin\jimage.dll
Event: 0.307 Loaded shared library C:\Program Files\Apache\Maven\apache-maven-3.9.9\lib\jansi-native\Windows\x86_64\jansi.dll
Event: 0.339 Loaded shared library C:\Program Files\Java\jdk-21\bin\verify.dll

Deoptimization events (20 events):
Event: 15.750 Thread 0x0000020e0dd4a170 Uncommon trap: trap_request=0xffffffc6 fr.pc=0x0000020e1ffa754c relative=0x00000000000005ac
Event: 15.750 Thread 0x0000020e0dd4a170 Uncommon trap: reason=bimorphic_or_optimized_type_check action=maybe_recompile pc=0x0000020e1ffa754c method=java.util.regex.Pattern$BmpCharPropertyGreedy.match(Ljava/util/regex/Matcher;ILjava/lang/CharSequence;)Z @ 26 c2
Event: 15.750 Thread 0x0000020e0dd4a170 DEOPT PACKING pc=0x0000020e1ffa754c sp=0x000000beefafcf90
Event: 15.750 Thread 0x0000020e0dd4a170 DEOPT UNPACKING pc=0x0000020e1f9b46a2 sp=0x000000beefafcf28 mode 2
Event: 15.752 Thread 0x0000020e0dd4a170 Uncommon trap: trap_request=0xffffffc6 fr.pc=0x0000020e1ffa754c relative=0x00000000000005ac
Event: 15.752 Thread 0x0000020e0dd4a170 Uncommon trap: reason=bimorphic_or_optimized_type_check action=maybe_recompile pc=0x0000020e1ffa754c method=java.util.regex.Pattern$BmpCharPropertyGreedy.match(Ljava/util/regex/Matcher;ILjava/lang/CharSequence;)Z @ 26 c2
Event: 15.752 Thread 0x0000020e0dd4a170 DEOPT PACKING pc=0x0000020e1ffa754c sp=0x000000beefafcf90
Event: 15.752 Thread 0x0000020e0dd4a170 DEOPT UNPACKING pc=0x0000020e1f9b46a2 sp=0x000000beefafcf28 mode 2
Event: 15.756 Thread 0x0000020e0dd4a170 Uncommon trap: trap_request=0xffffffc6 fr.pc=0x0000020e1ffa754c relative=0x00000000000005ac
Event: 15.756 Thread 0x0000020e0dd4a170 Uncommon trap: reason=bimorphic_or_optimized_type_check action=maybe_recompile pc=0x0000020e1ffa754c method=java.util.regex.Pattern$BmpCharPropertyGreedy.match(Ljava/util/regex/Matcher;ILjava/lang/CharSequence;)Z @ 26 c2
Event: 15.756 Thread 0x0000020e0dd4a170 DEOPT PACKING pc=0x0000020e1ffa754c sp=0x000000beefafcf90
Event: 15.756 Thread 0x0000020e0dd4a170 DEOPT UNPACKING pc=0x0000020e1f9b46a2 sp=0x000000beefafcf28 mode 2
Event: 15.820 Thread 0x0000020e0dd4a170 DEOPT PACKING pc=0x0000020e190a9118 sp=0x000000beefafd2f0
Event: 15.820 Thread 0x0000020e0dd4a170 DEOPT UNPACKING pc=0x0000020e1f9b4e42 sp=0x000000beefafc830 mode 0
Event: 15.936 Thread 0x0000020e0dd4a170 DEOPT PACKING pc=0x0000020e1964e175 sp=0x000000beefafcd00
Event: 15.936 Thread 0x0000020e0dd4a170 DEOPT UNPACKING pc=0x0000020e1f9b4e42 sp=0x000000beefafc2c0 mode 0
Event: 16.023 Thread 0x0000020e0dd4a170 DEOPT PACKING pc=0x0000020e1964e175 sp=0x000000beefafcd00
Event: 16.024 Thread 0x0000020e0dd4a170 DEOPT UNPACKING pc=0x0000020e1f9b4e42 sp=0x000000beefafc2c0 mode 0
Event: 16.099 Thread 0x0000020e0dd4a170 DEOPT PACKING pc=0x0000020e1964e175 sp=0x000000beefafcd00
Event: 16.099 Thread 0x0000020e0dd4a170 DEOPT UNPACKING pc=0x0000020e1f9b4e42 sp=0x000000beefafc2c0 mode 0

Classes loaded (20 events):
Event: 14.091 Loading class java/lang/invoke/MethodHandleImpl$CountingWrapper
Event: 14.092 Loading class java/lang/invoke/MethodHandleImpl$CountingWrapper done
Event: 14.642 Loading class java/util/stream/ReferencePipeline$4
Event: 14.645 Loading class java/util/stream/ReferencePipeline$4 done
Event: 14.646 Loading class java/util/stream/Nodes$IntFixedNodeBuilder
Event: 14.647 Loading class java/util/stream/Node$Builder$OfInt
Event: 14.657 Loading class java/util/stream/Node$Builder$OfInt done
Event: 14.657 Loading class java/util/stream/Nodes$IntArrayNode
Event: 14.658 Loading class java/util/stream/Nodes$IntArrayNode done
Event: 14.658 Loading class java/util/stream/Nodes$IntFixedNodeBuilder done
Event: 14.658 Loading class java/util/stream/ReferencePipeline$4$1
Event: 14.659 Loading class java/util/stream/ReferencePipeline$4$1 done
Event: 14.996 Loading class java/util/EnumMap$Values
Event: 14.996 Loading class java/util/EnumMap$Values done
Event: 14.996 Loading class java/util/EnumMap$ValueIterator
Event: 14.996 Loading class java/util/EnumMap$ValueIterator done
Event: 14.999 Loading class java/util/WeakHashMap$KeyIterator
Event: 14.999 Loading class java/util/WeakHashMap$KeyIterator done
Event: 15.003 Loading class java/text/MessageFormat$Field
Event: 15.004 Loading class java/text/MessageFormat$Field done

Classes unloaded (0 events):
No events

Classes redefined (0 events):
No events

Internal exceptions (20 events):
Event: 14.978 Thread 0x0000020e0dd4a170 Exception <a 'sun/nio/fs/WindowsException'{0x00000000c66163b0}> (0x00000000c66163b0) 
thrown [s\open\src\hotspot\share\prims\jni.cpp, line 520]
Event: 14.978 Thread 0x0000020e0dd4a170 Exception <a 'sun/nio/fs/WindowsException'{0x00000000c6617380}> (0x00000000c6617380) 
thrown [s\open\src\hotspot\share\prims\jni.cpp, line 520]
Event: 14.983 Thread 0x0000020e0dd4a170 Exception <a 'sun/nio/fs/WindowsException'{0x00000000c6637fb0}> (0x00000000c6637fb0) 
thrown [s\open\src\hotspot\share\prims\jni.cpp, line 520]
Event: 14.983 Thread 0x0000020e0dd4a170 Exception <a 'sun/nio/fs/WindowsException'{0x00000000c6638698}> (0x00000000c6638698) 
thrown [s\open\src\hotspot\share\prims\jni.cpp, line 520]
Event: 14.983 Thread 0x0000020e0dd4a170 Exception <a 'sun/nio/fs/WindowsException'{0x00000000c66395b0}> (0x00000000c66395b0) 
thrown [s\open\src\hotspot\share\prims\jni.cpp, line 520]
Event: 14.993 Thread 0x0000020e0dd4a170 Exception <a 'sun/nio/fs/WindowsException'{0x00000000c667d780}> (0x00000000c667d780) 
thrown [s\open\src\hotspot\share\prims\jni.cpp, line 520]
Event: 14.993 Thread 0x0000020e0dd4a170 Exception <a 'sun/nio/fs/WindowsException'{0x00000000c667de60}> (0x00000000c667de60) 
thrown [s\open\src\hotspot\share\prims\jni.cpp, line 520]
Event: 14.993 Thread 0x0000020e0dd4a170 Exception <a 'sun/nio/fs/WindowsException'{0x00000000c667ed48}> (0x00000000c667ed48) 
thrown [s\open\src\hotspot\share\prims\jni.cpp, line 520]
Event: 15.118 Thread 0x0000020e0dd4a170 Exception <a 'sun/nio/fs/WindowsException'{0x00000000c649c060}> (0x00000000c649c060) 
thrown [s\open\src\hotspot\share\prims\jni.cpp, line 520]
Event: 15.118 Thread 0x0000020e0dd4a170 Exception <a 'sun/nio/fs/WindowsException'{0x00000000c649c700}> (0x00000000c649c700) 
thrown [s\open\src\hotspot\share\prims\jni.cpp, line 520]
Event: 15.124 Thread 0x0000020e0dd4a170 Exception <a 'sun/nio/fs/WindowsException'{0x00000000c64b1400}> (0x00000000c64b1400) 
thrown [s\open\src\hotspot\share\prims\jni.cpp, line 520]
Event: 15.618 Thread 0x0000020e0dd4a170 Exception <a 'sun/nio/fs/WindowsException'{0x00000000c80c8718}> (0x00000000c80c8718) 
thrown [s\open\src\hotspot\share\prims\jni.cpp, line 520]
Event: 15.621 Thread 0x0000020e0dd4a170 Exception <a 'sun/nio/fs/WindowsException'{0x00000000c7f5d698}> (0x00000000c7f5d698) 
thrown [s\open\src\hotspot\share\prims\jni.cpp, line 520]
Event: 15.703 Thread 0x0000020e0dd4a170 Implicit null exception at 0x0000020e2016cb6b to 0x0000020e2016f07c
Event: 15.705 Thread 0x0000020e0dd4a170 Exception <a 'sun/nio/fs/WindowsException'{0x00000000c7e98dd0}> (0x00000000c7e98dd0) 
thrown [s\open\src\hotspot\share\prims\jni.cpp, line 520]
Event: 15.705 Thread 0x0000020e0dd4a170 Exception <a 'sun/nio/fs/WindowsException'{0x00000000c7e999b8}> (0x00000000c7e999b8) 
thrown [s\open\src\hotspot\share\prims\jni.cpp, line 520]
Event: 15.705 Thread 0x0000020e0dd4a170 Exception <a 'sun/nio/fs/WindowsException'{0x00000000c7e9a630}> (0x00000000c7e9a630) 
thrown [s\open\src\hotspot\share\prims\jni.cpp, line 520]
Event: 16.148 Thread 0x0000020e0dd4a170 Exception <a 'sun/nio/fs/WindowsException'{0x00000000c79bd880}> (0x00000000c79bd880) 
thrown [s\open\src\hotspot\share\prims\jni.cpp, line 520]
Event: 16.149 Thread 0x0000020e0dd4a170 Exception <a 'sun/nio/fs/WindowsException'{0x00000000c79c5eb8}> (0x00000000c79c5eb8) 
thrown [s\open\src\hotspot\share\prims\jni.cpp, line 520]
Event: 16.151 Thread 0x0000020e0dd4a170 Exception <a 'sun/nio/fs/WindowsException'{0x00000000c79cbad0}> (0x00000000c79cbad0) 
thrown [s\open\src\hotspot\share\prims\jni.cpp, line 520]

ZGC Phase Switch (0 events):
No events

VM Operations (20 events):
Event: 13.818 Executing VM operation: ICBufferFull done
Event: 14.030 Executing VM operation: ICBufferFull
Event: 14.030 Executing VM operation: ICBufferFull done
Event: 14.207 Executing VM operation: ICBufferFull
Event: 14.207 Executing VM operation: ICBufferFull done
Event: 14.696 Executing VM operation: ICBufferFull
Event: 14.696 Executing VM operation: ICBufferFull done
Event: 15.562 Executing VM operation: ICBufferFull
Event: 15.562 Executing VM operation: ICBufferFull done
Event: 15.581 Executing VM operation: G1CollectForAllocation (G1 Evacuation Pause)
Event: 15.604 Executing VM operation: G1CollectForAllocation (G1 Evacuation Pause) done
Event: 15.638 Executing VM operation: G1TryInitiateConcMark (G1 Humongous Allocation)
Event: 15.661 Executing VM operation: G1TryInitiateConcMark (G1 Humongous Allocation) done
Event: 15.762 Executing VM operation: G1PauseRemark
Event: 15.774 Executing VM operation: G1PauseRemark done
Event: 15.828 Executing VM operation: G1PauseCleanup
Event: 15.828 Executing VM operation: G1PauseCleanup done
Event: 15.836 Executing VM operation: G1CollectForAllocation (G1 Evacuation Pause)
Event: 15.848 Executing VM operation: G1CollectForAllocation (G1 Evacuation Pause) done
Event: 16.153 Executing VM operation: G1CollectForAllocation (G1 Evacuation Pause)

Events (20 events):
Event: 15.773 Thread 0x0000020e100690c0 flushing nmethod 0x0000020e1909f810
Event: 15.773 Thread 0x0000020e100690c0 flushing nmethod 0x0000020e190b8210
Event: 15.773 Thread 0x0000020e100690c0 flushing nmethod 0x0000020e190d9610
Event: 15.773 Thread 0x0000020e100690c0 flushing nmethod 0x0000020e190dbe90
Event: 15.773 Thread 0x0000020e100690c0 flushing nmethod 0x0000020e19137e90
Event: 15.773 Thread 0x0000020e100690c0 flushing nmethod 0x0000020e1914bb90
Event: 15.773 Thread 0x0000020e100690c0 flushing nmethod 0x0000020e19151e10
Event: 15.773 Thread 0x0000020e100690c0 flushing nmethod 0x0000020e191ace90
Event: 15.773 Thread 0x0000020e100690c0 flushing nmethod 0x0000020e191b1190
Event: 15.773 Thread 0x0000020e100690c0 flushing nmethod 0x0000020e191b7790
Event: 15.773 Thread 0x0000020e100690c0 flushing nmethod 0x0000020e191ea390
Event: 15.773 Thread 0x0000020e100690c0 flushing nmethod 0x0000020e19258e90
Event: 15.773 Thread 0x0000020e100690c0 flushing nmethod 0x0000020e19259310
Event: 15.773 Thread 0x0000020e100690c0 flushing nmethod 0x0000020e19259690
Event: 15.773 Thread 0x0000020e100690c0 flushing nmethod 0x0000020e1925a190
Event: 15.773 Thread 0x0000020e100690c0 flushing nmethod 0x0000020e1925d410
Event: 15.773 Thread 0x0000020e100690c0 flushing nmethod 0x0000020e1925d890
Event: 15.773 Thread 0x0000020e100690c0 flushing nmethod 0x0000020e1925e410
Event: 15.773 Thread 0x0000020e100690c0 flushing nmethod 0x0000020e1929ba10
Event: 15.773 Thread 0x0000020e100690c0 flushing nmethod 0x0000020e192e0210


Dynamic libraries:
0x00007ff67ff30000 - 0x00007ff67ff40000 	C:\Program Files\Java\jdk-21\bin\java.exe
0x00007ffca7c70000 - 0x00007ffca7e87000 	C:\Windows\SYSTEM32\ntdll.dll
0x00007ffca63d0000 - 0x00007ffca6494000 	C:\Windows\System32\KERNEL32.DLL
0x00007ffca4f80000 - 0x00007ffca5337000 	C:\Windows\System32\KERNELBASE.dll
0x00007ffca57e0000 - 0x00007ffca58f1000 	C:\Windows\System32\ucrtbase.dll
0x00007ffc60c60000 - 0x00007ffc60c79000 	C:\Program Files\Java\jdk-21\bin\jli.dll
0x00007ffca5f80000 - 0x00007ffca6032000 	C:\Windows\System32\ADVAPI32.dll
0x00007ffca5c00000 - 0x00007ffca5ca7000 	C:\Windows\System32\msvcrt.dll
0x00007ffca6f30000 - 0x00007ffca6fd8000 	C:\Windows\System32\sechost.dll
0x00007ffca57b0000 - 0x00007ffca57d8000 	C:\Windows\System32\bcrypt.dll
0x00007ffca60d0000 - 0x00007ffca61e4000 	C:\Windows\System32\RPCRT4.dll
0x00007ffc60c40000 - 0x00007ffc60c5b000 	C:\Program Files\Java\jdk-21\bin\VCRUNTIME140.dll
0x00007ffca5d70000 - 0x00007ffca5f1f000 	C:\Windows\System32\USER32.dll
0x00007ffca5970000 - 0x00007ffca5996000 	C:\Windows\System32\win32u.dll
0x00007ffca79b0000 - 0x00007ffca79d9000 	C:\Windows\System32\GDI32.dll
0x00007ffca5340000 - 0x00007ffca5458000 	C:\Windows\System32\gdi32full.dll
0x00007ffca5710000 - 0x00007ffca57aa000 	C:\Windows\System32\msvcp_win.dll
0x00007ffc8f380000 - 0x00007ffc8f613000 	C:\Windows\WinSxS\amd64_microsoft.windows.common-controls_6595b64144ccf1df_6.0.22621.3672_none_2713b9d173822955\COMCTL32.dll
0x00007ffc91850000 - 0x00007ffc9185a000 	C:\Windows\SYSTEM32\VERSION.dll
0x00007ffca6840000 - 0x00007ffca6871000 	C:\Windows\System32\IMM32.DLL
0x00007ffc9f100000 - 0x00007ffc9f10c000 	C:\Program Files\Java\jdk-21\bin\vcruntime140_1.dll
0x00007ffc18870000 - 0x00007ffc188fe000 	C:\Program Files\Java\jdk-21\bin\msvcp140.dll
0x00007ffc133b0000 - 0x00007ffc140c8000 	C:\Program Files\Java\jdk-21\bin\server\jvm.dll
0x00007ffca6a30000 - 0x00007ffca6aa1000 	C:\Windows\System32\WS2_32.dll
0x00007ffc9ee80000 - 0x00007ffc9eeb4000 	C:\Windows\SYSTEM32\WINMM.dll
0x00007ffca4e50000 - 0x00007ffca4e9d000 	C:\Windows\SYSTEM32\POWRPROF.dll
0x00007ffca4c80000 - 0x00007ffca4c93000 	C:\Windows\SYSTEM32\UMPDC.dll
0x00007ffca3fd0000 - 0x00007ffca3fe8000 	C:\Windows\SYSTEM32\kernel.appcore.dll
0x00007ffc7e590000 - 0x00007ffc7e59a000 	C:\Program Files\Java\jdk-21\bin\jimage.dll
0x00007ffc9b430000 - 0x00007ffc9b662000 	C:\Windows\SYSTEM32\DBGHELP.DLL
0x00007ffca64a0000 - 0x00007ffca682e000 	C:\Windows\System32\combase.dll
0x00007ffca7a50000 - 0x00007ffca7b27000 	C:\Windows\System32\OLEAUT32.dll
0x00007ffc7e110000 - 0x00007ffc7e142000 	C:\Windows\SYSTEM32\dbgcore.DLL
0x00007ffca55d0000 - 0x00007ffca564b000 	C:\Windows\System32\bcryptPrimitives.dll
0x00007ffc21330000 - 0x00007ffc2134f000 	C:\Program Files\Java\jdk-21\bin\java.dll
0x00007ffca70e0000 - 0x00007ffca7949000 	C:\Windows\System32\SHELL32.dll
0x00007ffca2ee0000 - 0x00007ffca37df000 	C:\Windows\SYSTEM32\windows.storage.dll
0x00007ffca2da0000 - 0x00007ffca2edf000 	C:\Windows\SYSTEM32\wintypes.dll
0x00007ffca59a0000 - 0x00007ffca5a99000 	C:\Windows\System32\SHCORE.dll
0x00007ffca7950000 - 0x00007ffca79ae000 	C:\Windows\System32\shlwapi.dll
0x00007ffca4eb0000 - 0x00007ffca4ed7000 	C:\Windows\SYSTEM32\profapi.dll
0x00007ffc18790000 - 0x00007ffc18867000 	C:\Program Files\Java\jdk-21\bin\jsvml.dll
0x00007ffc7e3b0000 - 0x00007ffc7e3c0000 	C:\Program Files\Java\jdk-21\bin\net.dll
0x00007ffc9dd90000 - 0x00007ffc9dec6000 	C:\Windows\SYSTEM32\WINHTTP.dll
0x00007ffca4440000 - 0x00007ffca44a9000 	C:\Windows\system32\mswsock.dll
0x00007ffc21310000 - 0x00007ffc21326000 	C:\Program Files\Java\jdk-21\bin\nio.dll
0x00007ffc18d40000 - 0x00007ffc18d58000 	C:\Program Files\Java\jdk-21\bin\zip.dll
0x00007ffc18760000 - 0x00007ffc18784000 	C:\Program Files\Apache\Maven\apache-maven-3.9.9\lib\jansi-native\Windows\x86_64\jansi.dll
0x00007ffc7bfc0000 - 0x00007ffc7bfd0000 	C:\Program Files\Java\jdk-21\bin\verify.dll

dbghelp: loaded successfully - version: 4.0.5 - missing functions: none
symbol engine: initialized successfully - sym options: 0x614 - pdb path: .;C:\Program Files\Java\jdk-21\bin;C:\Windows\SYSTEM32;C:\Windows\WinSxS\amd64_microsoft.windows.common-controls_6595b64144ccf1df_6.0.22621.3672_none_2713b9d173822955;C:\Program Files\Java\jdk-21\bin\server;C:\Program Files\Apache\Maven\apache-maven-3.9.9\lib\jansi-native\Windows\x86_64

VM Arguments:
jvm_args: -Dclassworlds.conf=C:\Program Files\Apache\Maven\apache-maven-3.9.9\bin\m2.conf -Dmaven.home=C:\Program Files\Apache\Maven\apache-maven-3.9.9 -Dlibrary.jansi.path=C:\Program Files\Apache\Maven\apache-maven-3.9.9\lib\jansi-native -Dmaven.multiModuleProjectDirectory=C:\Users\Administrator\Desktop\saidika backend\saidika_backend 
java_command: org.codehaus.plexus.classworlds.launcher.Launcher clean package
java_class_path (initial): C:\Program Files\Apache\Maven\apache-maven-3.9.9\boot\plexus-classworlds-2.8.0.jar
Launcher Type: SUN_STANDARD

[Global flags]
     intx CICompilerCount                          = 3                                         {product} {ergonomic}
     uint ConcGCThreads                            = 1                                         {product} {ergonomic}
     uint G1ConcRefinementThreads                  = 4                                         {product} {ergonomic}
   size_t G1HeapRegionSize                         = 1048576                                   {product} {ergonomic}
    uintx GCDrainStackTargetSize                   = 64                                        {product} {ergonomic}
   size_t InitialHeapSize                          = 67108864                                  {product} {ergonomic}
   size_t MarkStackSize                            = 4194304                                   {product} {ergonomic}
   size_t MaxHeapSize                              = 1046478848                                {product} {ergonomic}
   size_t MaxNewSize                               = 627048448                                 {product} {ergonomic}
   size_t MinHeapDeltaBytes                        = 1048576                                   {product} {ergonomic}
   size_t MinHeapSize                              = 8388608                                   {product} {ergonomic}
    uintx NonNMethodCodeHeapSize                   = 5832780                                {pd product} {ergonomic}
    uintx NonProfiledCodeHeapSize                  = 122912730                              {pd product} {ergonomic}
    uintx ProfiledCodeHeapSize                     = 122912730                              {pd product} {ergonomic}
    uintx ReservedCodeCacheSize                    = 251658240                              {pd product} {ergonomic}
     bool SegmentedCodeCache                       = true                                      {product} {ergonomic}
   size_t SoftMaxHeapSize                          = 1046478848                             {manageable} {ergonomic}
     bool UseCompressedOops                        = true                           {product lp64_product} {ergonomic}
     bool UseG1GC                                  = true                                      {product} {ergonomic}
     bool UseLargePagesIndividualAllocation        = false                                  {pd product} {ergonomic}

Logging:
Log output configuration:
 #0: stdout all=warning uptime,level,tags foldmultilines=false
 #1: stderr all=off uptime,level,tags foldmultilines=false

Environment Variables:
JAVA_HOME=C:\Program Files\Java\jdk-21\
PATH=C:\Program Files\Java\jdk-21\bin;C:\Windows\system32;C:\Windows;C:\Windows\System32\Wbem;C:\Windows\System32\WindowsPowerShell\v1.0\;C:\Windows\System32\OpenSSH\;C:\Program Files\Docker\Docker\resources\bin;C:\Program Files\Git\cmd;C:\Program Files\nodejs\;C:\Program Files\Apache\Maven\apache-maven-3.9.9\bin;C:\Users\Administrator\AppData\Local\Programs\Python\Python313\Scripts\;C:\Users\Administrator\AppData\Local\Programs\Python\Python313\;C:\Users\Administrator\AppData\Local\Microsoft\WindowsApps;C:\src\flutter-latest\flutter\bin;C:\Users\Administrator\AppData\Local\Programs\Microsoft VS Code\bin;C:\Users\Administrator\AppData\Local\GitHubDesktop\bin;C:\Users\Administrator\AppData\Roaming\npm;C:\Users\Administrator\AppData\Local\JetBrains\Toolbox\scripts;C:\Program Files\Java\jdk-21\bin;C:\Program Files\Tesseract-OCR;C:\Users\Administrator\AppData\Local\Pub\Cache\bin;
USERNAME=Administrator
OS=Windows_NT
PROCESSOR_IDENTIFIER=Intel64 Family 6 Model 78 Stepping 3, GenuineIntel
TMP=C:\Users\ADMINI~1\AppData\Local\Temp
TEMP=C:\Users\ADMINI~1\AppData\Local\Temp




Periodic native trim disabled

---------------  S Y S T E M  ---------------

OS:
 Windows 11 , 64 bit Build 22621 (10.0.22621.3958)
OS uptime: 0 days 1:09 hours
Hyper-V role detected

CPU: total 4 (initial active 4) (2 cores per cpu, 2 threads per core) family 6 model 78 stepping 3 microcode 0xd6, cx8, cmov, fxsr, ht, mmx, 3dnowpref, sse, sse2, sse3, ssse3, sse4.1, sse4.2, popcnt, lzcnt, tsc, tscinvbit, avx, avx2, aes, erms, clmul, bmi1, bmi2, rtm, adx, fma, vzeroupper, clflush, clflushopt, hv, rdtscp, f16c
Processor Information for all 4 processors :
  Max Mhz: 2496, Current Mhz: 2396, Mhz Limit: 2396

Memory: 4k page, system-wide physical 3986M (234M free)
TotalPageFile size 16274M (AvailPageFile size 77M)
current process WorkingSet (physical memory assigned to process): 244M, peak: 265M
current process commit charge ("private bytes"): 289M, peak: 447M

vm_info: Java HotSpot(TM) 64-Bit Server VM (21.0.5+9-LTS-239) for windows-amd64 JRE (21.0.5+9-LTS-239), built on 2024-09-30T05:17:38Z by "mach5one" with MS VC++ 17.6 (VS2022)

END.
