#
# There is insufficient memory for the Java Runtime Environment to continue.
# Native memory allocation (malloc) failed to allocate 32744 bytes for Chunk::new
# Possible reasons:
#   The system is out of physical RAM or swap space
#   The process is running with CompressedOops enabled, and the Java Heap may be blocking the growth of the native heap
# Possible solutions:
#   Reduce memory load on the system
#   Increase physical memory or swap space
#   Check if swap backing store is full
#   Decrease Java heap size (-Xmx/-Xms)
#   Decrease number of Java threads
#   Decrease Java thread stack sizes (-Xss)
#   Set larger code cache with -XX:ReservedCodeCacheSize=
#   JVM is running with Unscaled Compressed Oops mode in which the Java heap is
#     placed in the first 4GB address space. The Java Heap base address is the
#     maximum limit for the native heap growth. Please use -XX:HeapBaseMinAddress
#     to set the Java Heap base and to place the Java Heap above 4GB virtual address.
# This output file may be truncated or incomplete.
#
#  Out of Memory Error (arena.cpp:168), pid=2020, tid=6740
#
# JRE version: Java(TM) SE Runtime Environment (21.0.5+9) (build 21.0.5+9-LTS-239)
# Java VM: Java HotSpot(TM) 64-Bit Server VM (21.0.5+9-LTS-239, mixed mode, sharing, tiered, compressed oops, compressed class ptrs, g1 gc, windows-amd64)
# No core dump will be written. Minidumps are not enabled by default on client versions of Windows
#

---------------  S U M M A R Y ------------

Command Line: -Dclassworlds.conf=C:\Program Files\Apache\Maven\apache-maven-3.9.9\bin\m2.conf -Dmaven.home=C:\Program Files\Apache\Maven\apache-maven-3.9.9 -Dlibrary.jansi.path=C:\Program Files\Apache\Maven\apache-maven-3.9.9\lib\jansi-native -Dmaven.multiModuleProjectDirectory=C:\Users\Administrator\Desktop\saidika backend\saidika_backend org.codehaus.plexus.classworlds.launcher.Launcher clean package

Host: Intel(R) Core(TM) i5-6300U CPU @ 2.40GHz, 4 cores, 3G,  Windows 11 , 64 bit Build 22621 (10.0.22621.3958)
Time: Mon Feb 10 10:45:46 2025 E. Africa Standard Time elapsed time: 16.529441 seconds (0d 0h 0m 16s)

---------------  T H R E A D  ---------------

Current thread (0x000001c7b7b95340):  JavaThread "C2 CompilerThread0" daemon [_thread_in_native, id=6740, stack(0x00000019e2400000,0x00000019e2500000) (1024K)]


Current CompileTask:
C2:  16529 10277   !   4       java.lang.ClassLoader::loadClass (121 bytes)

Stack: [0x00000019e2400000,0x00000019e2500000]
Native frames: (J=compiled Java code, j=interpreted, Vv=VM code, C=native code)
V  [jvm.dll+0x6ca289]
V  [jvm.dll+0x854a51]
V  [jvm.dll+0x856f7e]
V  [jvm.dll+0x857653]
V  [jvm.dll+0x27dd26]
V  [jvm.dll+0xc4c2d]
V  [jvm.dll+0xc5163]
V  [jvm.dll+0x3ba3ed]
V  [jvm.dll+0x3b9c11]
V  [jvm.dll+0x3b9c54]
V  [jvm.dll+0x3b329c]
V  [jvm.dll+0x1df847]
V  [jvm.dll+0x246a62]
V  [jvm.dll+0x245eef]
V  [jvm.dll+0x1c6d0e]
V  [jvm.dll+0x2554d9]
V  [jvm.dll+0x253a6a]
V  [jvm.dll+0x3ee136]
V  [jvm.dll+0x7fee9b]
V  [jvm.dll+0x6c896d]
C  [ucrtbase.dll+0x29333]
C  [KERNEL32.DLL+0x1257d]
C  [ntdll.dll+0x5af08]


---------------  P R O C E S S  ---------------

Threads class SMR info:
_java_thread_list=0x000001c7ff9a9d30, length=18, elements={
0x000001c79ae4dc10, 0x000001c7b7b7d180, 0x000001c7b7b7e090, 0x000001c7b7b81900,
0x000001c7b7b85210, 0x000001c7b7b86070, 0x000001c7b7b88b20, 0x000001c7b7b95340,
0x000001c7b7bbc570, 0x000001c7b7b89840, 0x000001c7b7b8abf0, 0x000001c7b7b891b0,
0x000001c7b7b8bfa0, 0x000001c7b7b8a560, 0x000001c7ff1ee5e0, 0x000001c7ff1ecba0,
0x000001c7ff1eec70, 0x000001c7ff1ed230
}

Java Threads: ( => current thread )
  0x000001c79ae4dc10 JavaThread "main"                              [_thread_in_native, id=6472, stack(0x00000019e1600000,0x00000019e1700000) (1024K)]
  0x000001c7b7b7d180 JavaThread "Reference Handler"          daemon [_thread_blocked, id=5208, stack(0x00000019e1e00000,0x00000019e1f00000) (1024K)]
  0x000001c7b7b7e090 JavaThread "Finalizer"                  daemon [_thread_blocked, id=14444, stack(0x00000019e1f00000,0x00000019e2000000) (1024K)]
  0x000001c7b7b81900 JavaThread "Signal Dispatcher"          daemon [_thread_blocked, id=1084, stack(0x00000019e2000000,0x00000019e2100000) (1024K)]
  0x000001c7b7b85210 JavaThread "Attach Listener"            daemon [_thread_blocked, id=12160, stack(0x00000019e2100000,0x00000019e2200000) (1024K)]
  0x000001c7b7b86070 JavaThread "Service Thread"             daemon [_thread_blocked, id=14852, stack(0x00000019e2200000,0x00000019e2300000) (1024K)]
  0x000001c7b7b88b20 JavaThread "Monitor Deflation Thread"   daemon [_thread_blocked, id=14624, stack(0x00000019e2300000,0x00000019e2400000) (1024K)]
=>0x000001c7b7b95340 JavaThread "C2 CompilerThread0"         daemon [_thread_in_native, id=6740, stack(0x00000019e2400000,0x00000019e2500000) (1024K)]
  0x000001c7b7bbc570 JavaThread "C1 CompilerThread0"         daemon [_thread_blocked, id=13120, stack(0x00000019e2500000,0x00000019e2600000) (1024K)]
  0x000001c7b7b89840 JavaThread "Notification Thread"        daemon [_thread_blocked, id=11368, stack(0x00000019e2600000,0x00000019e2700000) (1024K)]
  0x000001c7b7b8abf0 JavaThread "Common-Cleaner"             daemon [_thread_blocked, id=5428, stack(0x00000019e2700000,0x00000019e2800000) (1024K)]
  0x000001c7b7b891b0 JavaThread "Thread-1"                   daemon [_thread_blocked, id=7572, stack(0x00000019e2800000,0x00000019e2900000) (1024K)]
  0x000001c7b7b8bfa0 JavaThread "timeout-check-timer"        daemon [_thread_blocked, id=15240, stack(0x00000019e2c00000,0x00000019e2d00000) (1024K)]
  0x000001c7b7b8a560 JavaThread "ping-timer-10s"             daemon [_thread_blocked, id=14040, stack(0x00000019e2d00000,0x00000019e2e00000) (1024K)]
  0x000001c7ff1ee5e0 JavaThread "ThreadedStreamConsumer"     daemon [_thread_blocked, id=14028, stack(0x00000019e2e00000,0x00000019e2f00000) (1024K)]
  0x000001c7ff1ecba0 JavaThread "fork-1-err-thread"          daemon [_thread_in_native, id=14148, stack(0x00000019e2f00000,0x00000019e3000000) (1024K)]
  0x000001c7ff1eec70 JavaThread "commands-fork-1"            daemon [_thread_blocked, id=13704, stack(0x00000019e3000000,0x00000019e3100000) (1024K)]
  0x000001c7ff1ed230 JavaThread "fork-1-event-thread"        daemon [_thread_in_vm, id=2992, stack(0x00000019e3100000,0x00000019e3200000) (1024K)]
Total: 18

Other Threads:
  0x000001c79cfba6e0 VMThread "VM Thread"                           [id=7624, stack(0x00000019e1d00000,0x00000019e1e00000) (1024K)]
  0x000001c7b7b6c1c0 WatcherThread "VM Periodic Task Thread"        [id=12436, stack(0x00000019e1c00000,0x00000019e1d00000) (1024K)]
  0x000001c79cf2d2f0 WorkerThread "GC Thread#0"                     [id=12760, stack(0x00000019e1700000,0x00000019e1800000) (1024K)]
  0x000001c7fd4fa670 WorkerThread "GC Thread#1"                     [id=6752, stack(0x00000019e2900000,0x00000019e2a00000) (1024K)]
  0x000001c7fd6aa960 WorkerThread "GC Thread#2"                     [id=10020, stack(0x00000019e2a00000,0x00000019e2b00000) (1024K)]
  0x000001c7fdae0250 WorkerThread "GC Thread#3"                     [id=12116, stack(0x00000019e2b00000,0x00000019e2c00000) (1024K)]
  0x000001c79cf387c0 ConcurrentGCThread "G1 Main Marker"            [id=9076, stack(0x00000019e1800000,0x00000019e1900000) (1024K)]
  0x000001c79cf39470 WorkerThread "G1 Conc#0"                       [id=7472, stack(0x00000019e1900000,0x00000019e1a00000) (1024K)]
  0x000001c79cf96c10 ConcurrentGCThread "G1 Refine#0"               [id=1240, stack(0x00000019e1a00000,0x00000019e1b00000) (1024K)]
  0x000001c79cf97780 ConcurrentGCThread "G1 Service"                [id=9940, stack(0x00000019e1b00000,0x00000019e1c00000) (1024K)]
Total: 10

Threads with active compile tasks:
C2 CompilerThread0    16596 10277   !   4       java.lang.ClassLoader::loadClass (121 bytes)
Total: 1

VM state: not at safepoint (normal execution)

VM Mutex/Monitor currently owned by a thread: None

Heap address: 0x00000000c1a00000, size: 998 MB, Compressed Oops mode: 32-bit

CDS archive(s) mapped at: [0x000001c7b8000000-0x000001c7b8c90000-0x000001c7b8c90000), size 13172736, SharedBaseAddress: 0x000001c7b8000000, ArchiveRelocationMode: 1.
Compressed class space mapped at: 0x000001c7b9000000-0x000001c7f9000000, reserved size: 1073741824
Narrow klass base: 0x000001c7b8000000, Narrow klass shift: 0, Narrow klass range: 0x100000000

GC Precious Log:
 CardTable entry size: 512
 Card Set container configuration: InlinePtr #cards 5 size 8 Array Of Cards #cards 12 size 40 Howl #buckets 4 coarsen threshold 1843 Howl Bitmap #cards 512 size 80 coarsen threshold 460 Card regions per heap region 1 cards per card region 2048
 CPUs: 4 total, 4 available
 Memory: 3986M
 Large Page Support: Disabled
 NUMA Support: Disabled
 Compressed Oops: Enabled (32-bit)
 Heap Region Size: 1M
 Heap Min Capacity: 8M
 Heap Initial Capacity: 64M
 Heap Max Capacity: 998M
 Pre-touch: Disabled
 Parallel Workers: 4
 Concurrent Workers: 1
 Concurrent Refinement Workers: 4
 Periodic GC: Disabled

Heap:
 garbage-first heap   total 184320K, used 111552K [0x00000000c1a00000, 0x0000000100000000)
  region size 1024K, 43 young (44032K), 1 survivors (1024K)
 Metaspace       used 37598K, committed 38208K, reserved 1114112K
  class space    used 4083K, committed 4352K, reserved 1048576K

Heap Regions: E=young(eden), S=young(survivor), O=old, HS=humongous(starts), HC=humongous(continues), CS=collection set, F=free, TAMS=top-at-mark-start, PB=parsable bottom
|   0|0x00000000c1a00000, 0x00000000c1b00000, 0x00000000c1b00000|100%| O|  |TAMS 0x00000000c1a00000| PB 0x00000000c1a00000| Untracked 
|   1|0x00000000c1b00000, 0x00000000c1c00000, 0x00000000c1c00000|100%| O|  |TAMS 0x00000000c1b00000| PB 0x00000000c1b00000| Untracked 
|   2|0x00000000c1c00000, 0x00000000c1d00000, 0x00000000c1d00000|100%| O|  |TAMS 0x00000000c1c00000| PB 0x00000000c1c00000| Untracked 
|   3|0x00000000c1d00000, 0x00000000c1e00000, 0x00000000c1e00000|100%| O|  |TAMS 0x00000000c1d00000| PB 0x00000000c1d00000| Untracked 
|   4|0x00000000c1e00000, 0x00000000c1f00000, 0x00000000c1f00000|100%| O|  |TAMS 0x00000000c1e00000| PB 0x00000000c1e00000| Untracked 
|   5|0x00000000c1f00000, 0x00000000c2000000, 0x00000000c2000000|100%| O|  |TAMS 0x00000000c1f00000| PB 0x00000000c1f00000| Untracked 
|   6|0x00000000c2000000, 0x00000000c2100000, 0x00000000c2100000|100%| O|  |TAMS 0x00000000c2000000| PB 0x00000000c2000000| Untracked 
|   7|0x00000000c2100000, 0x00000000c2200000, 0x00000000c2200000|100%| O|  |TAMS 0x00000000c2100000| PB 0x00000000c2100000| Untracked 
|   8|0x00000000c2200000, 0x00000000c2300000, 0x00000000c2300000|100%| O|  |TAMS 0x00000000c2200000| PB 0x00000000c2200000| Untracked 
|   9|0x00000000c2300000, 0x00000000c2400000, 0x00000000c2400000|100%| O|  |TAMS 0x00000000c2300000| PB 0x00000000c2300000| Untracked 
|  10|0x00000000c2400000, 0x00000000c2500000, 0x00000000c2500000|100%| O|  |TAMS 0x00000000c2400000| PB 0x00000000c2400000| Untracked 
|  11|0x00000000c2500000, 0x00000000c2600000, 0x00000000c2600000|100%| O|  |TAMS 0x00000000c2500000| PB 0x00000000c2500000| Untracked 
|  12|0x00000000c2600000, 0x00000000c2700000, 0x00000000c2700000|100%| O|  |TAMS 0x00000000c2600000| PB 0x00000000c2600000| Untracked 
|  13|0x00000000c2700000, 0x00000000c2800000, 0x00000000c2800000|100%| O|  |TAMS 0x00000000c2700000| PB 0x00000000c2700000| Untracked 
|  14|0x00000000c2800000, 0x00000000c2900000, 0x00000000c2900000|100%| O|  |TAMS 0x00000000c2800000| PB 0x00000000c2800000| Untracked 
|  15|0x00000000c2900000, 0x00000000c2a00000, 0x00000000c2a00000|100%| O|  |TAMS 0x00000000c2900000| PB 0x00000000c2900000| Untracked 
|  16|0x00000000c2a00000, 0x00000000c2b00000, 0x00000000c2b00000|100%| O|  |TAMS 0x00000000c2a00000| PB 0x00000000c2a00000| Untracked 
|  17|0x00000000c2b00000, 0x00000000c2c00000, 0x00000000c2c00000|100%| O|  |TAMS 0x00000000c2b00000| PB 0x00000000c2b00000| Untracked 
|  18|0x00000000c2c00000, 0x00000000c2d00000, 0x00000000c2d00000|100%|HS|  |TAMS 0x00000000c2c00000| PB 0x00000000c2c00000| Complete 
|  19|0x00000000c2d00000, 0x00000000c2e00000, 0x00000000c2e00000|100%|HC|  |TAMS 0x00000000c2d00000| PB 0x00000000c2d00000| Complete 
|  20|0x00000000c2e00000, 0x00000000c2f00000, 0x00000000c2f00000|100%|HC|  |TAMS 0x00000000c2e00000| PB 0x00000000c2e00000| Complete 
|  21|0x00000000c2f00000, 0x00000000c3000000, 0x00000000c3000000|100%| O|  |TAMS 0x00000000c2f00000| PB 0x00000000c2f00000| Untracked 
|  22|0x00000000c3000000, 0x00000000c3100000, 0x00000000c3100000|100%|HS|  |TAMS 0x00000000c3000000| PB 0x00000000c3000000| Complete 
|  23|0x00000000c3100000, 0x00000000c3200000, 0x00000000c3200000|100%| O|  |TAMS 0x00000000c3100000| PB 0x00000000c3100000| Untracked 
|  24|0x00000000c3200000, 0x00000000c3300000, 0x00000000c3300000|100%| O|  |TAMS 0x00000000c3200000| PB 0x00000000c3200000| Untracked 
|  25|0x00000000c3300000, 0x00000000c3400000, 0x00000000c3400000|100%| O|  |TAMS 0x00000000c3300000| PB 0x00000000c3300000| Untracked 
|  26|0x00000000c3400000, 0x00000000c3400000, 0x00000000c3500000|  0%| F|  |TAMS 0x00000000c3400000| PB 0x00000000c3400000| Untracked 
|  27|0x00000000c3500000, 0x00000000c3500000, 0x00000000c3600000|  0%| F|  |TAMS 0x00000000c3500000| PB 0x00000000c3500000| Untracked 
|  28|0x00000000c3600000, 0x00000000c3600000, 0x00000000c3700000|  0%| F|  |TAMS 0x00000000c3600000| PB 0x00000000c3600000| Untracked 
|  29|0x00000000c3700000, 0x00000000c3800000, 0x00000000c3800000|100%| O|  |TAMS 0x00000000c3700000| PB 0x00000000c3700000| Untracked 
|  30|0x00000000c3800000, 0x00000000c3900000, 0x00000000c3900000|100%| O|  |TAMS 0x00000000c3800000| PB 0x00000000c3800000| Untracked 
|  31|0x00000000c3900000, 0x00000000c3a00000, 0x00000000c3a00000|100%| O|  |TAMS 0x00000000c3900000| PB 0x00000000c3900000| Untracked 
|  32|0x00000000c3a00000, 0x00000000c3a00000, 0x00000000c3b00000|  0%| F|  |TAMS 0x00000000c3a00000| PB 0x00000000c3a00000| Untracked 
|  33|0x00000000c3b00000, 0x00000000c3c00000, 0x00000000c3c00000|100%| O|  |TAMS 0x00000000c3b00000| PB 0x00000000c3b00000| Untracked 
|  34|0x00000000c3c00000, 0x00000000c3c00000, 0x00000000c3d00000|  0%| F|  |TAMS 0x00000000c3c00000| PB 0x00000000c3c00000| Untracked 
|  35|0x00000000c3d00000, 0x00000000c3e00000, 0x00000000c3e00000|100%| O|  |TAMS 0x00000000c3d00000| PB 0x00000000c3d00000| Untracked 
|  36|0x00000000c3e00000, 0x00000000c3f00000, 0x00000000c3f00000|100%| O|  |TAMS 0x00000000c3e00000| PB 0x00000000c3e00000| Untracked 
|  37|0x00000000c3f00000, 0x00000000c4000000, 0x00000000c4000000|100%| O|  |TAMS 0x00000000c3f00000| PB 0x00000000c3f00000| Untracked 
|  38|0x00000000c4000000, 0x00000000c4100000, 0x00000000c4100000|100%| O|  |TAMS 0x00000000c4000000| PB 0x00000000c4000000| Untracked 
|  39|0x00000000c4100000, 0x00000000c4100000, 0x00000000c4200000|  0%| F|  |TAMS 0x00000000c4100000| PB 0x00000000c4100000| Untracked 
|  40|0x00000000c4200000, 0x00000000c4300000, 0x00000000c4300000|100%| O|  |TAMS 0x00000000c4200000| PB 0x00000000c4200000| Untracked 
|  41|0x00000000c4300000, 0x00000000c4400000, 0x00000000c4400000|100%| O|  |TAMS 0x00000000c4300000| PB 0x00000000c4300000| Untracked 
|  42|0x00000000c4400000, 0x00000000c4500000, 0x00000000c4500000|100%|HS|  |TAMS 0x00000000c4400000| PB 0x00000000c4400000| Complete 
|  43|0x00000000c4500000, 0x00000000c4600000, 0x00000000c4600000|100%| O|  |TAMS 0x00000000c4500000| PB 0x00000000c4500000| Untracked 
|  44|0x00000000c4600000, 0x00000000c4700000, 0x00000000c4700000|100%| O|  |TAMS 0x00000000c4600000| PB 0x00000000c4600000| Untracked 
|  45|0x00000000c4700000, 0x00000000c4800000, 0x00000000c4800000|100%| O|  |TAMS 0x00000000c4700000| PB 0x00000000c4700000| Untracked 
|  46|0x00000000c4800000, 0x00000000c4900000, 0x00000000c4900000|100%| O|  |TAMS 0x00000000c4800000| PB 0x00000000c4800000| Untracked 
|  47|0x00000000c4900000, 0x00000000c4a00000, 0x00000000c4a00000|100%| O|  |TAMS 0x00000000c4900000| PB 0x00000000c4900000| Untracked 
|  48|0x00000000c4a00000, 0x00000000c4b00000, 0x00000000c4b00000|100%|HS|  |TAMS 0x00000000c4a00000| PB 0x00000000c4a00000| Complete 
|  49|0x00000000c4b00000, 0x00000000c4c00000, 0x00000000c4c00000|100%|HC|  |TAMS 0x00000000c4b00000| PB 0x00000000c4b00000| Complete 
|  50|0x00000000c4c00000, 0x00000000c4d00000, 0x00000000c4d00000|100%|HC|  |TAMS 0x00000000c4c00000| PB 0x00000000c4c00000| Complete 
|  51|0x00000000c4d00000, 0x00000000c4e00000, 0x00000000c4e00000|100%| O|  |TAMS 0x00000000c4d00000| PB 0x00000000c4d00000| Untracked 
|  52|0x00000000c4e00000, 0x00000000c4f00000, 0x00000000c4f00000|100%| O|  |TAMS 0x00000000c4e00000| PB 0x00000000c4e00000| Untracked 
|  53|0x00000000c4f00000, 0x00000000c5000000, 0x00000000c5000000|100%| O|  |TAMS 0x00000000c4f00000| PB 0x00000000c4f00000| Untracked 
|  54|0x00000000c5000000, 0x00000000c5000000, 0x00000000c5100000|  0%| F|  |TAMS 0x00000000c5000000| PB 0x00000000c5000000| Untracked 
|  55|0x00000000c5100000, 0x00000000c5100000, 0x00000000c5200000|  0%| F|  |TAMS 0x00000000c5100000| PB 0x00000000c5100000| Untracked 
|  56|0x00000000c5200000, 0x00000000c5200000, 0x00000000c5300000|  0%| F|  |TAMS 0x00000000c5200000| PB 0x00000000c5200000| Untracked 
|  57|0x00000000c5300000, 0x00000000c5300000, 0x00000000c5400000|  0%| F|  |TAMS 0x00000000c5300000| PB 0x00000000c5300000| Untracked 
|  58|0x00000000c5400000, 0x00000000c5500000, 0x00000000c5500000|100%| O|  |TAMS 0x00000000c5400000| PB 0x00000000c5400000| Untracked 
|  59|0x00000000c5500000, 0x00000000c5600000, 0x00000000c5600000|100%| O|  |TAMS 0x00000000c5500000| PB 0x00000000c5500000| Untracked 
|  60|0x00000000c5600000, 0x00000000c5700000, 0x00000000c5700000|100%| O|  |TAMS 0x00000000c5600000| PB 0x00000000c5600000| Untracked 
|  61|0x00000000c5700000, 0x00000000c5800000, 0x00000000c5800000|100%| O|  |TAMS 0x00000000c5700000| PB 0x00000000c5700000| Untracked 
|  62|0x00000000c5800000, 0x00000000c5800000, 0x00000000c5900000|  0%| F|  |TAMS 0x00000000c5800000| PB 0x00000000c5800000| Untracked 
|  63|0x00000000c5900000, 0x00000000c5900000, 0x00000000c5a00000|  0%| F|  |TAMS 0x00000000c5900000| PB 0x00000000c5900000| Untracked 
|  64|0x00000000c5a00000, 0x00000000c5a00000, 0x00000000c5b00000|  0%| F|  |TAMS 0x00000000c5a00000| PB 0x00000000c5a00000| Untracked 
|  65|0x00000000c5b00000, 0x00000000c5b00000, 0x00000000c5c00000|  0%| F|  |TAMS 0x00000000c5b00000| PB 0x00000000c5b00000| Untracked 
|  66|0x00000000c5c00000, 0x00000000c5c00000, 0x00000000c5d00000|  0%| F|  |TAMS 0x00000000c5c00000| PB 0x00000000c5c00000| Untracked 
|  67|0x00000000c5d00000, 0x00000000c5d00000, 0x00000000c5e00000|  0%| F|  |TAMS 0x00000000c5d00000| PB 0x00000000c5d00000| Untracked 
|  68|0x00000000c5e00000, 0x00000000c5e00000, 0x00000000c5f00000|  0%| F|  |TAMS 0x00000000c5e00000| PB 0x00000000c5e00000| Untracked 
|  69|0x00000000c5f00000, 0x00000000c5f00000, 0x00000000c6000000|  0%| F|  |TAMS 0x00000000c5f00000| PB 0x00000000c5f00000| Untracked 
|  70|0x00000000c6000000, 0x00000000c6000000, 0x00000000c6100000|  0%| F|  |TAMS 0x00000000c6000000| PB 0x00000000c6000000| Untracked 
|  71|0x00000000c6100000, 0x00000000c6100000, 0x00000000c6200000|  0%| F|  |TAMS 0x00000000c6100000| PB 0x00000000c6100000| Untracked 
|  72|0x00000000c6200000, 0x00000000c6200000, 0x00000000c6300000|  0%| F|  |TAMS 0x00000000c6200000| PB 0x00000000c6200000| Untracked 
|  73|0x00000000c6300000, 0x00000000c6300000, 0x00000000c6400000|  0%| F|  |TAMS 0x00000000c6300000| PB 0x00000000c6300000| Untracked 
|  74|0x00000000c6400000, 0x00000000c6400000, 0x00000000c6500000|  0%| F|  |TAMS 0x00000000c6400000| PB 0x00000000c6400000| Untracked 
|  75|0x00000000c6500000, 0x00000000c6500000, 0x00000000c6600000|  0%| F|  |TAMS 0x00000000c6500000| PB 0x00000000c6500000| Untracked 
|  76|0x00000000c6600000, 0x00000000c66f0310, 0x00000000c6700000| 93%| S|CS|TAMS 0x00000000c6600000| PB 0x00000000c6600000| Complete 
|  77|0x00000000c6700000, 0x00000000c6700000, 0x00000000c6800000|  0%| F|  |TAMS 0x00000000c6700000| PB 0x00000000c6700000| Untracked 
|  78|0x00000000c6800000, 0x00000000c6800000, 0x00000000c6900000|  0%| F|  |TAMS 0x00000000c6800000| PB 0x00000000c6800000| Untracked 
|  79|0x00000000c6900000, 0x00000000c6900000, 0x00000000c6a00000|  0%| F|  |TAMS 0x00000000c6900000| PB 0x00000000c6900000| Untracked 
|  80|0x00000000c6a00000, 0x00000000c6a00000, 0x00000000c6b00000|  0%| F|  |TAMS 0x00000000c6a00000| PB 0x00000000c6a00000| Untracked 
|  81|0x00000000c6b00000, 0x00000000c6b00000, 0x00000000c6c00000|  0%| F|  |TAMS 0x00000000c6b00000| PB 0x00000000c6b00000| Untracked 
|  82|0x00000000c6c00000, 0x00000000c6c00000, 0x00000000c6d00000|  0%| F|  |TAMS 0x00000000c6c00000| PB 0x00000000c6c00000| Untracked 
|  83|0x00000000c6d00000, 0x00000000c6d00000, 0x00000000c6e00000|  0%| F|  |TAMS 0x00000000c6d00000| PB 0x00000000c6d00000| Untracked 
|  84|0x00000000c6e00000, 0x00000000c6e00000, 0x00000000c6f00000|  0%| F|  |TAMS 0x00000000c6e00000| PB 0x00000000c6e00000| Untracked 
|  85|0x00000000c6f00000, 0x00000000c6f00000, 0x00000000c7000000|  0%| F|  |TAMS 0x00000000c6f00000| PB 0x00000000c6f00000| Untracked 
|  86|0x00000000c7000000, 0x00000000c7000000, 0x00000000c7100000|  0%| F|  |TAMS 0x00000000c7000000| PB 0x00000000c7000000| Untracked 
|  87|0x00000000c7100000, 0x00000000c7100000, 0x00000000c7200000|  0%| F|  |TAMS 0x00000000c7100000| PB 0x00000000c7100000| Untracked 
|  88|0x00000000c7200000, 0x00000000c7200000, 0x00000000c7300000|  0%| F|  |TAMS 0x00000000c7200000| PB 0x00000000c7200000| Untracked 
|  89|0x00000000c7300000, 0x00000000c7300000, 0x00000000c7400000|  0%| F|  |TAMS 0x00000000c7300000| PB 0x00000000c7300000| Untracked 
|  90|0x00000000c7400000, 0x00000000c7400000, 0x00000000c7500000|  0%| F|  |TAMS 0x00000000c7400000| PB 0x00000000c7400000| Untracked 
|  91|0x00000000c7500000, 0x00000000c7500000, 0x00000000c7600000|  0%| F|  |TAMS 0x00000000c7500000| PB 0x00000000c7500000| Untracked 
|  92|0x00000000c7600000, 0x00000000c7600000, 0x00000000c7700000|  0%| F|  |TAMS 0x00000000c7600000| PB 0x00000000c7600000| Untracked 
|  93|0x00000000c7700000, 0x00000000c7700000, 0x00000000c7800000|  0%| F|  |TAMS 0x00000000c7700000| PB 0x00000000c7700000| Untracked 
|  94|0x00000000c7800000, 0x00000000c7800000, 0x00000000c7900000|  0%| F|  |TAMS 0x00000000c7800000| PB 0x00000000c7800000| Untracked 
|  95|0x00000000c7900000, 0x00000000c7900000, 0x00000000c7a00000|  0%| F|  |TAMS 0x00000000c7900000| PB 0x00000000c7900000| Untracked 
|  96|0x00000000c7a00000, 0x00000000c7a00000, 0x00000000c7b00000|  0%| F|  |TAMS 0x00000000c7a00000| PB 0x00000000c7a00000| Untracked 
|  97|0x00000000c7b00000, 0x00000000c7b00000, 0x00000000c7c00000|  0%| F|  |TAMS 0x00000000c7b00000| PB 0x00000000c7b00000| Untracked 
|  98|0x00000000c7c00000, 0x00000000c7c00000, 0x00000000c7d00000|  0%| F|  |TAMS 0x00000000c7c00000| PB 0x00000000c7c00000| Untracked 
|  99|0x00000000c7d00000, 0x00000000c7d00000, 0x00000000c7e00000|  0%| F|  |TAMS 0x00000000c7d00000| PB 0x00000000c7d00000| Untracked 
| 100|0x00000000c7e00000, 0x00000000c7e00000, 0x00000000c7f00000|  0%| F|  |TAMS 0x00000000c7e00000| PB 0x00000000c7e00000| Untracked 
| 101|0x00000000c7f00000, 0x00000000c7f00000, 0x00000000c8000000|  0%| F|  |TAMS 0x00000000c7f00000| PB 0x00000000c7f00000| Untracked 
| 102|0x00000000c8000000, 0x00000000c8000000, 0x00000000c8100000|  0%| F|  |TAMS 0x00000000c8000000| PB 0x00000000c8000000| Untracked 
| 103|0x00000000c8100000, 0x00000000c8100000, 0x00000000c8200000|  0%| F|  |TAMS 0x00000000c8100000| PB 0x00000000c8100000| Untracked 
| 104|0x00000000c8200000, 0x00000000c8200000, 0x00000000c8300000|  0%| F|  |TAMS 0x00000000c8200000| PB 0x00000000c8200000| Untracked 
| 105|0x00000000c8300000, 0x00000000c8300000, 0x00000000c8400000|  0%| F|  |TAMS 0x00000000c8300000| PB 0x00000000c8300000| Untracked 
| 106|0x00000000c8400000, 0x00000000c8400000, 0x00000000c8500000|  0%| F|  |TAMS 0x00000000c8400000| PB 0x00000000c8400000| Untracked 
| 107|0x00000000c8500000, 0x00000000c8500000, 0x00000000c8600000|  0%| F|  |TAMS 0x00000000c8500000| PB 0x00000000c8500000| Untracked 
| 108|0x00000000c8600000, 0x00000000c8600000, 0x00000000c8700000|  0%| F|  |TAMS 0x00000000c8600000| PB 0x00000000c8600000| Untracked 
| 109|0x00000000c8700000, 0x00000000c8700000, 0x00000000c8800000|  0%| F|  |TAMS 0x00000000c8700000| PB 0x00000000c8700000| Untracked 
| 110|0x00000000c8800000, 0x00000000c8800000, 0x00000000c8900000|  0%| F|  |TAMS 0x00000000c8800000| PB 0x00000000c8800000| Untracked 
| 111|0x00000000c8900000, 0x00000000c8900000, 0x00000000c8a00000|  0%| F|  |TAMS 0x00000000c8900000| PB 0x00000000c8900000| Untracked 
| 112|0x00000000c8a00000, 0x00000000c8a00000, 0x00000000c8b00000|  0%| F|  |TAMS 0x00000000c8a00000| PB 0x00000000c8a00000| Untracked 
| 113|0x00000000c8b00000, 0x00000000c8b00000, 0x00000000c8c00000|  0%| F|  |TAMS 0x00000000c8b00000| PB 0x00000000c8b00000| Untracked 
| 114|0x00000000c8c00000, 0x00000000c8c00000, 0x00000000c8d00000|  0%| F|  |TAMS 0x00000000c8c00000| PB 0x00000000c8c00000| Untracked 
| 115|0x00000000c8d00000, 0x00000000c8d00000, 0x00000000c8e00000|  0%| F|  |TAMS 0x00000000c8d00000| PB 0x00000000c8d00000| Untracked 
| 116|0x00000000c8e00000, 0x00000000c8e00000, 0x00000000c8f00000|  0%| F|  |TAMS 0x00000000c8e00000| PB 0x00000000c8e00000| Untracked 
| 117|0x00000000c8f00000, 0x00000000c8f00000, 0x00000000c9000000|  0%| F|  |TAMS 0x00000000c8f00000| PB 0x00000000c8f00000| Untracked 
| 118|0x00000000c9000000, 0x00000000c9000000, 0x00000000c9100000|  0%| F|  |TAMS 0x00000000c9000000| PB 0x00000000c9000000| Untracked 
| 119|0x00000000c9100000, 0x00000000c9100000, 0x00000000c9200000|  0%| F|  |TAMS 0x00000000c9100000| PB 0x00000000c9100000| Untracked 
| 120|0x00000000c9200000, 0x00000000c9200000, 0x00000000c9300000|  0%| F|  |TAMS 0x00000000c9200000| PB 0x00000000c9200000| Untracked 
| 121|0x00000000c9300000, 0x00000000c9300000, 0x00000000c9400000|  0%| F|  |TAMS 0x00000000c9300000| PB 0x00000000c9300000| Untracked 
| 122|0x00000000c9400000, 0x00000000c9400000, 0x00000000c9500000|  0%| F|  |TAMS 0x00000000c9400000| PB 0x00000000c9400000| Untracked 
| 123|0x00000000c9500000, 0x00000000c9600000, 0x00000000c9600000|100%| E|  |TAMS 0x00000000c9500000| PB 0x00000000c9500000| Complete 
| 124|0x00000000c9600000, 0x00000000c9700000, 0x00000000c9700000|100%| E|CS|TAMS 0x00000000c9600000| PB 0x00000000c9600000| Complete 
| 125|0x00000000c9700000, 0x00000000c9800000, 0x00000000c9800000|100%| E|CS|TAMS 0x00000000c9700000| PB 0x00000000c9700000| Complete 
| 126|0x00000000c9800000, 0x00000000c9900000, 0x00000000c9900000|100%| E|CS|TAMS 0x00000000c9800000| PB 0x00000000c9800000| Complete 
| 127|0x00000000c9900000, 0x00000000c9a00000, 0x00000000c9a00000|100%| E|CS|TAMS 0x00000000c9900000| PB 0x00000000c9900000| Complete 
| 128|0x00000000c9a00000, 0x00000000c9b00000, 0x00000000c9b00000|100%| E|CS|TAMS 0x00000000c9a00000| PB 0x00000000c9a00000| Complete 
| 129|0x00000000c9b00000, 0x00000000c9c00000, 0x00000000c9c00000|100%| E|CS|TAMS 0x00000000c9b00000| PB 0x00000000c9b00000| Complete 
| 130|0x00000000c9c00000, 0x00000000c9d00000, 0x00000000c9d00000|100%| E|CS|TAMS 0x00000000c9c00000| PB 0x00000000c9c00000| Complete 
| 131|0x00000000c9d00000, 0x00000000c9e00000, 0x00000000c9e00000|100%| E|CS|TAMS 0x00000000c9d00000| PB 0x00000000c9d00000| Complete 
| 132|0x00000000c9e00000, 0x00000000c9f00000, 0x00000000c9f00000|100%| E|CS|TAMS 0x00000000c9e00000| PB 0x00000000c9e00000| Complete 
| 133|0x00000000c9f00000, 0x00000000ca000000, 0x00000000ca000000|100%| E|CS|TAMS 0x00000000c9f00000| PB 0x00000000c9f00000| Complete 
| 134|0x00000000ca000000, 0x00000000ca100000, 0x00000000ca100000|100%| E|CS|TAMS 0x00000000ca000000| PB 0x00000000ca000000| Complete 
| 135|0x00000000ca100000, 0x00000000ca200000, 0x00000000ca200000|100%| E|CS|TAMS 0x00000000ca100000| PB 0x00000000ca100000| Complete 
| 136|0x00000000ca200000, 0x00000000ca300000, 0x00000000ca300000|100%| E|CS|TAMS 0x00000000ca200000| PB 0x00000000ca200000| Complete 
| 137|0x00000000ca300000, 0x00000000ca400000, 0x00000000ca400000|100%| E|CS|TAMS 0x00000000ca300000| PB 0x00000000ca300000| Complete 
| 138|0x00000000ca400000, 0x00000000ca500000, 0x00000000ca500000|100%| E|CS|TAMS 0x00000000ca400000| PB 0x00000000ca400000| Complete 
| 139|0x00000000ca500000, 0x00000000ca600000, 0x00000000ca600000|100%| E|CS|TAMS 0x00000000ca500000| PB 0x00000000ca500000| Complete 
| 140|0x00000000ca600000, 0x00000000ca700000, 0x00000000ca700000|100%| E|CS|TAMS 0x00000000ca600000| PB 0x00000000ca600000| Complete 
| 141|0x00000000ca700000, 0x00000000ca800000, 0x00000000ca800000|100%| E|CS|TAMS 0x00000000ca700000| PB 0x00000000ca700000| Complete 
| 142|0x00000000ca800000, 0x00000000ca900000, 0x00000000ca900000|100%| E|CS|TAMS 0x00000000ca800000| PB 0x00000000ca800000| Complete 
| 143|0x00000000ca900000, 0x00000000caa00000, 0x00000000caa00000|100%| E|CS|TAMS 0x00000000ca900000| PB 0x00000000ca900000| Complete 
| 144|0x00000000caa00000, 0x00000000cab00000, 0x00000000cab00000|100%| E|CS|TAMS 0x00000000caa00000| PB 0x00000000caa00000| Complete 
| 145|0x00000000cab00000, 0x00000000cac00000, 0x00000000cac00000|100%| E|CS|TAMS 0x00000000cab00000| PB 0x00000000cab00000| Complete 
| 146|0x00000000cac00000, 0x00000000cad00000, 0x00000000cad00000|100%| E|CS|TAMS 0x00000000cac00000| PB 0x00000000cac00000| Complete 
| 147|0x00000000cad00000, 0x00000000cae00000, 0x00000000cae00000|100%| E|CS|TAMS 0x00000000cad00000| PB 0x00000000cad00000| Complete 
| 148|0x00000000cae00000, 0x00000000caf00000, 0x00000000caf00000|100%| E|CS|TAMS 0x00000000cae00000| PB 0x00000000cae00000| Complete 
| 149|0x00000000caf00000, 0x00000000cb000000, 0x00000000cb000000|100%| E|CS|TAMS 0x00000000caf00000| PB 0x00000000caf00000| Complete 
| 150|0x00000000cb000000, 0x00000000cb100000, 0x00000000cb100000|100%| E|CS|TAMS 0x00000000cb000000| PB 0x00000000cb000000| Complete 
| 151|0x00000000cb100000, 0x00000000cb200000, 0x00000000cb200000|100%| E|CS|TAMS 0x00000000cb100000| PB 0x00000000cb100000| Complete 
| 152|0x00000000cb200000, 0x00000000cb300000, 0x00000000cb300000|100%| E|CS|TAMS 0x00000000cb200000| PB 0x00000000cb200000| Complete 
| 153|0x00000000cb300000, 0x00000000cb400000, 0x00000000cb400000|100%| E|CS|TAMS 0x00000000cb300000| PB 0x00000000cb300000| Complete 
| 154|0x00000000cb400000, 0x00000000cb500000, 0x00000000cb500000|100%| E|CS|TAMS 0x00000000cb400000| PB 0x00000000cb400000| Complete 
| 155|0x00000000cb500000, 0x00000000cb600000, 0x00000000cb600000|100%| E|CS|TAMS 0x00000000cb500000| PB 0x00000000cb500000| Complete 
| 156|0x00000000cb600000, 0x00000000cb700000, 0x00000000cb700000|100%| E|CS|TAMS 0x00000000cb600000| PB 0x00000000cb600000| Complete 
| 157|0x00000000cb700000, 0x00000000cb800000, 0x00000000cb800000|100%| E|CS|TAMS 0x00000000cb700000| PB 0x00000000cb700000| Complete 
| 158|0x00000000cb800000, 0x00000000cb900000, 0x00000000cb900000|100%| E|CS|TAMS 0x00000000cb800000| PB 0x00000000cb800000| Complete 
| 977|0x00000000feb00000, 0x00000000fec00000, 0x00000000fec00000|100%| O|  |TAMS 0x00000000feb00000| PB 0x00000000feb00000| Untracked 
| 978|0x00000000fec00000, 0x00000000fed00000, 0x00000000fed00000|100%| O|  |TAMS 0x00000000fec00000| PB 0x00000000fec00000| Untracked 
| 979|0x00000000fed00000, 0x00000000fee00000, 0x00000000fee00000|100%| O|  |TAMS 0x00000000fed00000| PB 0x00000000fed00000| Untracked 
| 980|0x00000000fee00000, 0x00000000fef00000, 0x00000000fef00000|100%| O|  |TAMS 0x00000000fee00000| PB 0x00000000fee00000| Untracked 
| 981|0x00000000fef00000, 0x00000000ff000000, 0x00000000ff000000|100%| O|  |TAMS 0x00000000fef00000| PB 0x00000000fef00000| Untracked 
| 982|0x00000000ff000000, 0x00000000ff100000, 0x00000000ff100000|100%| O|  |TAMS 0x00000000ff000000| PB 0x00000000ff000000| Untracked 
| 983|0x00000000ff100000, 0x00000000ff200000, 0x00000000ff200000|100%| O|  |TAMS 0x00000000ff100000| PB 0x00000000ff100000| Untracked 
| 984|0x00000000ff200000, 0x00000000ff300000, 0x00000000ff300000|100%| O|  |TAMS 0x00000000ff200000| PB 0x00000000ff200000| Untracked 
| 985|0x00000000ff300000, 0x00000000ff400000, 0x00000000ff400000|100%| O|  |TAMS 0x00000000ff300000| PB 0x00000000ff300000| Untracked 
| 986|0x00000000ff400000, 0x00000000ff500000, 0x00000000ff500000|100%| O|  |TAMS 0x00000000ff400000| PB 0x00000000ff400000| Untracked 
| 987|0x00000000ff500000, 0x00000000ff600000, 0x00000000ff600000|100%| O|  |TAMS 0x00000000ff500000| PB 0x00000000ff500000| Untracked 
| 988|0x00000000ff600000, 0x00000000ff700000, 0x00000000ff700000|100%| O|  |TAMS 0x00000000ff600000| PB 0x00000000ff600000| Untracked 
| 989|0x00000000ff700000, 0x00000000ff800000, 0x00000000ff800000|100%| O|  |TAMS 0x00000000ff700000| PB 0x00000000ff700000| Untracked 
| 990|0x00000000ff800000, 0x00000000ff900000, 0x00000000ff900000|100%| O|  |TAMS 0x00000000ff800000| PB 0x00000000ff800000| Untracked 
| 991|0x00000000ff900000, 0x00000000ffa00000, 0x00000000ffa00000|100%| E|CS|TAMS 0x00000000ff900000| PB 0x00000000ff900000| Complete 
| 992|0x00000000ffa00000, 0x00000000ffb00000, 0x00000000ffb00000|100%| E|CS|TAMS 0x00000000ffa00000| PB 0x00000000ffa00000| Complete 
| 993|0x00000000ffb00000, 0x00000000ffc00000, 0x00000000ffc00000|100%| E|CS|TAMS 0x00000000ffb00000| PB 0x00000000ffb00000| Complete 
| 994|0x00000000ffc00000, 0x00000000ffd00000, 0x00000000ffd00000|100%| E|CS|TAMS 0x00000000ffc00000| PB 0x00000000ffc00000| Complete 
| 995|0x00000000ffd00000, 0x00000000ffe00000, 0x00000000ffe00000|100%| E|CS|TAMS 0x00000000ffd00000| PB 0x00000000ffd00000| Complete 
| 996|0x00000000ffe00000, 0x00000000fff00000, 0x00000000fff00000|100%| E|CS|TAMS 0x00000000ffe00000| PB 0x00000000ffe00000| Complete 
| 997|0x00000000fff00000, 0x0000000100000000, 0x0000000100000000|100%| O|  |TAMS 0x00000000fff00000| PB 0x00000000fff00000| Untracked 

Card table byte_map: [0x000001c7b4580000,0x000001c7b4780000] _byte_map_base: 0x000001c7b3f73000

Marking Bits: (CMBitMap*) 0x000001c79cf2d9f0
 Bits: [0x000001c7b4780000, 0x000001c7b5718000)

Polling page: 0x000001c79ae00000

Metaspace:

Usage:
  Non-class:     32.74 MB used.
      Class:      3.99 MB used.
       Both:     36.73 MB used.

Virtual space:
  Non-class space:       64.00 MB reserved,      33.06 MB ( 52%) committed,  1 nodes.
      Class space:        1.00 GB reserved,       4.25 MB ( <1%) committed,  1 nodes.
             Both:        1.06 GB reserved,      37.31 MB (  3%) committed. 

Chunk freelists:
   Non-Class:  14.14 MB
       Class:  11.56 MB
        Both:  25.70 MB

MaxMetaspaceSize: unlimited
CompressedClassSpaceSize: 1.00 GB
Initial GC threshold: 21.00 MB
Current GC threshold: 54.62 MB
CDS: on
 - commit_granule_bytes: 65536.
 - commit_granule_words: 8192.
 - virtual_space_node_default_size: 8388608.
 - enlarge_chunks_in_place: 1.
 - use_allocation_guard: 0.


Internal statistics:

num_allocs_failed_limit: 6.
num_arena_births: 626.
num_arena_deaths: 0.
num_vsnodes_births: 2.
num_vsnodes_deaths: 0.
num_space_committed: 597.
num_space_uncommitted: 0.
num_chunks_returned_to_freelist: 6.
num_chunks_taken_from_freelist: 2051.
num_chunk_merges: 6.
num_chunk_splits: 1436.
num_chunks_enlarged: 1067.
num_inconsistent_stats: 0.

CodeHeap 'non-profiled nmethods': size=120000Kb used=3497Kb max_used=3497Kb free=116502Kb
 bounds [0x000001c7ace50000, 0x000001c7ad1c0000, 0x000001c7b4380000]
CodeHeap 'profiled nmethods': size=120000Kb used=19489Kb max_used=19489Kb free=100510Kb
 bounds [0x000001c7a5380000, 0x000001c7a6690000, 0x000001c7ac8b0000]
CodeHeap 'non-nmethods': size=5760Kb used=1519Kb max_used=1561Kb free=4240Kb
 bounds [0x000001c7ac8b0000, 0x000001c7acb20000, 0x000001c7ace50000]
 total_blobs=9506 nmethods=8915 adapters=495
 compilation: enabled
              stopped_count=0, restarted_count=0
 full_count=0

Compilation events (20 events):
Event: 16.009 Thread 0x000001c7b7bbc570 10378       2       java.lang.invoke.LambdaForm::identityForm (27 bytes)
Event: 16.009 Thread 0x000001c7b7bbc570 nmethod 10378 0x000001c7a667e790 code [0x000001c7a667e940, 0x000001c7a667eac0]
Event: 16.039 Thread 0x000001c7b7bbc570 10379       3       java.util.zip.CRC32::update (38 bytes)
Event: 16.040 Thread 0x000001c7b7bbc570 nmethod 10379 0x000001c7a667ec10 code [0x000001c7a667ee00, 0x000001c7a667f238]
Event: 16.040 Thread 0x000001c7b7bbc570 10380       3       java.util.zip.CRC32::updateBytes (14 bytes)
Event: 16.040 Thread 0x000001c7b7bbc570 nmethod 10380 0x000001c7a667f410 code [0x000001c7a667f5e0, 0x000001c7a667f9a0]
Event: 16.059 Thread 0x000001c7b7bbc570 10381       2       java.lang.invoke.LambdaForm$DMH/0x000001c7b91b0000::invokeStatic (31 bytes)
Event: 16.059 Thread 0x000001c7b7bbc570 nmethod 10381 0x000001c7a667fb90 code [0x000001c7a667fd40, 0x000001c7a667fe88]
Event: 16.060 Thread 0x000001c7b7bbc570 10382       2       java.lang.invoke.AbstractValidatingLambdaMetafactory::validateMetafactoryArgs (607 bytes)
Event: 16.066 Thread 0x000001c7b7bbc570 nmethod 10382 0x000001c7a667ff90 code [0x000001c7a6680600, 0x000001c7a6683d48]
Event: 16.070 Thread 0x000001c7b7bbc570 10383   !   2       java.lang.invoke.InnerClassLambdaMetafactory::buildCallSite (150 bytes)
Event: 16.071 Thread 0x000001c7b7bbc570 nmethod 10383 0x000001c7a6685890 code [0x000001c7a6685b80, 0x000001c7a6686538]
Event: 16.075 Thread 0x000001c7b7bbc570 10384       2       java.lang.invoke.SimpleMethodHandle::copyWithExtendL (7 bytes)
Event: 16.075 Thread 0x000001c7b7bbc570 nmethod 10384 0x000001c7a6686f90 code [0x000001c7a6687120, 0x000001c7a6687248]
Event: 16.078 Thread 0x000001c7b7bbc570 10385       2       java.util.stream.StreamSupport::intStream (14 bytes)
Event: 16.078 Thread 0x000001c7b7bbc570 nmethod 10385 0x000001c7a6687310 code [0x000001c7a66874c0, 0x000001c7a6687690]
Event: 16.078 Thread 0x000001c7b7bbc570 10386       2       java.util.stream.IntPipeline::adapt (35 bytes)
Event: 16.079 Thread 0x000001c7b7bbc570 nmethod 10386 0x000001c7a6687790 code [0x000001c7a6687960, 0x000001c7a6687cc0]
Event: 16.079 Thread 0x000001c7b7bbc570 10387       3       java.lang.StringBuilder::append (8 bytes)
Event: 16.080 Thread 0x000001c7b7bbc570 nmethod 10387 0x000001c7a6687e10 code [0x000001c7a6687fc0, 0x000001c7a6688110]

GC Heap History (20 events):
Event: 8.892 GC heap before
{Heap before GC invocations=11 (full 0):
 garbage-first heap   total 88064K, used 71168K [0x00000000c1a00000, 0x0000000100000000)
  region size 1024K, 31 young (31744K), 5 survivors (5120K)
 Metaspace       used 28416K, committed 28800K, reserved 1114112K
  class space    used 3147K, committed 3328K, reserved 1048576K
}
Event: 8.905 GC heap after
{Heap after GC invocations=12 (full 0):
 garbage-first heap   total 88064K, used 49152K [0x00000000c1a00000, 0x0000000100000000)
  region size 1024K, 3 young (3072K), 3 survivors (3072K)
 Metaspace       used 28416K, committed 28800K, reserved 1114112K
  class space    used 3147K, committed 3328K, reserved 1048576K
}
Event: 9.415 GC heap before
{Heap before GC invocations=13 (full 0):
 garbage-first heap   total 89088K, used 74752K [0x00000000c1a00000, 0x0000000100000000)
  region size 1024K, 28 young (28672K), 3 survivors (3072K)
 Metaspace       used 29632K, committed 30080K, reserved 1114112K
  class space    used 3272K, committed 3456K, reserved 1048576K
}
Event: 9.421 GC heap after
{Heap after GC invocations=14 (full 0):
 garbage-first heap   total 89088K, used 50100K [0x00000000c1a00000, 0x0000000100000000)
  region size 1024K, 1 young (1024K), 1 survivors (1024K)
 Metaspace       used 29632K, committed 30080K, reserved 1114112K
  class space    used 3272K, committed 3456K, reserved 1048576K
}
Event: 9.860 GC heap before
{Heap before GC invocations=14 (full 0):
 garbage-first heap   total 89088K, used 77748K [0x00000000c1a00000, 0x0000000100000000)
  region size 1024K, 28 young (28672K), 1 survivors (1024K)
 Metaspace       used 30340K, committed 30848K, reserved 1114112K
  class space    used 3368K, committed 3584K, reserved 1048576K
}
Event: 9.868 GC heap after
{Heap after GC invocations=15 (full 0):
 garbage-first heap   total 89088K, used 51148K [0x00000000c1a00000, 0x0000000100000000)
  region size 1024K, 2 young (2048K), 2 survivors (2048K)
 Metaspace       used 30340K, committed 30848K, reserved 1114112K
  class space    used 3368K, committed 3584K, reserved 1048576K
}
Event: 10.126 GC heap before
{Heap before GC invocations=15 (full 0):
 garbage-first heap   total 89088K, used 78796K [0x00000000c1a00000, 0x0000000100000000)
  region size 1024K, 29 young (29696K), 2 survivors (2048K)
 Metaspace       used 30531K, committed 31040K, reserved 1114112K
  class space    used 3374K, committed 3584K, reserved 1048576K
}
Event: 10.134 GC heap after
{Heap after GC invocations=16 (full 0):
 garbage-first heap   total 107520K, used 52548K [0x00000000c1a00000, 0x0000000100000000)
  region size 1024K, 4 young (4096K), 4 survivors (4096K)
 Metaspace       used 30531K, committed 31040K, reserved 1114112K
  class space    used 3374K, committed 3584K, reserved 1048576K
}
Event: 10.470 GC heap before
{Heap before GC invocations=17 (full 0):
 garbage-first heap   total 109568K, used 91460K [0x00000000c1a00000, 0x0000000100000000)
  region size 1024K, 43 young (44032K), 4 survivors (4096K)
 Metaspace       used 30669K, committed 31104K, reserved 1114112K
  class space    used 3378K, committed 3584K, reserved 1048576K
}
Event: 10.481 GC heap after
{Heap after GC invocations=18 (full 0):
 garbage-first heap   total 109568K, used 53097K [0x00000000c1a00000, 0x0000000100000000)
  region size 1024K, 4 young (4096K), 4 survivors (4096K)
 Metaspace       used 30669K, committed 31104K, reserved 1114112K
  class space    used 3378K, committed 3584K, reserved 1048576K
}
Event: 10.819 GC heap before
{Heap before GC invocations=18 (full 0):
 garbage-first heap   total 109568K, used 98153K [0x00000000c1a00000, 0x0000000100000000)
  region size 1024K, 48 young (49152K), 4 survivors (4096K)
 Metaspace       used 30747K, committed 31232K, reserved 1114112K
  class space    used 3378K, committed 3584K, reserved 1048576K
}
Event: 10.828 GC heap after
{Heap after GC invocations=19 (full 0):
 garbage-first heap   total 109568K, used 52776K [0x00000000c1a00000, 0x0000000100000000)
  region size 1024K, 3 young (3072K), 3 survivors (3072K)
 Metaspace       used 30747K, committed 31232K, reserved 1114112K
  class space    used 3378K, committed 3584K, reserved 1048576K
}
Event: 12.361 GC heap before
{Heap before GC invocations=19 (full 0):
 garbage-first heap   total 109568K, used 99880K [0x00000000c1a00000, 0x0000000100000000)
  region size 1024K, 49 young (50176K), 3 survivors (3072K)
 Metaspace       used 33037K, committed 33536K, reserved 1114112K
  class space    used 3615K, committed 3840K, reserved 1048576K
}
Event: 12.380 GC heap after
{Heap after GC invocations=20 (full 0):
 garbage-first heap   total 109568K, used 54677K [0x00000000c1a00000, 0x0000000100000000)
  region size 1024K, 6 young (6144K), 6 survivors (6144K)
 Metaspace       used 33037K, committed 33536K, reserved 1114112K
  class space    used 3615K, committed 3840K, reserved 1048576K
}
Event: 13.096 GC heap before
{Heap before GC invocations=21 (full 0):
 garbage-first heap   total 109568K, used 101781K [0x00000000c1a00000, 0x0000000100000000)
  region size 1024K, 47 young (48128K), 6 survivors (6144K)
 Metaspace       used 33109K, committed 33600K, reserved 1114112K
  class space    used 3618K, committed 3840K, reserved 1048576K
}
Event: 13.167 GC heap after
{Heap after GC invocations=22 (full 0):
 garbage-first heap   total 124928K, used 75264K [0x00000000c1a00000, 0x0000000100000000)
  region size 1024K, 6 young (6144K), 6 survivors (6144K)
 Metaspace       used 33109K, committed 33600K, reserved 1114112K
  class space    used 3618K, committed 3840K, reserved 1048576K
}
Event: 13.859 GC heap before
{Heap before GC invocations=22 (full 0):
 garbage-first heap   total 124928K, used 104960K [0x00000000c1a00000, 0x0000000100000000)
  region size 1024K, 35 young (35840K), 6 survivors (6144K)
 Metaspace       used 33562K, committed 34112K, reserved 1114112K
  class space    used 3648K, committed 3904K, reserved 1048576K
}
Event: 13.878 GC heap after
{Heap after GC invocations=23 (full 0):
 garbage-first heap   total 124928K, used 72192K [0x00000000c1a00000, 0x0000000100000000)
  region size 1024K, 5 young (5120K), 5 survivors (5120K)
 Metaspace       used 33562K, committed 34112K, reserved 1114112K
  class space    used 3648K, committed 3904K, reserved 1048576K
}
Event: 14.624 GC heap before
{Heap before GC invocations=23 (full 0):
 garbage-first heap   total 124928K, used 101888K [0x00000000c1a00000, 0x0000000100000000)
  region size 1024K, 35 young (35840K), 5 survivors (5120K)
 Metaspace       used 34535K, committed 35072K, reserved 1114112K
  class space    used 3783K, committed 4032K, reserved 1048576K
}
Event: 14.640 GC heap after
{Heap after GC invocations=24 (full 0):
 garbage-first heap   total 184320K, used 69568K [0x00000000c1a00000, 0x0000000100000000)
  region size 1024K, 1 young (1024K), 1 survivors (1024K)
 Metaspace       used 34535K, committed 35072K, reserved 1114112K
  class space    used 3783K, committed 4032K, reserved 1048576K
}

Dll operation events (8 events):
Event: 0.011 Loaded shared library C:\Program Files\Java\jdk-21\bin\java.dll
Event: 0.046 Loaded shared library C:\Program Files\Java\jdk-21\bin\jsvml.dll
Event: 0.069 Loaded shared library C:\Program Files\Java\jdk-21\bin\net.dll
Event: 0.071 Loaded shared library C:\Program Files\Java\jdk-21\bin\nio.dll
Event: 0.075 Loaded shared library C:\Program Files\Java\jdk-21\bin\zip.dll
Event: 0.295 Loaded shared library C:\Program Files\Java\jdk-21\bin\jimage.dll
Event: 0.299 Loaded shared library C:\Program Files\Apache\Maven\apache-maven-3.9.9\lib\jansi-native\Windows\x86_64\jansi.dll
Event: 0.370 Loaded shared library C:\Program Files\Java\jdk-21\bin\verify.dll

Deoptimization events (20 events):
Event: 16.079 Thread 0x000001c7ff1ecba0 Uncommon trap: trap_request=0xffffff45 fr.pc=0x000001c7acf6744c relative=0x000000000000056c
Event: 16.079 Thread 0x000001c7ff1ecba0 Uncommon trap: reason=unstable_if action=reinterpret pc=0x000001c7acf6744c method=java.lang.AbstractStringBuilder.inflateIfNeededFor(Ljava/lang/String;)V @ 14 c2
Event: 16.079 Thread 0x000001c7ff1ecba0 DEOPT PACKING pc=0x000001c7acf6744c sp=0x00000019e2fff0b0
Event: 16.079 Thread 0x000001c7ff1ecba0 DEOPT UNPACKING pc=0x000001c7ac9046a2 sp=0x00000019e2ffefb8 mode 2
Event: 16.079 Thread 0x000001c7ff1ecba0 Uncommon trap: trap_request=0xffffff45 fr.pc=0x000001c7ace7bf18 relative=0x00000000000000f8
Event: 16.079 Thread 0x000001c7ff1ecba0 Uncommon trap: reason=unstable_if action=reinterpret pc=0x000001c7ace7bf18 method=java.lang.String.getBytes([BIB)V @ 5 c2
Event: 16.079 Thread 0x000001c7ff1ecba0 DEOPT PACKING pc=0x000001c7ace7bf18 sp=0x00000019e2ffefe0
Event: 16.079 Thread 0x000001c7ff1ecba0 DEOPT UNPACKING pc=0x000001c7ac9046a2 sp=0x00000019e2ffefa8 mode 2
Event: 16.079 Thread 0x000001c7ff1ecba0 Uncommon trap: trap_request=0xffffff45 fr.pc=0x000001c7acf1d600 relative=0x0000000000000540
Event: 16.079 Thread 0x000001c7ff1ecba0 Uncommon trap: reason=unstable_if action=reinterpret pc=0x000001c7acf1d600 method=java.lang.String.<init>(Ljava/lang/AbstractStringBuilder;Ljava/lang/Void;)V @ 19 c2
Event: 16.079 Thread 0x000001c7ff1ecba0 DEOPT PACKING pc=0x000001c7acf1d600 sp=0x00000019e2fff120
Event: 16.079 Thread 0x000001c7ff1ecba0 DEOPT UNPACKING pc=0x000001c7ac9046a2 sp=0x00000019e2fff018 mode 2
Event: 16.079 Thread 0x000001c7ff1ecba0 Uncommon trap: trap_request=0xffffff45 fr.pc=0x000001c7acfd86e8 relative=0x00000000000000c8
Event: 16.079 Thread 0x000001c7ff1ecba0 Uncommon trap: reason=unstable_if action=reinterpret pc=0x000001c7acfd86e8 method=java.lang.String.codePointAt(I)I @ 4 c2
Event: 16.079 Thread 0x000001c7ff1ecba0 DEOPT PACKING pc=0x000001c7acfd86e8 sp=0x00000019e2fff0a0
Event: 16.079 Thread 0x000001c7ff1ecba0 DEOPT UNPACKING pc=0x000001c7ac9046a2 sp=0x00000019e2fff028 mode 2
Event: 16.080 Thread 0x000001c7ff1ecba0 Uncommon trap: trap_request=0xffffffc6 fr.pc=0x000001c7acfd8fe8 relative=0x00000000000002a8
Event: 16.080 Thread 0x000001c7ff1ecba0 Uncommon trap: reason=bimorphic_or_optimized_type_check action=maybe_recompile pc=0x000001c7acfd8fe8 method=java.util.regex.Matcher.getTextLength()I @ 4 c2
Event: 16.080 Thread 0x000001c7ff1ecba0 DEOPT PACKING pc=0x000001c7acfd8fe8 sp=0x00000019e2fff190
Event: 16.080 Thread 0x000001c7ff1ecba0 DEOPT UNPACKING pc=0x000001c7ac9046a2 sp=0x00000019e2fff0c0 mode 2

Classes loaded (20 events):
Event: 16.008 Loading class jdk/internal/logger/LoggerFinderLoader
Event: 16.009 Loading class jdk/internal/logger/LoggerFinderLoader done
Event: 16.009 Loading class jdk/internal/logger/LoggerFinderLoader$TemporaryLoggerFinder
Event: 16.010 Loading class jdk/internal/logger/LoggerFinderLoader$TemporaryLoggerFinder done
Event: 16.010 Loading class sun/util/logging/internal/LoggingProviderImpl$JULWrapper
Event: 16.012 Loading class sun/util/logging/PlatformLogger$ConfigurableBridge$LoggerConfiguration
Event: 16.012 Loading class sun/util/logging/PlatformLogger$ConfigurableBridge$LoggerConfiguration done
Event: 16.012 Loading class sun/util/logging/internal/LoggingProviderImpl$JULWrapper done
Event: 16.012 Loading class java/lang/System$Logger$Level
Event: 16.012 Loading class java/lang/System$Logger$Level done
Event: 16.013 Loading class java/nio/channels/ClosedChannelException
Event: 16.014 Loading class java/nio/channels/ClosedChannelException done
Event: 16.017 Loading class java/nio/channels/NonReadableChannelException
Event: 16.017 Loading class java/nio/channels/NonReadableChannelException done
Event: 16.019 Loading class java/nio/channels/NonWritableChannelException
Event: 16.019 Loading class java/nio/channels/NonWritableChannelException done
Event: 16.052 Loading class java/util/Scanner
Event: 16.055 Loading class java/util/Scanner done
Event: 16.076 Loading class java/util/Scanner$PatternLRUCache
Event: 16.077 Loading class java/util/Scanner$PatternLRUCache done

Classes unloaded (0 events):
No events

Classes redefined (0 events):
No events

Internal exceptions (20 events):
Event: 14.390 Thread 0x000001c79ae4dc10 Exception <a 'sun/nio/fs/WindowsException'{0x00000000c6e27ac8}> (0x00000000c6e27ac8) 
thrown [s\open\src\hotspot\share\prims\jni.cpp, line 520]
Event: 14.390 Thread 0x000001c79ae4dc10 Exception <a 'sun/nio/fs/WindowsException'{0x00000000c6e284f0}> (0x00000000c6e284f0) 
thrown [s\open\src\hotspot\share\prims\jni.cpp, line 520]
Event: 14.391 Thread 0x000001c79ae4dc10 Exception <a 'sun/nio/fs/WindowsException'{0x00000000c6e28fe0}> (0x00000000c6e28fe0) 
thrown [s\open\src\hotspot\share\prims\jni.cpp, line 520]
Event: 14.396 Thread 0x000001c79ae4dc10 Exception <a 'sun/nio/fs/WindowsException'{0x00000000c6e49458}> (0x00000000c6e49458) 
thrown [s\open\src\hotspot\share\prims\jni.cpp, line 520]
Event: 14.396 Thread 0x000001c79ae4dc10 Exception <a 'sun/nio/fs/WindowsException'{0x00000000c6e49e80}> (0x00000000c6e49e80) 
thrown [s\open\src\hotspot\share\prims\jni.cpp, line 520]
Event: 14.396 Thread 0x000001c79ae4dc10 Exception <a 'sun/nio/fs/WindowsException'{0x00000000c6e4a970}> (0x00000000c6e4a970) 
thrown [s\open\src\hotspot\share\prims\jni.cpp, line 520]
Event: 14.404 Thread 0x000001c79ae4dc10 Exception <a 'sun/nio/fs/WindowsException'{0x00000000c6d2f800}> (0x00000000c6d2f800) 
thrown [s\open\src\hotspot\share\prims\jni.cpp, line 520]
Event: 14.406 Thread 0x000001c79ae4dc10 Exception <a 'sun/nio/fs/WindowsException'{0x00000000c6d490a0}> (0x00000000c6d490a0) 
thrown [s\open\src\hotspot\share\prims\jni.cpp, line 520]
Event: 14.410 Thread 0x000001c79ae4dc10 Exception <a 'sun/nio/fs/WindowsException'{0x00000000c6d653b8}> (0x00000000c6d653b8) 
thrown [s\open\src\hotspot\share\prims\jni.cpp, line 520]
Event: 14.410 Thread 0x000001c79ae4dc10 Exception <a 'sun/nio/fs/WindowsException'{0x00000000c6d65b38}> (0x00000000c6d65b38) 
thrown [s\open\src\hotspot\share\prims\jni.cpp, line 520]
Event: 14.410 Thread 0x000001c79ae4dc10 Exception <a 'sun/nio/fs/WindowsException'{0x00000000c6d66108}> (0x00000000c6d66108) 
thrown [s\open\src\hotspot\share\prims\jni.cpp, line 520]
Event: 14.410 Thread 0x000001c79ae4dc10 Exception <a 'sun/nio/fs/WindowsException'{0x00000000c6d66850}> (0x00000000c6d66850) 
thrown [s\open\src\hotspot\share\prims\jni.cpp, line 520]
Event: 14.411 Thread 0x000001c79ae4dc10 Exception <a 'sun/nio/fs/WindowsException'{0x00000000c6d66f88}> (0x00000000c6d66f88) 
thrown [s\open\src\hotspot\share\prims\jni.cpp, line 520]
Event: 15.266 Thread 0x000001c7b7b8a560 Exception <a 'java/lang/NoSuchMethodError'{0x00000000ca6b8ca0}: 'java.lang.Object java.lang.invoke.DirectMethodHandle$Holder.invokeStatic(java.lang.Object, long, java.lang.Object)'> (0x00000000ca6b8ca0) 
thrown [s\open\src\hotspot\share\interpreter\linkResolver.cpp, line 773]
Event: 15.266 Thread 0x000001c7b7b8a560 Exception <a 'java/lang/NoSuchMethodError'{0x00000000ca6bc058}: 'java.lang.Object java.lang.invoke.DirectMethodHandle$Holder.invokeStaticInit(java.lang.Object, long, java.lang.Object)'> (0x00000000ca6bc058) 
thrown [s\open\src\hotspot\share\interpreter\linkResolver.cpp, line 773]
Event: 15.267 Thread 0x000001c7b7b8a560 Exception <a 'java/lang/NoSuchMethodError'{0x00000000ca6c1470}: 'java.lang.Object java.lang.invoke.DirectMethodHandle$Holder.newInvokeSpecial(java.lang.Object, long)'> (0x00000000ca6c1470) 
thrown [s\open\src\hotspot\share\interpreter\linkResolver.cpp, line 773]
Event: 15.274 Thread 0x000001c7b7b8a560 Exception <a 'java/lang/NoSuchMethodError'{0x00000000ca6c5c58}: 'long java.lang.invoke.DirectMethodHandle$Holder.invokeInterface(java.lang.Object, java.lang.Object)'> (0x00000000ca6c5c58) 
thrown [s\open\src\hotspot\share\interpreter\linkResolver.cpp, line 773]
Event: 15.275 Thread 0x000001c7b7b8a560 Exception <a 'java/lang/NoSuchMethodError'{0x00000000ca6c9120}: 'long java.lang.invoke.DelegatingMethodHandle$Holder.reinvoke_L(java.lang.Object, java.lang.Object)'> (0x00000000ca6c9120) 
thrown [s\open\src\hotspot\share\interpreter\linkResolver.cpp, line 773]
Event: 15.405 Thread 0x000001c79ae4dc10 Exception <a 'java/lang/NoSuchMethodError'{0x00000000ca231940}: 'java.lang.Object java.lang.invoke.DirectMethodHandle$Holder.invokeStaticInit(java.lang.Object, java.lang.Object, int, int, int, int)'> (0x00000000ca231940) 
thrown [s\open\src\hotspot\share\interpreter\linkResolver.cpp, line 773]
Event: 15.996 Thread 0x000001c79ae4dc10 Exception <a 'java/lang/NoSuchMethodError'{0x00000000c972b4b8}: 'void java.lang.invoke.DirectMethodHandle$Holder.invokeStatic(java.lang.Object, long)'> (0x00000000c972b4b8) 
thrown [s\open\src\hotspot\share\interpreter\linkResolver.cpp, line 773]

ZGC Phase Switch (0 events):
No events

VM Operations (20 events):
Event: 13.859 Executing VM operation: G1CollectForAllocation (G1 Evacuation Pause)
Event: 13.878 Executing VM operation: G1CollectForAllocation (G1 Evacuation Pause) done
Event: 14.624 Executing VM operation: G1CollectForAllocation (G1 Evacuation Pause)
Event: 14.640 Executing VM operation: G1CollectForAllocation (G1 Evacuation Pause) done
Event: 15.214 Executing VM operation: HandshakeAllThreads (Deoptimize)
Event: 15.214 Executing VM operation: HandshakeAllThreads (Deoptimize) done
Event: 15.274 Executing VM operation: HandshakeAllThreads (Deoptimize)
Event: 15.274 Executing VM operation: HandshakeAllThreads (Deoptimize) done
Event: 15.357 Executing VM operation: HandshakeAllThreads (Deoptimize)
Event: 15.357 Executing VM operation: HandshakeAllThreads (Deoptimize) done
Event: 15.819 Executing VM operation: HandshakeAllThreads (Deoptimize)
Event: 15.819 Executing VM operation: HandshakeAllThreads (Deoptimize) done
Event: 15.819 Executing VM operation: Cleanup
Event: 15.819 Executing VM operation: Cleanup done
Event: 15.882 Executing VM operation: HandshakeAllThreads (Deoptimize)
Event: 15.882 Executing VM operation: HandshakeAllThreads (Deoptimize) done
Event: 15.884 Executing VM operation: HandshakeAllThreads (Deoptimize)
Event: 15.884 Executing VM operation: HandshakeAllThreads (Deoptimize) done
Event: 16.000 Executing VM operation: HandshakeAllThreads (Deoptimize)
Event: 16.000 Executing VM operation: HandshakeAllThreads (Deoptimize) done

Events (20 events):
Event: 12.505 Thread 0x000001c79cfba6e0 flushing nmethod 0x000001c7a6168410
Event: 12.505 Thread 0x000001c79cfba6e0 flushing nmethod 0x000001c7a6168d90
Event: 12.505 Thread 0x000001c79cfba6e0 flushing nmethod 0x000001c7a617c890
Event: 12.505 Thread 0x000001c79cfba6e0 flushing nmethod 0x000001c7a617cc90
Event: 12.505 Thread 0x000001c79cfba6e0 flushing nmethod 0x000001c7a6181090
Event: 12.505 Thread 0x000001c79cfba6e0 flushing nmethod 0x000001c7a6181e90
Event: 12.505 Thread 0x000001c79cfba6e0 flushing nmethod 0x000001c7a61d6890
Event: 12.505 Thread 0x000001c79cfba6e0 flushing nmethod 0x000001c7a61f2510
Event: 12.505 Thread 0x000001c79cfba6e0 flushing nmethod 0x000001c7a61f3d90
Event: 12.505 Thread 0x000001c79cfba6e0 flushing nmethod 0x000001c7a61f4710
Event: 12.505 Thread 0x000001c79cfba6e0 flushing nmethod 0x000001c7a61f4b90
Event: 12.505 Thread 0x000001c79cfba6e0 flushing nmethod 0x000001c7a61f5110
Event: 15.219 Thread 0x000001c7b7b8a560 Thread added: 0x000001c7b7b8a560
Event: 15.278 Thread 0x000001c7b7b8a560 Thread exited: 0x000001c7b7b8a560
Event: 15.529 Thread 0x000001c7b7b8bfa0 Thread added: 0x000001c7b7b8bfa0
Event: 15.538 Thread 0x000001c7b7b8a560 Thread added: 0x000001c7b7b8a560
Event: 15.978 Thread 0x000001c7ff1ee5e0 Thread added: 0x000001c7ff1ee5e0
Event: 16.051 Thread 0x000001c7ff1ecba0 Thread added: 0x000001c7ff1ecba0
Event: 16.051 Thread 0x000001c7ff1eec70 Thread added: 0x000001c7ff1eec70
Event: 16.075 Thread 0x000001c7ff1ed230 Thread added: 0x000001c7ff1ed230


Dynamic libraries:
0x00007ff71cb80000 - 0x00007ff71cb90000 	C:\Program Files\Java\jdk-21\bin\java.exe
0x00007ff87c970000 - 0x00007ff87cb87000 	C:\Windows\SYSTEM32\ntdll.dll
0x00007ff87bfc0000 - 0x00007ff87c084000 	C:\Windows\System32\KERNEL32.DLL
0x00007ff879dd0000 - 0x00007ff87a187000 	C:\Windows\System32\KERNELBASE.dll
0x00007ff879cb0000 - 0x00007ff879dc1000 	C:\Windows\System32\ucrtbase.dll
0x00007ff862420000 - 0x00007ff86243b000 	C:\Program Files\Java\jdk-21\bin\VCRUNTIME140.dll
0x00007ff872380000 - 0x00007ff872399000 	C:\Program Files\Java\jdk-21\bin\jli.dll
0x00007ff87ba40000 - 0x00007ff87baf2000 	C:\Windows\System32\ADVAPI32.dll
0x00007ff87c870000 - 0x00007ff87c917000 	C:\Windows\System32\msvcrt.dll
0x00007ff87a6a0000 - 0x00007ff87a748000 	C:\Windows\System32\sechost.dll
0x00007ff87a550000 - 0x00007ff87a578000 	C:\Windows\System32\bcrypt.dll
0x00007ff87b4b0000 - 0x00007ff87b5c4000 	C:\Windows\System32\RPCRT4.dll
0x00007ff87bb80000 - 0x00007ff87bd2f000 	C:\Windows\System32\USER32.dll
0x00007ff879c80000 - 0x00007ff879ca6000 	C:\Windows\System32\win32u.dll
0x00007ff864060000 - 0x00007ff8642f3000 	C:\Windows\WinSxS\amd64_microsoft.windows.common-controls_6595b64144ccf1df_6.0.22621.3672_none_2713b9d173822955\COMCTL32.dll
0x00007ff87c740000 - 0x00007ff87c769000 	C:\Windows\System32\GDI32.dll
0x00007ff87a190000 - 0x00007ff87a2a8000 	C:\Windows\System32\gdi32full.dll
0x00007ff87a580000 - 0x00007ff87a61a000 	C:\Windows\System32\msvcp_win.dll
0x00007ff868060000 - 0x00007ff86806a000 	C:\Windows\SYSTEM32\VERSION.dll
0x00007ff87c200000 - 0x00007ff87c231000 	C:\Windows\System32\IMM32.DLL
0x00007ff872320000 - 0x00007ff87232c000 	C:\Program Files\Java\jdk-21\bin\vcruntime140_1.dll
0x00007ff853bf0000 - 0x00007ff853c7e000 	C:\Program Files\Java\jdk-21\bin\msvcp140.dll
0x00007ff8115b0000 - 0x00007ff8122c8000 	C:\Program Files\Java\jdk-21\bin\server\jvm.dll
0x00007ff87c6c0000 - 0x00007ff87c731000 	C:\Windows\System32\WS2_32.dll
0x00007ff879aa0000 - 0x00007ff879aed000 	C:\Windows\SYSTEM32\POWRPROF.dll
0x00007ff86f570000 - 0x00007ff86f5a4000 	C:\Windows\SYSTEM32\WINMM.dll
0x00007ff879980000 - 0x00007ff879993000 	C:\Windows\SYSTEM32\UMPDC.dll
0x00007ff878cd0000 - 0x00007ff878ce8000 	C:\Windows\SYSTEM32\kernel.appcore.dll
0x00007ff8722b0000 - 0x00007ff8722ba000 	C:\Program Files\Java\jdk-21\bin\jimage.dll
0x00007ff876690000 - 0x00007ff8768c2000 	C:\Windows\SYSTEM32\DBGHELP.DLL
0x00007ff87b6b0000 - 0x00007ff87ba3e000 	C:\Windows\System32\combase.dll
0x00007ff87b3d0000 - 0x00007ff87b4a7000 	C:\Windows\System32\OLEAUT32.dll
0x00007ff8546b0000 - 0x00007ff8546e2000 	C:\Windows\SYSTEM32\dbgcore.DLL
0x00007ff87a620000 - 0x00007ff87a69b000 	C:\Windows\System32\bcryptPrimitives.dll
0x00007ff862400000 - 0x00007ff86241f000 	C:\Program Files\Java\jdk-21\bin\java.dll
0x00007ff87a840000 - 0x00007ff87b0a9000 	C:\Windows\System32\SHELL32.dll
0x00007ff877be0000 - 0x00007ff8784df000 	C:\Windows\SYSTEM32\windows.storage.dll
0x00007ff877a90000 - 0x00007ff877bcf000 	C:\Windows\SYSTEM32\wintypes.dll
0x00007ff87c770000 - 0x00007ff87c869000 	C:\Windows\System32\SHCORE.dll
0x00007ff87a750000 - 0x00007ff87a7ae000 	C:\Windows\System32\shlwapi.dll
0x00007ff879bb0000 - 0x00007ff879bd7000 	C:\Windows\SYSTEM32\profapi.dll
0x00007ff820020000 - 0x00007ff8200f7000 	C:\Program Files\Java\jdk-21\bin\jsvml.dll
0x00007ff86f4d0000 - 0x00007ff86f4e0000 	C:\Program Files\Java\jdk-21\bin\net.dll
0x00007ff86e430000 - 0x00007ff86e566000 	C:\Windows\SYSTEM32\WINHTTP.dll
0x00007ff879140000 - 0x00007ff8791a9000 	C:\Windows\system32\mswsock.dll
0x00007ff8623e0000 - 0x00007ff8623f6000 	C:\Program Files\Java\jdk-21\bin\nio.dll
0x00007ff861850000 - 0x00007ff861868000 	C:\Program Files\Java\jdk-21\bin\zip.dll
0x00007ff853cc0000 - 0x00007ff853ce4000 	C:\Program Files\Apache\Maven\apache-maven-3.9.9\lib\jansi-native\Windows\x86_64\jansi.dll
0x00007ff867ef0000 - 0x00007ff867f00000 	C:\Program Files\Java\jdk-21\bin\verify.dll
0x00007ff8793a0000 - 0x00007ff8793bb000 	C:\Windows\SYSTEM32\CRYPTSP.dll
0x00007ff878c30000 - 0x00007ff878c65000 	C:\Windows\system32\rsaenh.dll
0x00007ff879230000 - 0x00007ff879258000 	C:\Windows\SYSTEM32\USERENV.dll
0x00007ff879390000 - 0x00007ff87939c000 	C:\Windows\SYSTEM32\CRYPTBASE.dll
0x00007ff878740000 - 0x00007ff87876d000 	C:\Windows\SYSTEM32\IPHLPAPI.DLL
0x00007ff87b3c0000 - 0x00007ff87b3c9000 	C:\Windows\System32\NSI.dll

dbghelp: loaded successfully - version: 4.0.5 - missing functions: none
symbol engine: initialized successfully - sym options: 0x614 - pdb path: .;C:\Program Files\Java\jdk-21\bin;C:\Windows\SYSTEM32;C:\Windows\WinSxS\amd64_microsoft.windows.common-controls_6595b64144ccf1df_6.0.22621.3672_none_2713b9d173822955;C:\Program Files\Java\jdk-21\bin\server;C:\Program Files\Apache\Maven\apache-maven-3.9.9\lib\jansi-native\Windows\x86_64

VM Arguments:
jvm_args: -Dclassworlds.conf=C:\Program Files\Apache\Maven\apache-maven-3.9.9\bin\m2.conf -Dmaven.home=C:\Program Files\Apache\Maven\apache-maven-3.9.9 -Dlibrary.jansi.path=C:\Program Files\Apache\Maven\apache-maven-3.9.9\lib\jansi-native -Dmaven.multiModuleProjectDirectory=C:\Users\Administrator\Desktop\saidika backend\saidika_backend 
java_command: org.codehaus.plexus.classworlds.launcher.Launcher clean package
java_class_path (initial): C:\Program Files\Apache\Maven\apache-maven-3.9.9\boot\plexus-classworlds-2.8.0.jar
Launcher Type: SUN_STANDARD

[Global flags]
     intx CICompilerCount                          = 3                                         {product} {ergonomic}
     uint ConcGCThreads                            = 1                                         {product} {ergonomic}
     uint G1ConcRefinementThreads                  = 4                                         {product} {ergonomic}
   size_t G1HeapRegionSize                         = 1048576                                   {product} {ergonomic}
    uintx GCDrainStackTargetSize                   = 64                                        {product} {ergonomic}
   size_t InitialHeapSize                          = 67108864                                  {product} {ergonomic}
   size_t MarkStackSize                            = 4194304                                   {product} {ergonomic}
   size_t MaxHeapSize                              = 1046478848                                {product} {ergonomic}
   size_t MaxNewSize                               = 627048448                                 {product} {ergonomic}
   size_t MinHeapDeltaBytes                        = 1048576                                   {product} {ergonomic}
   size_t MinHeapSize                              = 8388608                                   {product} {ergonomic}
    uintx NonNMethodCodeHeapSize                   = 5832780                                {pd product} {ergonomic}
    uintx NonProfiledCodeHeapSize                  = 122912730                              {pd product} {ergonomic}
    uintx ProfiledCodeHeapSize                     = 122912730                              {pd product} {ergonomic}
    uintx ReservedCodeCacheSize                    = 251658240                              {pd product} {ergonomic}
     bool SegmentedCodeCache                       = true                                      {product} {ergonomic}
   size_t SoftMaxHeapSize                          = 1046478848                             {manageable} {ergonomic}
     bool UseCompressedOops                        = true                           {product lp64_product} {ergonomic}
     bool UseG1GC                                  = true                                      {product} {ergonomic}
     bool UseLargePagesIndividualAllocation        = false                                  {pd product} {ergonomic}

Logging:
Log output configuration:
 #0: stdout all=warning uptime,level,tags foldmultilines=false
 #1: stderr all=off uptime,level,tags foldmultilines=false

Environment Variables:
JAVA_HOME=C:\Program Files\Java\jdk-21\
PATH=C:\Program Files\Java\jdk-21\bin;C:\Windows\system32;C:\Windows;C:\Windows\System32\Wbem;C:\Windows\System32\WindowsPowerShell\v1.0\;C:\Windows\System32\OpenSSH\;C:\Program Files\Docker\Docker\resources\bin;C:\Program Files\Git\cmd;C:\Program Files\nodejs\;C:\Program Files\Apache\Maven\apache-maven-3.9.9\bin;C:\Users\Administrator\AppData\Local\Programs\Python\Python313\Scripts\;C:\Users\Administrator\AppData\Local\Programs\Python\Python313\;C:\Users\Administrator\AppData\Local\Microsoft\WindowsApps;C:\src\flutter-latest\flutter\bin;C:\Users\Administrator\AppData\Local\Programs\Microsoft VS Code\bin;C:\Users\Administrator\AppData\Local\GitHubDesktop\bin;C:\Users\Administrator\AppData\Roaming\npm;C:\Users\Administrator\AppData\Local\JetBrains\Toolbox\scripts;C:\Program Files\Java\jdk-21\bin;C:\Program Files\Tesseract-OCR;C:\Users\Administrator\AppData\Local\Pub\Cache\bin;
USERNAME=Administrator
OS=Windows_NT
PROCESSOR_IDENTIFIER=Intel64 Family 6 Model 78 Stepping 3, GenuineIntel
TMP=C:\Users\ADMINI~1\AppData\Local\Temp
TEMP=C:\Users\ADMINI~1\AppData\Local\Temp




Periodic native trim disabled

---------------  S Y S T E M  ---------------

OS:
 Windows 11 , 64 bit Build 22621 (10.0.22621.3958)
OS uptime: 0 days 15:52 hours
Hyper-V role detected

CPU: total 4 (initial active 4) (2 cores per cpu, 2 threads per core) family 6 model 78 stepping 3 microcode 0xd6, cx8, cmov, fxsr, ht, mmx, 3dnowpref, sse, sse2, sse3, ssse3, sse4.1, sse4.2, popcnt, lzcnt, tsc, tscinvbit, avx, avx2, aes, erms, clmul, bmi1, bmi2, rtm, adx, fma, vzeroupper, clflush, clflushopt, hv, rdtscp, f16c
Processor Information for all 4 processors :
  Max Mhz: 2496, Current Mhz: 2396, Mhz Limit: 2396

Memory: 4k page, system-wide physical 3986M (95M free)
TotalPageFile size 16274M (AvailPageFile size 2M)
current process WorkingSet (physical memory assigned to process): 294M, peak: 294M
current process commit charge ("private bytes"): 385M, peak: 385M

vm_info: Java HotSpot(TM) 64-Bit Server VM (21.0.5+9-LTS-239) for windows-amd64 JRE (21.0.5+9-LTS-239), built on 2024-09-30T05:17:38Z by "mach5one" with MS VC++ 17.6 (VS2022)

END.
