#
# There is insufficient memory for the Java Runtime Environment to continue.
# Native memory allocation (malloc) failed to allocate 1196336 bytes. Error detail: Chunk::new
# Possible reasons:
#   The system is out of physical RAM or swap space
#   This process is running with CompressedOops enabled, and the Java Heap may be blocking the growth of the native heap
# Possible solutions:
#   Reduce memory load on the system
#   Increase physical memory or swap space
#   Check if swap backing store is full
#   Decrease Java heap size (-Xmx/-Xms)
#   Decrease number of Java threads
#   Decrease Java thread stack sizes (-Xss)
#   Set larger code cache with -XX:ReservedCodeCacheSize=
#   JVM is running with Unscaled Compressed Oops mode in which the Java heap is
#     placed in the first 4GB address space. The Java Heap base address is the
#     maximum limit for the native heap growth. Please use -XX:HeapBaseMinAddress
#     to set the Java Heap base and to place the Java Heap above 4GB virtual address.
# This output file may be truncated or incomplete.
#
#  Out of Memory Error (arena.cpp:150), pid=5652, tid=10404
#
# JRE version: OpenJDK Runtime Environment (22.0.1+8) (build 22.0.1+8-16)
# Java VM: OpenJDK 64-Bit Server VM (22.0.1+8-16, mixed mode, sharing, tiered, compressed oops, compressed class ptrs, g1 gc, windows-amd64)
# No core dump will be written. Minidumps are not enabled by default on client versions of Windows
#

---------------  S U M M A R Y ------------

Command Line: -javaagent:C:\Program Files\JetBrains\IntelliJ IDEA Community Edition 2024.1.4\lib\idea_rt.jar=50421:C:\Program Files\JetBrains\IntelliJ IDEA Community Edition 2024.1.4\bin -Dfile.encoding=UTF-8 -Dsun.stdout.encoding=UTF-8 -Dsun.stderr.encoding=UTF-8 com.shaul.saidikaV3.SaidikaV3Application

Host: Intel(R) Core(TM) i5-6300U CPU @ 2.40GHz, 4 cores, 3G,  Windows 11 , 64 bit Build 22621 (10.0.22621.3958)
Time: Sun Jan 12 13:37:04 2025 E. Africa Standard Time elapsed time: 15.189412 seconds (0d 0h 0m 15s)

---------------  T H R E A D  ---------------

Current thread (0x000001d7c13e06d0):  JavaThread "C2 CompilerThread1" daemon [_thread_in_native, id=10404, stack(0x00000071f3100000,0x00000071f3200000) (1024K)]


Current CompileTask:
C2:15189 4438   !   4       org.springframework.util.ReflectionUtils::doWithMethods (186 bytes)

Stack: [0x00000071f3100000,0x00000071f3200000]
Native frames: (J=compiled Java code, j=interpreted, Vv=VM code, C=native code)
V  [jvm.dll+0x6e2279]  (no source info available)
V  [jvm.dll+0x874e33]  (no source info available)
V  [jvm.dll+0x87725e]  (no source info available)
V  [jvm.dll+0x877933]  (no source info available)
V  [jvm.dll+0x27fd76]  (no source info available)
V  [jvm.dll+0xc3d0f]  (no source info available)
V  [jvm.dll+0xc3f6b]  (no source info available)
V  [jvm.dll+0x2f3c2f]  (no source info available)
V  [jvm.dll+0x60bc9a]  (no source info available)
V  [jvm.dll+0x250db2]  (no source info available)
V  [jvm.dll+0x24949c]  (no source info available)
V  [jvm.dll+0x246ec6]  (no source info available)
V  [jvm.dll+0x1c4e90]  (no source info available)
V  [jvm.dll+0x2569fe]  (no source info available)
V  [jvm.dll+0x254cba]  (no source info available)
V  [jvm.dll+0x3f5336]  (no source info available)
V  [jvm.dll+0x81d44b]  (no source info available)
V  [jvm.dll+0x6e0915]  (no source info available)
C  [ucrtbase.dll+0x29333]  (no source info available)
C  [KERNEL32.DLL+0x1257d]  (no source info available)
C  [ntdll.dll+0x5af08]  (no source info available)


---------------  P R O C E S S  ---------------

Threads class SMR info:
_java_thread_list=0x000001d7c79a3e50, length=13, elements={
0x000001d7cdefe050, 0x000001d7c11486c0, 0x000001d7c1149790, 0x000001d7c114b7b0,
0x000001d7c1150b40, 0x000001d7c1151930, 0x000001d7c11527c0, 0x000001d7c1154560,
0x000001d7c11557b0, 0x000001d7c13538d0, 0x000001d7c1626470, 0x000001d7c1628af0,
0x000001d7c13e06d0
}

Java Threads: ( => current thread )
  0x000001d7cdefe050 JavaThread "main"                              [_thread_in_vm, id=6744, stack(0x00000071f1b00000,0x00000071f1c00000) (1024K)]
  0x000001d7c11486c0 JavaThread "Reference Handler"          daemon [_thread_blocked, id=13972, stack(0x00000071f2300000,0x00000071f2400000) (1024K)]
  0x000001d7c1149790 JavaThread "Finalizer"                  daemon [_thread_blocked, id=14068, stack(0x00000071f2400000,0x00000071f2500000) (1024K)]
  0x000001d7c114b7b0 JavaThread "Signal Dispatcher"          daemon [_thread_blocked, id=3840, stack(0x00000071f2500000,0x00000071f2600000) (1024K)]
  0x000001d7c1150b40 JavaThread "Attach Listener"            daemon [_thread_blocked, id=3752, stack(0x00000071f2600000,0x00000071f2700000) (1024K)]
  0x000001d7c1151930 JavaThread "Service Thread"             daemon [_thread_blocked, id=14004, stack(0x00000071f2700000,0x00000071f2800000) (1024K)]
  0x000001d7c11527c0 JavaThread "Monitor Deflation Thread"   daemon [_thread_blocked, id=13988, stack(0x00000071f2800000,0x00000071f2900000) (1024K)]
  0x000001d7c1154560 JavaThread "C2 CompilerThread0"         daemon [_thread_in_native, id=14000, stack(0x00000071f2900000,0x00000071f2a00000) (1024K)]
  0x000001d7c11557b0 JavaThread "C1 CompilerThread0"         daemon [_thread_blocked, id=14060, stack(0x00000071f2a00000,0x00000071f2b00000) (1024K)]
  0x000001d7c13538d0 JavaThread "Common-Cleaner"             daemon [_thread_blocked, id=6132, stack(0x00000071f2b00000,0x00000071f2c00000) (1024K)]
  0x000001d7c1626470 JavaThread "Monitor Ctrl-Break"         daemon [_thread_in_native, id=13812, stack(0x00000071f2c00000,0x00000071f2d00000) (1024K)]
  0x000001d7c1628af0 JavaThread "Notification Thread"        daemon [_thread_blocked, id=2296, stack(0x00000071f2d00000,0x00000071f2e00000) (1024K)]
=>0x000001d7c13e06d0 JavaThread "C2 CompilerThread1"         daemon [_thread_in_native, id=10404, stack(0x00000071f3100000,0x00000071f3200000) (1024K)]
Total: 13

Other Threads:
  0x000001d7c11299f0 VMThread "VM Thread"                           [id=9772, stack(0x00000071f2200000,0x00000071f2300000) (1024K)]
  0x000001d7c111da20 WatcherThread "VM Periodic Task Thread"        [id=13984, stack(0x00000071f2100000,0x00000071f2200000) (1024K)]
  0x000001d7cfff4060 WorkerThread "GC Thread#0"                     [id=12764, stack(0x00000071f1c00000,0x00000071f1d00000) (1024K)]
  0x000001d7c62ce9f0 WorkerThread "GC Thread#1"                     [id=10580, stack(0x00000071f2e00000,0x00000071f2f00000) (1024K)]
  0x000001d7c1b3f220 WorkerThread "GC Thread#2"                     [id=12028, stack(0x00000071f2f00000,0x00000071f3000000) (1024K)]
  0x000001d7c61ba490 WorkerThread "GC Thread#3"                     [id=13792, stack(0x00000071f3000000,0x00000071f3100000) (1024K)]
  0x000001d7cfffdd20 ConcurrentGCThread "G1 Main Marker"            [id=8872, stack(0x00000071f1d00000,0x00000071f1e00000) (1024K)]
  0x000001d7cfffe830 WorkerThread "G1 Conc#0"                       [id=5808, stack(0x00000071f1e00000,0x00000071f1f00000) (1024K)]
  0x000001d7d0056090 ConcurrentGCThread "G1 Refine#0"               [id=13764, stack(0x00000071f1f00000,0x00000071f2000000) (1024K)]
  0x000001d7d0056c10 ConcurrentGCThread "G1 Service"                [id=12304, stack(0x00000071f2000000,0x00000071f2100000) (1024K)]
Total: 10

Threads with active compile tasks:
C2 CompilerThread0  15350 4435       4       org.springframework.core.BridgeMethodResolver::resolveBridgeMethod (180 bytes)
C2 CompilerThread1  15350 4438   !   4       org.springframework.util.ReflectionUtils::doWithMethods (186 bytes)
Total: 2

VM state: not at safepoint (normal execution)

VM Mutex/Monitor currently owned by a thread: None

Heap address: 0x00000000c1a00000, size: 998 MB, Compressed Oops mode: 32-bit

CDS archive(s) mapped at: [0x000001d780000000-0x000001d780c50000-0x000001d780c50000), size 12910592, SharedBaseAddress: 0x000001d780000000, ArchiveRelocationMode: 1.
Compressed class space mapped at: 0x000001d781000000-0x000001d7c1000000, reserved size: 1073741824
Narrow klass base: 0x000001d780000000, Narrow klass shift: 0, Narrow klass range: 0x41000000

GC Precious Log:
 CardTable entry size: 512
 Card Set container configuration: InlinePtr #cards 5 size 8 Array Of Cards #cards 12 size 40 Howl #buckets 4 coarsen threshold 1843 Howl Bitmap #cards 512 size 80 coarsen threshold 460 Card regions per heap region 1 cards per card region 2048
 CPUs: 4 total, 4 available
 Memory: 3986M
 Large Page Support: Disabled
 NUMA Support: Disabled
 Compressed Oops: Enabled (32-bit)
 Heap Region Size: 1M
 Heap Min Capacity: 8M
 Heap Initial Capacity: 64M
 Heap Max Capacity: 998M
 Pre-touch: Disabled
 Parallel Workers: 4
 Concurrent Workers: 1
 Concurrent Refinement Workers: 4
 Periodic GC: Disabled

Heap:
 garbage-first heap   total reserved 1021952K, committed 45056K, used 35117K [0x00000000c1a00000, 0x0000000100000000)
  region size 1024K, 20 young (20480K), 3 survivors (3072K)
 Metaspace       used 33424K, committed 33984K, reserved 1114112K
  class space    used 4337K, committed 4608K, reserved 1048576K

Heap Regions: E=young(eden), S=young(survivor), O=old, HS=humongous(starts), HC=humongous(continues), CS=collection set, F=free, TAMS=top-at-mark-start, PB=parsable bottom
|   0|0x00000000c1a00000, 0x00000000c1b00000, 0x00000000c1b00000|100%|HS|  |TAMS 0x00000000c1a00000| PB 0x00000000c1a00000| Complete |  0
|   1|0x00000000c1b00000, 0x00000000c1c00000, 0x00000000c1c00000|100%| O|  |TAMS 0x00000000c1b00000| PB 0x00000000c1b00000| Untracked |  0
|   2|0x00000000c1c00000, 0x00000000c1d00000, 0x00000000c1d00000|100%| O|  |TAMS 0x00000000c1c00000| PB 0x00000000c1c00000| Untracked |  0
|   3|0x00000000c1d00000, 0x00000000c1e00000, 0x00000000c1e00000|100%| O|  |TAMS 0x00000000c1d00000| PB 0x00000000c1d00000| Untracked |  0
|   4|0x00000000c1e00000, 0x00000000c1f00000, 0x00000000c1f00000|100%| O|  |TAMS 0x00000000c1e00000| PB 0x00000000c1e00000| Untracked |  0
|   5|0x00000000c1f00000, 0x00000000c2000000, 0x00000000c2000000|100%| O|  |TAMS 0x00000000c1f00000| PB 0x00000000c1f00000| Untracked |  0
|   6|0x00000000c2000000, 0x00000000c2050d38, 0x00000000c2100000| 31%| O|  |TAMS 0x00000000c2000000| PB 0x00000000c2000000| Untracked |  0
|   7|0x00000000c2100000, 0x00000000c21fa6f0, 0x00000000c2200000| 97%| O|  |TAMS 0x00000000c2100000| PB 0x00000000c2100000| Untracked |  0
|   8|0x00000000c2200000, 0x00000000c2300000, 0x00000000c2300000|100%| O|  |TAMS 0x00000000c2200000| PB 0x00000000c2200000| Untracked |  0
|   9|0x00000000c2300000, 0x00000000c2400000, 0x00000000c2400000|100%| O|  |TAMS 0x00000000c2300000| PB 0x00000000c2300000| Untracked |  0
|  10|0x00000000c2400000, 0x00000000c2500000, 0x00000000c2500000|100%| O|  |TAMS 0x00000000c2400000| PB 0x00000000c2400000| Untracked |  0
|  11|0x00000000c2500000, 0x00000000c2600000, 0x00000000c2600000|100%| O|  |TAMS 0x00000000c2500000| PB 0x00000000c2500000| Untracked |  0
|  12|0x00000000c2600000, 0x00000000c2700000, 0x00000000c2700000|100%| O|  |TAMS 0x00000000c2600000| PB 0x00000000c2600000| Untracked |  0
|  13|0x00000000c2700000, 0x00000000c2800000, 0x00000000c2800000|100%| O|  |TAMS 0x00000000c2700000| PB 0x00000000c2700000| Untracked |  0
|  14|0x00000000c2800000, 0x00000000c2900000, 0x00000000c2900000|100%| O|  |TAMS 0x00000000c2800000| PB 0x00000000c2800000| Untracked |  0
|  15|0x00000000c2900000, 0x00000000c2900000, 0x00000000c2a00000|  0%| F|  |TAMS 0x00000000c2900000| PB 0x00000000c2900000| Untracked |  0
|  16|0x00000000c2a00000, 0x00000000c2a00000, 0x00000000c2b00000|  0%| F|  |TAMS 0x00000000c2a00000| PB 0x00000000c2a00000| Untracked |  0
|  17|0x00000000c2b00000, 0x00000000c2b00000, 0x00000000c2c00000|  0%| F|  |TAMS 0x00000000c2b00000| PB 0x00000000c2b00000| Untracked |  0
|  18|0x00000000c2c00000, 0x00000000c2d00000, 0x00000000c2d00000|100%| O|  |TAMS 0x00000000c2c00000| PB 0x00000000c2c00000| Untracked |  0
|  19|0x00000000c2d00000, 0x00000000c2d00000, 0x00000000c2e00000|  0%| F|  |TAMS 0x00000000c2d00000| PB 0x00000000c2d00000| Untracked |  0
|  20|0x00000000c2e00000, 0x00000000c2f00000, 0x00000000c2f00000|100%| S|CS|TAMS 0x00000000c2e00000| PB 0x00000000c2e00000| Complete |  0
|  21|0x00000000c2f00000, 0x00000000c3000000, 0x00000000c3000000|100%| S|CS|TAMS 0x00000000c2f00000| PB 0x00000000c2f00000| Complete |  0
|  22|0x00000000c3000000, 0x00000000c3100000, 0x00000000c3100000|100%| S|CS|TAMS 0x00000000c3000000| PB 0x00000000c3000000| Complete |  0
|  23|0x00000000c3100000, 0x00000000c3100000, 0x00000000c3200000|  0%| F|  |TAMS 0x00000000c3100000| PB 0x00000000c3100000| Untracked |  0
|  24|0x00000000c3200000, 0x00000000c3200000, 0x00000000c3300000|  0%| F|  |TAMS 0x00000000c3200000| PB 0x00000000c3200000| Untracked |  0
|  25|0x00000000c3300000, 0x00000000c3300000, 0x00000000c3400000|  0%| F|  |TAMS 0x00000000c3300000| PB 0x00000000c3300000| Untracked |  0
|  26|0x00000000c3400000, 0x00000000c3400000, 0x00000000c3500000|  0%| F|  |TAMS 0x00000000c3400000| PB 0x00000000c3400000| Untracked |  0
|  27|0x00000000c3500000, 0x00000000c35a3a70, 0x00000000c3600000| 63%| E|  |TAMS 0x00000000c3500000| PB 0x00000000c3500000| Complete |  0
|  28|0x00000000c3600000, 0x00000000c3700000, 0x00000000c3700000|100%| E|CS|TAMS 0x00000000c3600000| PB 0x00000000c3600000| Complete |  0
|  29|0x00000000c3700000, 0x00000000c3800000, 0x00000000c3800000|100%| E|CS|TAMS 0x00000000c3700000| PB 0x00000000c3700000| Complete |  0
|  30|0x00000000c3800000, 0x00000000c3900000, 0x00000000c3900000|100%| E|CS|TAMS 0x00000000c3800000| PB 0x00000000c3800000| Complete |  0
|  31|0x00000000c3900000, 0x00000000c3a00000, 0x00000000c3a00000|100%| E|CS|TAMS 0x00000000c3900000| PB 0x00000000c3900000| Complete |  0
|  32|0x00000000c3a00000, 0x00000000c3b00000, 0x00000000c3b00000|100%| E|CS|TAMS 0x00000000c3a00000| PB 0x00000000c3a00000| Complete |  0
|  33|0x00000000c3b00000, 0x00000000c3c00000, 0x00000000c3c00000|100%| E|CS|TAMS 0x00000000c3b00000| PB 0x00000000c3b00000| Complete |  0
|  34|0x00000000c3c00000, 0x00000000c3d00000, 0x00000000c3d00000|100%| E|CS|TAMS 0x00000000c3c00000| PB 0x00000000c3c00000| Complete |  0
|  35|0x00000000c3d00000, 0x00000000c3e00000, 0x00000000c3e00000|100%| E|CS|TAMS 0x00000000c3d00000| PB 0x00000000c3d00000| Complete |  0
|  36|0x00000000c3e00000, 0x00000000c3f00000, 0x00000000c3f00000|100%| E|CS|TAMS 0x00000000c3e00000| PB 0x00000000c3e00000| Complete |  0
|  37|0x00000000c3f00000, 0x00000000c4000000, 0x00000000c4000000|100%| E|CS|TAMS 0x00000000c3f00000| PB 0x00000000c3f00000| Complete |  0
|  38|0x00000000c4000000, 0x00000000c4100000, 0x00000000c4100000|100%| E|CS|TAMS 0x00000000c4000000| PB 0x00000000c4000000| Complete |  0
|  39|0x00000000c4100000, 0x00000000c4200000, 0x00000000c4200000|100%| E|CS|TAMS 0x00000000c4100000| PB 0x00000000c4100000| Complete |  0
|  40|0x00000000c4200000, 0x00000000c4300000, 0x00000000c4300000|100%| E|CS|TAMS 0x00000000c4200000| PB 0x00000000c4200000| Complete |  0
|  41|0x00000000c4300000, 0x00000000c4400000, 0x00000000c4400000|100%| E|CS|TAMS 0x00000000c4300000| PB 0x00000000c4300000| Complete |  0
|  42|0x00000000c4400000, 0x00000000c4500000, 0x00000000c4500000|100%| E|CS|TAMS 0x00000000c4400000| PB 0x00000000c4400000| Complete |  0
|  43|0x00000000c4500000, 0x00000000c4600000, 0x00000000c4600000|100%| E|CS|TAMS 0x00000000c4500000| PB 0x00000000c4500000| Complete |  0

Card table byte_map: [0x000001d7e74f0000,0x000001d7e76f0000] _byte_map_base: 0x000001d7e6ee3000

Marking Bits: (CMBitMap*) 0x000001d7cfff4770
 Bits: [0x000001d7e76f0000, 0x000001d7e8688000)

Polling page: 0x000001d7cde80000

Metaspace:

Usage:
  Non-class:     28.41 MB used.
      Class:      4.24 MB used.
       Both:     32.64 MB used.

Virtual space:
  Non-class space:       64.00 MB reserved,      28.69 MB ( 45%) committed,  1 nodes.
      Class space:        1.00 GB reserved,       4.50 MB ( <1%) committed,  1 nodes.
             Both:        1.06 GB reserved,      33.19 MB (  3%) committed. 

Chunk freelists:
   Non-Class:  2.95 MB
       Class:  11.48 MB
        Both:  14.43 MB

MaxMetaspaceSize: unlimited
CompressedClassSpaceSize: 1.00 GB
Initial GC threshold: 21.00 MB
Current GC threshold: 35.12 MB
CDS: on
 - commit_granule_bytes: 65536.
 - commit_granule_words: 8192.
 - virtual_space_node_default_size: 8388608.
 - enlarge_chunks_in_place: 1.
 - use_allocation_guard: 0.


Internal statistics:

num_allocs_failed_limit: 3.
num_arena_births: 644.
num_arena_deaths: 0.
num_vsnodes_births: 2.
num_vsnodes_deaths: 0.
num_space_committed: 531.
num_space_uncommitted: 0.
num_chunks_returned_to_freelist: 3.
num_chunks_taken_from_freelist: 1807.
num_chunk_merges: 3.
num_chunk_splits: 1215.
num_chunks_enlarged: 862.
num_inconsistent_stats: 0.

CodeHeap 'non-profiled nmethods': size=120000Kb used=2565Kb max_used=2565Kb free=117434Kb
 bounds [0x000001d7dfdc0000, 0x000001d7e0050000, 0x000001d7e72f0000]
CodeHeap 'profiled nmethods': size=120000Kb used=9325Kb max_used=9325Kb free=110674Kb
 bounds [0x000001d7d82f0000, 0x000001d7d8c10000, 0x000001d7df820000]
CodeHeap 'non-nmethods': size=5760Kb used=1490Kb max_used=1563Kb free=4269Kb
 bounds [0x000001d7df820000, 0x000001d7dfa90000, 0x000001d7dfdc0000]
 total_blobs=5029 nmethods=4464 adapters=469
 compilation: enabled
              stopped_count=0, restarted_count=0
 full_count=0

Compilation events (20 events):
Event: 15.125 Thread 0x000001d7c11557b0 4461   !   3       org.springframework.core.annotation.AnnotationsScanner::processMethodHierarchy (276 bytes)
Event: 15.127 Thread 0x000001d7c11557b0 nmethod 4461 0x000001d7d8c01a90 code [0x000001d7d8c01da0, 0x000001d7d8c02cb0]
Event: 15.137 Thread 0x000001d7c11557b0 4462 %     3       java.lang.PublicMethods$MethodList::filter @ 17 (104 bytes)
Event: 15.139 Thread 0x000001d7c11557b0 nmethod 4462% 0x000001d7d8c03590 code [0x000001d7d8c037e0, 0x000001d7d8c043b0]
Event: 15.139 Thread 0x000001d7c11557b0 4463       3       java.lang.PublicMethods$MethodList::filter (104 bytes)
Event: 15.140 Thread 0x000001d7c11557b0 nmethod 4463 0x000001d7d8c04890 code [0x000001d7d8c04ac0, 0x000001d7d8c05490]
Event: 15.142 Thread 0x000001d7c11557b0 4464       2       java.lang.PublicMethods$MethodList::merge (25 bytes)
Event: 15.143 Thread 0x000001d7c11557b0 nmethod 4464 0x000001d7d8c05910 code [0x000001d7d8c05ac0, 0x000001d7d8c05c40]
Event: 15.146 Thread 0x000001d7c11557b0 4465       3       java.lang.reflect.Executable::getGenericParameterTypes (20 bytes)
Event: 15.146 Thread 0x000001d7c11557b0 nmethod 4465 0x000001d7d8c05d90 code [0x000001d7d8c05fa0, 0x000001d7d8c066c8]
Event: 15.151 Thread 0x000001d7c11557b0 4466       3       java.lang.reflect.Method::getGenericInfo (28 bytes)
Event: 15.153 Thread 0x000001d7c11557b0 nmethod 4466 0x000001d7d8c06890 code [0x000001d7d8c06b20, 0x000001d7d8c07920]
Event: 15.153 Thread 0x000001d7c1154560 nmethod 4444 0x000001d7e003bd90 code [0x000001d7e003c020, 0x000001d7e003cde8]
Event: 15.153 Thread 0x000001d7c1154560 4445       4       org.springframework.core.annotation.TypeMappedAnnotations::from (27 bytes)
Event: 15.156 Thread 0x000001d7c11557b0 4467       3       java.lang.reflect.Method::hasGenericInformation (13 bytes)
Event: 15.156 Thread 0x000001d7c11557b0 nmethod 4467 0x000001d7d8c07e10 code [0x000001d7d8c07fa0, 0x000001d7d8c08118]
Event: 15.156 Thread 0x000001d7c11557b0 4468       3       java.lang.reflect.Method::getGenericParameterTypes (5 bytes)
Event: 15.157 Thread 0x000001d7c11557b0 nmethod 4468 0x000001d7d8c08190 code [0x000001d7d8c083c0, 0x000001d7d8c08c28]
Event: 15.159 Thread 0x000001d7c11557b0 4469       3       java.lang.Class::getMethodsRecursive (104 bytes)
Event: 15.160 Thread 0x000001d7c11557b0 nmethod 4469 0x000001d7d8c08e90 code [0x000001d7d8c090c0, 0x000001d7d8c09680]

GC Heap History (14 events):
Event: 3.148 GC heap before
{Heap before GC invocations=0 (full 0):
 garbage-first heap   total reserved 1021952K, committed 65536K, used 14336K [0x00000000c1a00000, 0x0000000100000000)
  region size 1024K, 14 young (14336K), 0 survivors (0K)
 Metaspace       used 3765K, committed 3968K, reserved 1114112K
  class space    used 392K, committed 512K, reserved 1048576K
}
Event: 3.164 GC heap after
{Heap after GC invocations=1 (full 0):
 garbage-first heap   total reserved 1021952K, committed 65536K, used 6976K [0x00000000c1a00000, 0x0000000100000000)
  region size 1024K, 2 young (2048K), 2 survivors (2048K)
 Metaspace       used 3765K, committed 3968K, reserved 1114112K
  class space    used 392K, committed 512K, reserved 1048576K
}
Event: 5.147 GC heap before
{Heap before GC invocations=1 (full 0):
 garbage-first heap   total reserved 1021952K, committed 65536K, used 19264K [0x00000000c1a00000, 0x0000000100000000)
  region size 1024K, 14 young (14336K), 2 survivors (2048K)
 Metaspace       used 7307K, committed 7488K, reserved 1114112K
  class space    used 884K, committed 960K, reserved 1048576K
}
Event: 5.158 GC heap after
{Heap after GC invocations=2 (full 0):
 garbage-first heap   total reserved 1021952K, committed 65536K, used 8196K [0x00000000c1a00000, 0x0000000100000000)
  region size 1024K, 2 young (2048K), 2 survivors (2048K)
 Metaspace       used 7307K, committed 7488K, reserved 1114112K
  class space    used 884K, committed 960K, reserved 1048576K
}
Event: 6.906 GC heap before
{Heap before GC invocations=2 (full 0):
 garbage-first heap   total reserved 1021952K, committed 65536K, used 34820K [0x00000000c1a00000, 0x0000000100000000)
  region size 1024K, 29 young (29696K), 2 survivors (2048K)
 Metaspace       used 15859K, committed 16128K, reserved 1114112K
  class space    used 2036K, committed 2176K, reserved 1048576K
}
Event: 6.914 GC heap after
{Heap after GC invocations=3 (full 0):
 garbage-first heap   total reserved 1021952K, committed 65536K, used 10769K [0x00000000c1a00000, 0x0000000100000000)
  region size 1024K, 4 young (4096K), 4 survivors (4096K)
 Metaspace       used 15859K, committed 16128K, reserved 1114112K
  class space    used 2036K, committed 2176K, reserved 1048576K
}
Event: 8.175 GC heap before
{Heap before GC invocations=3 (full 0):
 garbage-first heap   total reserved 1021952K, committed 65536K, used 37393K [0x00000000c1a00000, 0x0000000100000000)
  region size 1024K, 32 young (32768K), 4 survivors (4096K)
 Metaspace       used 21207K, committed 21504K, reserved 1114112K
  class space    used 2648K, committed 2816K, reserved 1048576K
}
Event: 8.188 GC heap after
{Heap after GC invocations=4 (full 0):
 garbage-first heap   total reserved 1021952K, committed 65536K, used 13289K [0x00000000c1a00000, 0x0000000100000000)
  region size 1024K, 5 young (5120K), 5 survivors (5120K)
 Metaspace       used 21207K, committed 21504K, reserved 1114112K
  class space    used 2648K, committed 2816K, reserved 1048576K
}
Event: 9.685 GC heap before
{Heap before GC invocations=5 (full 0):
 garbage-first heap   total reserved 1021952K, committed 45056K, used 34793K [0x00000000c1a00000, 0x0000000100000000)
  region size 1024K, 26 young (26624K), 5 survivors (5120K)
 Metaspace       used 23805K, committed 24128K, reserved 1114112K
  class space    used 2992K, committed 3136K, reserved 1048576K
}
Event: 9.701 GC heap after
{Heap after GC invocations=6 (full 0):
 garbage-first heap   total reserved 1021952K, committed 45056K, used 15318K [0x00000000c1a00000, 0x0000000100000000)
  region size 1024K, 3 young (3072K), 3 survivors (3072K)
 Metaspace       used 23805K, committed 24128K, reserved 1114112K
  class space    used 2992K, committed 3136K, reserved 1048576K
}
Event: 11.436 GC heap before
{Heap before GC invocations=6 (full 0):
 garbage-first heap   total reserved 1021952K, committed 45056K, used 34774K [0x00000000c1a00000, 0x0000000100000000)
  region size 1024K, 22 young (22528K), 3 survivors (3072K)
 Metaspace       used 26666K, committed 27072K, reserved 1114112K
  class space    used 3383K, committed 3584K, reserved 1048576K
}
Event: 11.455 GC heap after
{Heap after GC invocations=7 (full 0):
 garbage-first heap   total reserved 1021952K, committed 45056K, used 16583K [0x00000000c1a00000, 0x0000000100000000)
  region size 1024K, 2 young (2048K), 2 survivors (2048K)
 Metaspace       used 26666K, committed 27072K, reserved 1114112K
  class space    used 3383K, committed 3584K, reserved 1048576K
}
Event: 13.242 GC heap before
{Heap before GC invocations=7 (full 0):
 garbage-first heap   total reserved 1021952K, committed 45056K, used 36039K [0x00000000c1a00000, 0x0000000100000000)
  region size 1024K, 21 young (21504K), 2 survivors (2048K)
 Metaspace       used 30413K, committed 30912K, reserved 1114112K
  class space    used 3940K, committed 4160K, reserved 1048576K
}
Event: 13.257 GC heap after
{Heap after GC invocations=8 (full 0):
 garbage-first heap   total reserved 1021952K, committed 45056K, used 18733K [0x00000000c1a00000, 0x0000000100000000)
  region size 1024K, 3 young (3072K), 3 survivors (3072K)
 Metaspace       used 30413K, committed 30912K, reserved 1114112K
  class space    used 3940K, committed 4160K, reserved 1048576K
}

Dll operation events (15 events):
Event: 0.125 Loaded shared library C:\Users\Administrator\.jdks\openjdk-22.0.1\bin\java.dll
Event: 0.292 Loaded shared library C:\Users\Administrator\.jdks\openjdk-22.0.1\bin\jsvml.dll
Event: 0.589 Loaded shared library C:\Users\Administrator\.jdks\openjdk-22.0.1\bin\zip.dll
Event: 0.600 Loaded shared library C:\Users\Administrator\.jdks\openjdk-22.0.1\bin\instrument.dll
Event: 0.620 Loaded shared library C:\Users\Administrator\.jdks\openjdk-22.0.1\bin\net.dll
Event: 0.624 Loaded shared library C:\Users\Administrator\.jdks\openjdk-22.0.1\bin\nio.dll
Event: 0.633 Loaded shared library C:\Users\Administrator\.jdks\openjdk-22.0.1\bin\zip.dll
Event: 1.520 Loaded shared library C:\Program Files\JetBrains\IntelliJ IDEA Community Edition 2024.1.4\bin\breakgen64.dll
Event: 1.566 Loaded shared library C:\Users\Administrator\.jdks\openjdk-22.0.1\bin\extnet.dll
Event: 1.599 Loaded shared library C:\Users\Administrator\.jdks\openjdk-22.0.1\bin\verify.dll
Event: 1.696 Loaded shared library C:\Users\Administrator\.jdks\openjdk-22.0.1\bin\jimage.dll
Event: 5.749 Loaded shared library C:\Users\Administrator\.jdks\openjdk-22.0.1\bin\le.dll
Event: 8.598 Loaded shared library C:\Users\Administrator\.jdks\openjdk-22.0.1\bin\sunmscapi.dll
Event: 14.601 Loaded shared library C:\Users\Administrator\.jdks\openjdk-22.0.1\bin\management.dll
Event: 14.609 Loaded shared library C:\Users\Administrator\.jdks\openjdk-22.0.1\bin\management_ext.dll

Deoptimization events (20 events):
Event: 14.892 Thread 0x000001d7cdefe050 Uncommon trap: trap_request=0xffffffd6 fr.pc=0x000001d7e0025824 relative=0x0000000000000d04
Event: 14.892 Thread 0x000001d7cdefe050 Uncommon trap: reason=array_check action=maybe_recompile pc=0x000001d7e0025824 method=org.springframework.boot.context.properties.source.ConfigurationPropertyName.getElement(ILorg/springframework/boot/context/properties/source/ConfigurationPropertyName$Fo
Event: 14.892 Thread 0x000001d7cdefe050 DEOPT PACKING pc=0x000001d7e0025824 sp=0x00000071f1bfbae0
Event: 14.892 Thread 0x000001d7cdefe050 DEOPT UNPACKING pc=0x000001d7df8746a2 sp=0x00000071f1bfbab8 mode 2
Event: 15.124 Thread 0x000001d7cdefe050 Uncommon trap: trap_request=0xffffff45 fr.pc=0x000001d7e0012638 relative=0x0000000000001f38
Event: 15.124 Thread 0x000001d7cdefe050 Uncommon trap: reason=unstable_if action=reinterpret pc=0x000001d7e0012638 method=org.springframework.core.annotation.AnnotationsScanner.getBaseTypeMethods(Ljava/lang/Object;Ljava/lang/Class;)[Ljava/lang/reflect/Method; @ 71 c2
Event: 15.124 Thread 0x000001d7cdefe050 DEOPT PACKING pc=0x000001d7e0012638 sp=0x00000071f1bfb390
Event: 15.124 Thread 0x000001d7cdefe050 DEOPT UNPACKING pc=0x000001d7df8746a2 sp=0x00000071f1bfb248 mode 2
Event: 15.136 Thread 0x000001d7cdefe050 Uncommon trap: trap_request=0xffffff45 fr.pc=0x000001d7e0038638 relative=0x0000000000001bf8
Event: 15.136 Thread 0x000001d7cdefe050 Uncommon trap: reason=unstable_if action=reinterpret pc=0x000001d7e0038638 method=java.lang.PublicMethods$MethodList.filter([Ljava/lang/reflect/Method;Ljava/lang/String;[Ljava/lang/Class;Z)Ljava/lang/PublicMethods$MethodList; @ 43 c2
Event: 15.136 Thread 0x000001d7cdefe050 DEOPT PACKING pc=0x000001d7e0038638 sp=0x00000071f1bfb390
Event: 15.136 Thread 0x000001d7cdefe050 DEOPT UNPACKING pc=0x000001d7df8746a2 sp=0x00000071f1bfb208 mode 2
Event: 15.137 Thread 0x000001d7cdefe050 Uncommon trap: trap_request=0xffffff45 fr.pc=0x000001d7dfff6214 relative=0x0000000000000814
Event: 15.137 Thread 0x000001d7cdefe050 Uncommon trap: reason=unstable_if action=reinterpret pc=0x000001d7dfff6214 method=java.lang.PublicMethods$MethodList.filter([Ljava/lang/reflect/Method;Ljava/lang/String;[Ljava/lang/Class;Z)Ljava/lang/PublicMethods$MethodList; @ 43 c2
Event: 15.137 Thread 0x000001d7cdefe050 DEOPT PACKING pc=0x000001d7dfff6214 sp=0x00000071f1bfb230
Event: 15.137 Thread 0x000001d7cdefe050 DEOPT UNPACKING pc=0x000001d7df8746a2 sp=0x00000071f1bfb200 mode 2
Event: 15.150 Thread 0x000001d7cdefe050 Uncommon trap: trap_request=0xffffff45 fr.pc=0x000001d7dff643cc relative=0x000000000000098c
Event: 15.150 Thread 0x000001d7cdefe050 Uncommon trap: reason=unstable_if action=reinterpret pc=0x000001d7dff643cc method=org.springframework.core.ResolvableType.resolveClass()Ljava/lang/Class; @ 38 c2
Event: 15.150 Thread 0x000001d7cdefe050 DEOPT PACKING pc=0x000001d7dff643cc sp=0x00000071f1bfb150
Event: 15.150 Thread 0x000001d7cdefe050 DEOPT UNPACKING pc=0x000001d7df8746a2 sp=0x00000071f1bfb038 mode 2

Classes loaded (20 events):
Event: 14.642 Loading class jdk/management/jfr/internal/FlightRecorderMXBeanProvider$SingleMBeanComponent
Event: 14.642 Loading class jdk/management/jfr/internal/FlightRecorderMXBeanProvider$SingleMBeanComponent done
Event: 14.643 Loading class java/util/stream/ReduceOps$2
Event: 14.644 Loading class java/util/stream/ReduceOps$2 done
Event: 14.647 Loading class java/util/stream/ReduceOps$2ReducingSink
Event: 14.647 Loading class java/util/stream/ReduceOps$2ReducingSink done
Event: 14.648 Loading class sun/management/RuntimeImpl
Event: 14.649 Loading class sun/management/RuntimeImpl done
Event: 14.651 Loading class java/util/Collections$2
Event: 14.652 Loading class java/util/Collections$2 done
Event: 14.885 Loading class java/util/UUID$Holder
Event: 14.885 Loading class java/util/UUID$Holder done
Event: 14.887 Loading class jdk/internal/util/HexDigits
Event: 14.888 Loading class jdk/internal/util/HexDigits done
Event: 14.888 Loading class jdk/internal/util/ByteArrayLittleEndian
Event: 14.888 Loading class jdk/internal/util/ByteArrayLittleEndian done
Event: 15.093 Loading class java/lang/SafeVarargs
Event: 15.104 Loading class java/lang/SafeVarargs done
Event: 15.146 Loading class sun/reflect/generics/reflectiveObjects/GenericArrayTypeImpl
Event: 15.147 Loading class sun/reflect/generics/reflectiveObjects/GenericArrayTypeImpl done

Classes unloaded (0 events):
No events

Classes redefined (0 events):
No events

Internal exceptions (20 events):
Event: 12.171 Thread 0x000001d7cdefe050 Exception <a 'java/lang/NoSuchMethodError'{0x00000000c3d53a10}: 'java.lang.Object java.lang.invoke.DirectMethodHandle$Holder.invokeStatic(java.lang.Object, java.lang.Object, java.lang.Object, java.lang.Object, int)'> (0x00000000c3d53a10) 
thrown [s\open\src\hotspot\share\interpreter\linkResolver.cpp, line 774]
Event: 12.172 Thread 0x000001d7cdefe050 Exception <a 'java/lang/NoSuchMethodError'{0x00000000c3d5e348}: 'void java.lang.invoke.DelegatingMethodHandle$Holder.reinvoke_L(java.lang.Object, java.lang.Object, int)'> (0x00000000c3d5e348) 
thrown [s\open\src\hotspot\share\interpreter\linkResolver.cpp, line 774]
Event: 12.657 Thread 0x000001d7cdefe050 Exception <a 'java/lang/NoSuchMethodError'{0x00000000c39e5438}: 'int java.lang.invoke.DirectMethodHandle$Holder.invokeSpecialIFC(java.lang.Object, java.lang.Object, java.lang.Object)'> (0x00000000c39e5438) 
thrown [s\open\src\hotspot\share\interpreter\linkResolver.cpp, line 774]
Event: 12.736 Thread 0x000001d7cdefe050 Exception <a 'java/lang/NoSuchMethodError'{0x00000000c38cf488}: 'java.lang.Object java.lang.invoke.DirectMethodHandle$Holder.invokeSpecialIFC(java.lang.Object, java.lang.Object, java.lang.Object)'> (0x00000000c38cf488) 
thrown [s\open\src\hotspot\share\interpreter\linkResolver.cpp, line 774]
Event: 12.777 Thread 0x000001d7cdefe050 Exception <a 'java/lang/NoSuchMethodError'{0x00000000c3727c30}: 'java.lang.Object java.lang.invoke.DirectMethodHandle$Holder.invokeVirtual(java.lang.Object, java.lang.Object, java.lang.Object, java.lang.Object, java.lang.Object)'> (0x00000000c3727c30) 
thrown [s\open\src\hotspot\share\interpreter\linkResolver.cpp, line 774]
Event: 13.022 Thread 0x000001d7cdefe050 Exception <a 'java/lang/NoSuchMethodError'{0x00000000c35b8680}: 'java.lang.reflect.Field[] java.lang.Class.getDeclaredFields(java.lang.Class)'> (0x00000000c35b8680) 
thrown [s\open\src\hotspot\share\interpreter\linkResolver.cpp, line 774]
Event: 13.057 Thread 0x000001d7cdefe050 Exception <a 'java/lang/NoSuchMethodError'{0x00000000c3427158}: 'java.lang.Object java.lang.invoke.DirectMethodHandle$Holder.invokeVirtual(java.lang.Object, java.lang.Object, java.lang.Object, java.lang.Object, java.lang.Object, java.lang.Object)'> (0x00000000c3427158) 
thrown [s\open\src\hotspot\share\interpreter\linkResolver.cpp, line 774]
Event: 13.214 Thread 0x000001d7cdefe050 Exception <a 'java/lang/NoSuchMethodError'{0x00000000c3398738}: 'void java.lang.invoke.DirectMethodHandle$Holder.invokeInterface(java.lang.Object, java.lang.Object, int)'> (0x00000000c3398738) 
thrown [s\open\src\hotspot\share\interpreter\linkResolver.cpp, line 774]
Event: 13.236 Thread 0x000001d7cdefe050 Exception <a 'java/lang/IncompatibleClassChangeError'{0x00000000c33dafd8}: Found class java.lang.Object, but interface was expected> (0x00000000c33dafd8) 
thrown [s\open\src\hotspot\share\interpreter\linkResolver.cpp, line 841]
Event: 13.240 Thread 0x000001d7cdefe050 Exception <a 'java/lang/NoSuchMethodError'{0x00000000c33f8a50}: 'void java.lang.invoke.DirectMethodHandle$Holder.invokeStatic(java.lang.Object, int, java.lang.Object)'> (0x00000000c33f8a50) 
thrown [s\open\src\hotspot\share\interpreter\linkResolver.cpp, line 774]
Event: 13.459 Thread 0x000001d7cdefe050 Exception <a 'java/lang/NoSuchMethodError'{0x00000000c452edc8}: 'void java.lang.invoke.DirectMethodHandle$Holder.invokeStatic(java.lang.Object, java.lang.Object, java.lang.Object, int, java.lang.Object)'> (0x00000000c452edc8) 
thrown [s\open\src\hotspot\share\interpreter\linkResolver.cpp, line 774]
Event: 13.460 Thread 0x000001d7cdefe050 Exception <a 'java/lang/NoSuchMethodError'{0x00000000c45355b0}: 'java.lang.Object java.lang.invoke.DirectMethodHandle$Holder.newInvokeSpecial(java.lang.Object, java.lang.Object, java.lang.Object, int)'> (0x00000000c45355b0) 
thrown [s\open\src\hotspot\share\interpreter\linkResolver.cpp, line 774]
Event: 13.460 Thread 0x000001d7cdefe050 Exception <a 'java/lang/NoSuchMethodError'{0x00000000c45393b0}: 'java.lang.Object java.lang.invoke.DirectMethodHandle$Holder.invokeSpecial(java.lang.Object, java.lang.Object, java.lang.Object, java.lang.Object, int)'> (0x00000000c45393b0) 
thrown [s\open\src\hotspot\share\interpreter\linkResolver.cpp, line 774]
Event: 13.461 Thread 0x000001d7cdefe050 Exception <a 'java/lang/NoSuchMethodError'{0x00000000c453c838}: 'java.lang.Object java.lang.invoke.Invokers$Holder.linkToTargetMethod(java.lang.Object, java.lang.Object, int, java.lang.Object)'> (0x00000000c453c838) 
thrown [s\open\src\hotspot\share\interpreter\linkResolver.cpp, line 774]
Event: 13.827 Thread 0x000001d7cdefe050 Exception <a 'java/lang/NoSuchMethodError'{0x00000000c40b2e10}: 'java.lang.Object java.lang.invoke.DirectMethodHandle$Holder.invokeStaticInit(java.lang.Object, int, int, int, int)'> (0x00000000c40b2e10) 
thrown [s\open\src\hotspot\share\interpreter\linkResolver.cpp, line 774]
Event: 13.911 Thread 0x000001d7cdefe050 Exception <a 'java/lang/NoSuchMethodError'{0x00000000c3f841a0}: 'java.lang.Object java.lang.invoke.DirectMethodHandle$Holder.invokeStaticInit(java.lang.Object, java.lang.Object, int, int, int, int)'> (0x00000000c3f841a0) 
thrown [s\open\src\hotspot\share\interpreter\linkResolver.cpp, line 774]
Event: 14.410 Thread 0x000001d7cdefe050 Exception <a 'java/lang/NoSuchMethodError'{0x00000000c3b226a0}: 'int java.lang.invoke.DirectMethodHandle$Holder.invokeVirtual(java.lang.Object, java.lang.Object, java.lang.Object, java.lang.Object)'> (0x00000000c3b226a0) 
thrown [s\open\src\hotspot\share\interpreter\linkResolver.cpp, line 774]
Event: 14.411 Thread 0x000001d7cdefe050 Exception <a 'java/lang/NoSuchMethodError'{0x00000000c3b25f20}: 'int java.lang.invoke.DelegatingMethodHandle$Holder.reinvoke_L(java.lang.Object, java.lang.Object, java.lang.Object, java.lang.Object)'> (0x00000000c3b25f20) 
thrown [s\open\src\hotspot\share\interpreter\linkResolver.cpp, line 774]
Event: 14.693 Thread 0x000001d7cdefe050 Exception <a 'java/io/FileNotFoundException'{0x00000000c3952c98}> (0x00000000c3952c98) 
thrown [s\open\src\hotspot\share\prims\jni.cpp, line 520]
Event: 14.848 Thread 0x000001d7cdefe050 Exception <a 'java/lang/NoSuchMethodError'{0x00000000c3718d70}: 'int java.lang.invoke.DirectMethodHandle$Holder.invokeInterface(java.lang.Object, java.lang.Object, java.lang.Object, java.lang.Object)'> (0x00000000c3718d70) 
thrown [s\open\src\hotspot\share\interpreter\linkResolver.cpp, line 774]

ZGC Phase Switch (0 events):
No events

VM Operations (20 events):
Event: 12.193 Executing VM operation: HandshakeAllThreads (Deoptimize)
Event: 12.193 Executing VM operation: HandshakeAllThreads (Deoptimize) done
Event: 12.250 Executing VM operation: HandshakeAllThreads (Deoptimize)
Event: 12.250 Executing VM operation: HandshakeAllThreads (Deoptimize) done
Event: 12.539 Executing VM operation: ICBufferFull
Event: 12.539 Executing VM operation: ICBufferFull done
Event: 13.242 Executing VM operation: G1CollectForAllocation (G1 Evacuation Pause)
Event: 13.257 Executing VM operation: G1CollectForAllocation (G1 Evacuation Pause) done
Event: 13.663 Executing VM operation: HandshakeAllThreads (Deoptimize)
Event: 13.663 Executing VM operation: HandshakeAllThreads (Deoptimize) done
Event: 14.378 Executing VM operation: HandshakeAllThreads (Deoptimize)
Event: 14.378 Executing VM operation: HandshakeAllThreads (Deoptimize) done
Event: 14.378 Executing VM operation: Cleanup
Event: 14.378 Executing VM operation: Cleanup done
Event: 14.386 Executing VM operation: HandshakeAllThreads (Deoptimize)
Event: 14.386 Executing VM operation: HandshakeAllThreads (Deoptimize) done
Event: 14.543 Executing VM operation: HandshakeAllThreads (Deoptimize)
Event: 14.543 Executing VM operation: HandshakeAllThreads (Deoptimize) done
Event: 14.647 Executing VM operation: HandshakeAllThreads (Deoptimize)
Event: 14.647 Executing VM operation: HandshakeAllThreads (Deoptimize) done

Events (20 events):
Event: 0.285 Thread 0x000001d7c1154560 Thread added: 0x000001d7c1154560
Event: 0.285 Thread 0x000001d7c11557b0 Thread added: 0x000001d7c11557b0
Event: 0.411 Thread 0x000001d7c13538d0 Thread added: 0x000001d7c13538d0
Event: 1.524 Thread 0x000001d7c1626470 Thread added: 0x000001d7c1626470
Event: 1.524 Thread 0x000001d7c1628af0 Thread added: 0x000001d7c1628af0
Event: 5.636 Thread 0x000001d7c647bc70 Thread added: 0x000001d7c647bc70
Event: 5.675 Thread 0x000001d7c6448550 Thread added: 0x000001d7c6448550
Event: 6.892 Thread 0x000001d7c6448550 Thread exited: 0x000001d7c6448550
Event: 7.154 Thread 0x000001d7c1e5a980 Thread added: 0x000001d7c1e5a980
Event: 7.498 Thread 0x000001d7c1e5a980 Thread exited: 0x000001d7c1e5a980
Event: 7.777 Thread 0x000001d7c6a7d480 Thread added: 0x000001d7c6a7d480
Event: 8.002 Thread 0x000001d7c6915180 Thread added: 0x000001d7c6915180
Event: 8.364 Thread 0x000001d7c6915180 Thread exited: 0x000001d7c6915180
Event: 8.616 Thread 0x000001d7c647bc70 Thread exited: 0x000001d7c647bc70
Event: 9.631 Thread 0x000001d7c6a7d480 Thread exited: 0x000001d7c6a7d480
Event: 9.961 Thread 0x000001d7c7b9f0c0 Thread added: 0x000001d7c7b9f0c0
Event: 11.567 Thread 0x000001d7c7b9f0c0 Thread exited: 0x000001d7c7b9f0c0
Event: 11.815 Thread 0x000001d7c7b9f0c0 Thread added: 0x000001d7c7b9f0c0
Event: 14.657 Thread 0x000001d7c7b9f0c0 Thread exited: 0x000001d7c7b9f0c0
Event: 14.922 Thread 0x000001d7c13e06d0 Thread added: 0x000001d7c13e06d0


Dynamic libraries:
0x00007ff7cfee0000 - 0x00007ff7cfeee000 	C:\Users\Administrator\.jdks\openjdk-22.0.1\bin\java.exe
0x00007ffd80350000 - 0x00007ffd80567000 	C:\Windows\SYSTEM32\ntdll.dll
0x00007ffd7fd00000 - 0x00007ffd7fdc4000 	C:\Windows\System32\KERNEL32.DLL
0x00007ffd7da00000 - 0x00007ffd7ddb7000 	C:\Windows\System32\KERNELBASE.dll
0x00007ffd7ddc0000 - 0x00007ffd7ded1000 	C:\Windows\System32\ucrtbase.dll
0x00007ffd6b3b0000 - 0x00007ffd6b3c7000 	C:\Users\Administrator\.jdks\openjdk-22.0.1\bin\jli.dll
0x00007ffd728f0000 - 0x00007ffd7290b000 	C:\Users\Administrator\.jdks\openjdk-22.0.1\bin\VCRUNTIME140.dll
0x00007ffd7e660000 - 0x00007ffd7e80f000 	C:\Windows\System32\USER32.dll
0x00007ffd7e050000 - 0x00007ffd7e076000 	C:\Windows\System32\win32u.dll
0x00007ffd671f0000 - 0x00007ffd67483000 	C:\Windows\WinSxS\amd64_microsoft.windows.common-controls_6595b64144ccf1df_6.0.22621.3672_none_2713b9d173822955\COMCTL32.dll
0x00007ffd80250000 - 0x00007ffd802f7000 	C:\Windows\System32\msvcrt.dll
0x00007ffd7e270000 - 0x00007ffd7e299000 	C:\Windows\System32\GDI32.dll
0x00007ffd7d700000 - 0x00007ffd7d818000 	C:\Windows\System32\gdi32full.dll
0x00007ffd7d820000 - 0x00007ffd7d8ba000 	C:\Windows\System32\msvcp_win.dll
0x00007ffd7e080000 - 0x00007ffd7e0b1000 	C:\Windows\System32\IMM32.DLL
0x00007ffd737e0000 - 0x00007ffd737ec000 	C:\Users\Administrator\.jdks\openjdk-22.0.1\bin\vcruntime140_1.dll
0x00007ffd38650000 - 0x00007ffd386de000 	C:\Users\Administrator\.jdks\openjdk-22.0.1\bin\msvcp140.dll
0x00007ffd35d80000 - 0x00007ffd36ac7000 	C:\Users\Administrator\.jdks\openjdk-22.0.1\bin\server\jvm.dll
0x00007ffd7e4f0000 - 0x00007ffd7e5a2000 	C:\Windows\System32\ADVAPI32.dll
0x00007ffd7e5b0000 - 0x00007ffd7e658000 	C:\Windows\System32\sechost.dll
0x00007ffd7d660000 - 0x00007ffd7d688000 	C:\Windows\System32\bcrypt.dll
0x00007ffd7f370000 - 0x00007ffd7f484000 	C:\Windows\System32\RPCRT4.dll
0x00007ffd7fbf0000 - 0x00007ffd7fc61000 	C:\Windows\System32\WS2_32.dll
0x00007ffd7d530000 - 0x00007ffd7d57d000 	C:\Windows\SYSTEM32\POWRPROF.dll
0x00007ffd6afc0000 - 0x00007ffd6afca000 	C:\Windows\SYSTEM32\VERSION.dll
0x00007ffd72f50000 - 0x00007ffd72f84000 	C:\Windows\SYSTEM32\WINMM.dll
0x00007ffd7d460000 - 0x00007ffd7d473000 	C:\Windows\SYSTEM32\UMPDC.dll
0x00007ffd7c6b0000 - 0x00007ffd7c6c8000 	C:\Windows\SYSTEM32\kernel.appcore.dll
0x00007ffd728e0000 - 0x00007ffd728ea000 	C:\Users\Administrator\.jdks\openjdk-22.0.1\bin\jimage.dll
0x00007ffd7a030000 - 0x00007ffd7a262000 	C:\Windows\SYSTEM32\DBGHELP.DLL
0x00007ffd7f490000 - 0x00007ffd7f81e000 	C:\Windows\System32\combase.dll
0x00007ffd7e3a0000 - 0x00007ffd7e477000 	C:\Windows\System32\OLEAUT32.dll
0x00007ffd57e50000 - 0x00007ffd57e82000 	C:\Windows\SYSTEM32\dbgcore.DLL
0x00007ffd7d980000 - 0x00007ffd7d9fb000 	C:\Windows\System32\bcryptPrimitives.dll
0x00007ffd6b330000 - 0x00007ffd6b33f000 	C:\Users\Administrator\.jdks\openjdk-22.0.1\bin\instrument.dll
0x00007ffd6b340000 - 0x00007ffd6b35e000 	C:\Users\Administrator\.jdks\openjdk-22.0.1\bin\java.dll
0x00007ffd7e870000 - 0x00007ffd7f0d9000 	C:\Windows\System32\SHELL32.dll
0x00007ffd7e0c0000 - 0x00007ffd7e265000 	C:\Windows\System32\ole32.dll
0x00007ffd7b5c0000 - 0x00007ffd7bebf000 	C:\Windows\SYSTEM32\windows.storage.dll
0x00007ffd7b480000 - 0x00007ffd7b5bf000 	C:\Windows\SYSTEM32\wintypes.dll
0x00007ffd7f240000 - 0x00007ffd7f339000 	C:\Windows\System32\SHCORE.dll
0x00007ffd7f1e0000 - 0x00007ffd7f23e000 	C:\Windows\System32\shlwapi.dll
0x00007ffd7d590000 - 0x00007ffd7d5b7000 	C:\Windows\SYSTEM32\profapi.dll
0x00007ffd35b60000 - 0x00007ffd35c37000 	C:\Users\Administrator\.jdks\openjdk-22.0.1\bin\jsvml.dll
0x00007ffd65df0000 - 0x00007ffd65e07000 	C:\Users\Administrator\.jdks\openjdk-22.0.1\bin\zip.dll
0x00007ffd6b320000 - 0x00007ffd6b330000 	C:\Users\Administrator\.jdks\openjdk-22.0.1\bin\net.dll
0x00007ffd7cb20000 - 0x00007ffd7cb89000 	C:\Windows\system32\mswsock.dll
0x00007ffd674b0000 - 0x00007ffd674c6000 	C:\Users\Administrator\.jdks\openjdk-22.0.1\bin\nio.dll
0x00007ffd65150000 - 0x00007ffd6516a000 	C:\Program Files\JetBrains\IntelliJ IDEA Community Edition 2024.1.4\bin\breakgen64.dll
0x00007ffd6b250000 - 0x00007ffd6b259000 	C:\Users\Administrator\.jdks\openjdk-22.0.1\bin\extnet.dll
0x00007ffd6acc0000 - 0x00007ffd6acd0000 	C:\Users\Administrator\.jdks\openjdk-22.0.1\bin\verify.dll
0x00007ffd692f0000 - 0x00007ffd692fb000 	C:\Users\Administrator\.jdks\openjdk-22.0.1\bin\le.dll
0x00007ffd62b50000 - 0x00007ffd62b5e000 	C:\Users\Administrator\.jdks\openjdk-22.0.1\bin\sunmscapi.dll
0x00007ffd7dee0000 - 0x00007ffd7e046000 	C:\Windows\System32\CRYPT32.dll
0x00007ffd7cf30000 - 0x00007ffd7cf5d000 	C:\Windows\SYSTEM32\ncrypt.dll
0x00007ffd7cef0000 - 0x00007ffd7cf27000 	C:\Windows\SYSTEM32\NTASN1.dll
0x00007ffd7cd70000 - 0x00007ffd7cd8b000 	C:\Windows\SYSTEM32\CRYPTSP.dll
0x00007ffd7c610000 - 0x00007ffd7c645000 	C:\Windows\system32\rsaenh.dll
0x00007ffd7cc10000 - 0x00007ffd7cc38000 	C:\Windows\SYSTEM32\USERENV.dll
0x00007ffd7cd90000 - 0x00007ffd7cd9c000 	C:\Windows\SYSTEM32\CRYPTBASE.dll
0x00007ffd7c120000 - 0x00007ffd7c14d000 	C:\Windows\SYSTEM32\IPHLPAPI.DLL
0x00007ffd7f340000 - 0x00007ffd7f349000 	C:\Windows\System32\NSI.dll
0x00007ffd60970000 - 0x00007ffd6097a000 	C:\Users\Administrator\.jdks\openjdk-22.0.1\bin\management.dll
0x00007ffd5e8a0000 - 0x00007ffd5e8ab000 	C:\Users\Administrator\.jdks\openjdk-22.0.1\bin\management_ext.dll
0x00007ffd7e2a0000 - 0x00007ffd7e2a8000 	C:\Windows\System32\PSAPI.DLL

dbghelp: loaded successfully - version: 4.0.5 - missing functions: none
symbol engine: initialized successfully - sym options: 0x614 - pdb path: .;C:\Users\Administrator\.jdks\openjdk-22.0.1\bin;C:\Windows\SYSTEM32;C:\Windows\WinSxS\amd64_microsoft.windows.common-controls_6595b64144ccf1df_6.0.22621.3672_none_2713b9d173822955;C:\Users\Administrator\.jdks\openjdk-22.0.1\bin\server;C:\Program Files\JetBrains\IntelliJ IDEA Community Edition 2024.1.4\bin

VM Arguments:
jvm_args: -javaagent:C:\Program Files\JetBrains\IntelliJ IDEA Community Edition 2024.1.4\lib\idea_rt.jar=50421:C:\Program Files\JetBrains\IntelliJ IDEA Community Edition 2024.1.4\bin -Dfile.encoding=UTF-8 -Dsun.stdout.encoding=UTF-8 -Dsun.stderr.encoding=UTF-8 
java_command: com.shaul.saidikaV3.SaidikaV3Application
java_class_path (initial): C:\Users\Administrator\Desktop\saidika backend\saidika_backend\target\classes;C:\Users\Administrator\.m2\repository\org\springframework\boot\spring-boot-starter-mail\3.3.3\spring-boot-starter-mail-3.3.3.jar;C:\Users\Administrator\.m2\repository\org\springframework\boot\spring-boot-starter\3.3.3\spring-boot-starter-3.3.3.jar;C:\Users\Administrator\.m2\repository\org\springframework\boot\spring-boot\3.3.3\spring-boot-3.3.3.jar;C:\Users\Administrator\.m2\repository\org\springframework\boot\spring-boot-autoconfigure\3.3.3\spring-boot-autoconfigure-3.3.3.jar;C:\Users\Administrator\.m2\repository\org\springframework\boot\spring-boot-starter-logging\3.3.3\spring-boot-starter-logging-3.3.3.jar;C:\Users\Administrator\.m2\repository\ch\qos\logback\logback-classic\1.5.7\logback-classic-1.5.7.jar;C:\Users\Administrator\.m2\repository\ch\qos\logback\logback-core\1.5.7\logback-core-1.5.7.jar;C:\Users\Administrator\.m2\repository\org\apache\logging\log4j\log4j-to-slf4j\2.23.1\log4j-to-slf4j-2.23.1.jar;C:\Users\Administrator\.m2\repository\org\apache\logging\log4j\log4j-api\2.23.1\log4j-api-2.23.1.jar;C:\Users\Administrator\.m2\repository\org\slf4j\jul-to-slf4j\2.0.16\jul-to-slf4j-2.0.16.jar;C:\Users\Administrator\.m2\repository\jakarta\annotation\jakarta.annotation-api\2.1.1\jakarta.annotation-api-2.1.1.jar;C:\Users\Administrator\.m2\repository\org\yaml\snakeyaml\2.2\snakeyaml-2.2.jar;C:\Users\Administrator\.m2\repository\org\springframework\spring-context-support\6.1.12\spring-context-support-6.1.12.jar;C:\Users\Administrator\.m2\repository\org\springframework\spring-beans\6.1.12\spring-beans-6.1.12.jar;C:\Users\Administrator\.m2\repository\org\springframework\spring-context\6.1.12\spring-context-6.1.12.jar;C:\Users\Administrator\.m2\repository\org\eclipse\angus\jakarta.mail\2.0.3\jakarta.mail-2.0.3.jar;C:\Users\Administrator\.m2\repository\jakarta\activation\jakarta.activation-api\2.1.3\jakarta.activation-api-2.1.3.jar;C:\Users\Administrator\.m2\repository\org\eclipse\angus\angus-activation\2.0.2\angus-activation-2.0.2.jar;C:\Users\Administrator\.m2\repository\org\springframework\boot\spring-boot-starter-data-jpa\3.3.3\spring-boot-starter-data-jpa-3.3.3.jar;C:\Users\Administrator\.m2\repository\org\springframework\boot\spring-boot-starter-aop\3.3.3\spring-boot-starter-aop-3.3.3.jar;C:\Users\Administrator\.m2\repository\org\aspectj\aspectjweaver\1.9.22.1\aspectjweaver-1.9.22.1.jar;C:\Users\Administrator\.m2\repository\org\springframework\boot\spring-boot-starter-jdbc\3.3.3\spring-boot-starter-jdbc-3.3.3.jar;C:\Users\Administrator\.m2\repository\com\zaxxer\HikariCP\5.1.0\HikariCP-5.1.0.jar;C:\Users\Administrator\.m2\repository\org\springframework\spring-jdbc\6.1.12\spring-jdbc-6.1.12.jar;C:\Users\Administrator\.m2\repository\org\hibernate\orm\hibernate-core\6.5.2.Final\hibernate-core-6.5.2.Final.jar;C:\Users\Administrator\.m2\repository\jakarta\persistence\jakarta.persistence-api\3.1.0\jakarta.persistence-api-3.1.0.jar;C:\Users\Administrator\.m2\repository\jakarta\transaction\jakarta.transaction-api\2.0.1\jakarta.transaction-api-2.0.1.jar;C:\Users\Administrator\.m2\repository\org\jboss\logging\jboss-logging\3.5.3.Final\jboss-logging-3.5.3.Final.jar;C:\Users\Administrator\.m2\repository\org\hibernate\common\hibernate-commons-annotations\6.0.6.Final\hibernate-commons-annotations-6.0.6.Final.jar;C:\Users\Administrator\.m2\repository\io\smallrye\jandex\3.1.2\jandex-3.1.2.jar;C:\Users\Administrator\.m2\repository\com\fasterxml\classmate\1.7.0\classmate-1.7.0.jar;C:\Users\Administrator\.m2\repository\net\bytebuddy\byte-buddy\1.14.19\byte-buddy-1.14.19.jar;C:\Users\Administrator\.m2\repository\org\glassfish\jaxb\jaxb-runtime\4.0.5\jaxb-runtime-4.0.5.jar;C:\Users\Administrator\.m2\repository\org\glassfish\jaxb\jaxb-core\4.0.5\jaxb-core-4.0.5.jar;C:\Users\Administrator\.m2\repository\org\glassfish\jaxb\txw2\4.0.5\txw2-4.0.5.jar;C:\Users\Administrator\.m2\repository\com\sun\istack\istack-commons-runtime\4.1.2\istack-commons-runtime-4.1.2.jar;C:\Users\Administrator\.m2\repository\jakarta\inject\jakarta.inject-api\2.0.1\jakarta.inject-api-2.0.1.jar;C:\Users\Administrator\.m2\repository\org\antlr\antlr4-runtime\4.13.0\antlr4-runtime-4.13.0.jar;C:\Users\Administrator\.m2\repository\org\springframework\data\spring-data-jpa\3.3.3\spring-data-jpa-3.3.3.jar;C:\Users\Administrator\.m2\repository\org\springframework\data\spring-data-commons\3.3.3\spring-data-commons-3.3.3.jar;C:\Users\Administrator\.m2\repository\org\springframework\spring-orm\6.1.12\spring-orm-6.1.12.jar;C:\Users\Administrator\.m2\repository\org\springframework\spring-tx\6.1.12\spring-tx-6.1.12.jar;C:\Users\Administrator\.m2\repository\org\slf4j\slf4j-api\2.0.16\slf4j-api-2.0.16.jar;C:\Users\Administrator\.m2\repository\org\springframework\spring-aspects\6.1.12\spring-aspects-6.1.12.jar;C:\Users\Administrator\.m2\repository\org\springframework\boot\spring-boot-starter-web\3.3.3\spring-boot-starter-web-3.3.3.jar;C:\Users\Administrator\.m2\repository\org\springframework\boot\spring-boot-starter-json\3.3.3\spring-boot-starter-json-3.3.3.jar;C:\Users\Administrator\.m2\repository\com\fasterxml\jackson\datatype\jackson-datatype-jdk8\2.17.2\jackson-datatype-jdk8-2.17.2.jar;C:\Users\Administrator\.m2\repository\com\fasterxml\jackson\datatype\jackson-datatype-jsr310\2.17.2\jackson-datatype-jsr310-2.17.2.jar;C:\Users\Administrator\.m2\repository\com\fasterxml\jackson\module\jackson-module-parameter-names\2.17.2\jackson-module-parameter-names-2.17.2.jar;C:\Users\Administrator\.m2\repository\org\springframework\boot\spring-boot-starter-tomcat\3.3.3\spring-boot-starter-tomcat-3.3.3.jar;C:\Users\Administrator\.m2\repository\org\apache\tomcat\embed\tomcat-embed-core\10.1.28\tomcat-embed-core-10.1.28.jar;C:\Users\Administrator\.m2\repository\org\apache\tomcat\embed\tomcat-embed-websocket\10.1.28\tomcat-embed-websocket-10.1.28.jar;C:\Users\Administrator\.m2\repository\org\springframework\spring-web\6.1.12\spring-web-6.1.12.jar;C:\Users\Administrator\.m2\repository\io\micrometer\micrometer-observation\1.13.3\micrometer-observation-1.13.3.jar;C:\Users\Administrator\.m2\repository\io\micrometer\micrometer-commons\1.13.3\micrometer-commons-1.13.3.jar;C:\Users\Administrator\.m2\repository\org\springframework\spring-webmvc\6.1.12\spring-webmvc-6.1.12.jar;C:\Users\Administrator\.m2\repository\org\springframework\spring-expression\6.1.12\spring-expression-6.1.12.jar;C:\Users\Administrator\.m2\repository\org\apache\httpcomponents\httpclient\4.0\httpclient-4.0.jar;C:\Users\Administrator\.m2\repository\org\apache\httpcomponents\httpcore\4.4.16\httpcore-4.4.16.jar;C:\Users\Administrator\.m2\repository\commons-logging\commons-logging\1.1.1\commons-logging-1.1.1.jar;C:\Users\Administrator\.m2\repository\commons-codec\commons-codec\1.16.1\commons-codec-1.16.1.jar;C:\Users\Administrator\.m2\repository\org\springframework\boot\spring-boot-starter-validation\3.3.3\spring-boot-starter-validation-3.3.3.jar;C:\Users\Administrator\.m2\repository\org\apache\tomcat\embed\tomcat-embed-el\10.1.28\tomcat-embed-el-10.1.28.jar;C:\Users\Administrator\.m2\repository\org\hibernate\validator\hibernate-validator\8.0.1.Final\hibernate-validator-8.0.1.Final.jar;C:\Users\Administrator\.m2\repository\jakarta\validation\jakarta.validation-api\3.0.2\jakarta.validation-api-3.0.2.jar;C:\Users\Administrator\.m2\repository\com\mysql\mysql-connector-j\8.3.0\mysql-connector-j-8.3.0.jar;C:\Users\Administrator\.m2\repository\org\projectlombok\lombok\1.18.34\lombok-1.18.34.jar;C:\Users\Administrator\.m2\repository\jakarta\xml\bind\jakarta.xml.bind-api\4.0.2\jakarta.xml.bind-api-4.0.2.jar;C:\Users\Administrator\.m2\repository\org\springframework\spring-core\6.1.12\spring-core-6.1.12.jar;C:\Users\Administrator\.m2\repository\org\springframework\spring-jcl\6.1.12\spring-jcl-6.1.12.jar;C:\Users\Administrator\.m2\repository\io\jsonwebtoken\jjwt-api\0.12.3\jjwt-api-0.12.3.jar;C:\Users\Administrator\.m2\repository\io\jsonwebtoken\jjwt-impl\0.12.3\jjwt-impl-0.12.3.jar;C:\Users\Administrator\.m2\repository\io\jsonwebtoken\jjwt-jackson\0.12.3\jjwt-jackson-0.12.3.jar;C:\Users\Administrator\.m2\repository\com\fasterxml\jackson\core\jackson-databind\2.17.2\jackson-databind-2.17.2.jar;C:\Users\Administrator\.m2\repository\com\fasterxml\jackson\core\jackson-annotations\2.17.2\jackson-annotations-2.17.2.jar;C:\Users\Administrator\.m2\repository\com\fasterxml\jackson\core\jackson-core\2.17.2\jackson-core-2.17.2.jar;C:\Users\Administrator\.m2\repository\org\springframework\boot\spring-boot-starter-security\3.3.3\spring-boot-starter-security-3.3.3.jar;C:\Users\Administrator\.m2\repository\org\springframework\spring-aop\6.1.12\spring-aop-6.1.12.jar;C:\Users\Administrator\.m2\repository\org\springframework\security\spring-security-config\6.3.3\spring-security-config-6.3.3.jar;C:\Users\Administrator\.m2\repository\org\springframework\security\spring-security-core\6.3.3\spring-security-core-6.3.3.jar;C:\Users\Administrator\.m2\repository\org\springframework\security\spring-security-crypto\6.3.3\spring-security-crypto-6.3.3.jar;C:\Users\Administrator\.m2\repository\org\springframework\security\spring-security-web\6.3.3\spring-security-web-6.3.3.jar;C:\Users\Administrator\.m2\repository\com\warrenstrange\googleauth\1.4.0\googleauth-1.4.0.jar;C:\Users\Administrator\.m2\repository\com\google\zxing\core\3.3.0\core-3.3.0.jar;C:\Users\Administrator\.m2\repository\com\google\zxing\javase\3.3.0\javase-3.3.0.jar;C:\Users\Administrator\.m2\repository\com\beust\jcommander\1.48\jcommander-1.48.jar;C:\Users\Administrator\.m2\repository\com\github\jai-imageio\jai-imageio-core\1.3.1\jai-imageio-core-1.3.1.jar
Launcher Type: SUN_STANDARD

[Global flags]
     intx CICompilerCount                          = 3                                         {product} {ergonomic}
     uint ConcGCThreads                            = 1                                         {product} {ergonomic}
     uint G1ConcRefinementThreads                  = 4                                         {product} {ergonomic}
   size_t G1HeapRegionSize                         = 1048576                                   {product} {ergonomic}
   size_t InitialHeapSize                          = 67108864                                  {product} {ergonomic}
   size_t MarkStackSize                            = 4194304                                   {product} {ergonomic}
   size_t MaxHeapSize                              = 1046478848                                {product} {ergonomic}
   size_t MaxNewSize                               = 627048448                                 {product} {ergonomic}
   size_t MinHeapDeltaBytes                        = 1048576                                   {product} {ergonomic}
   size_t MinHeapSize                              = 8388608                                   {product} {ergonomic}
    uintx NonNMethodCodeHeapSize                   = 5832780                                {pd product} {ergonomic}
    uintx NonProfiledCodeHeapSize                  = 122912730                              {pd product} {ergonomic}
    uintx ProfiledCodeHeapSize                     = 122912730                              {pd product} {ergonomic}
    uintx ReservedCodeCacheSize                    = 251658240                              {pd product} {ergonomic}
     bool SegmentedCodeCache                       = true                                      {product} {ergonomic}
   size_t SoftMaxHeapSize                          = 1046478848                             {manageable} {ergonomic}
     bool UseCompressedOops                        = true                           {product lp64_product} {ergonomic}
     bool UseG1GC                                  = true                                      {product} {ergonomic}
     bool UseLargePagesIndividualAllocation        = false                                  {pd product} {ergonomic}

Logging:
Log output configuration:
 #0: stdout all=warning uptime,level,tags foldmultilines=false
 #1: stderr all=off uptime,level,tags foldmultilines=false

Environment Variables:
JAVA_HOME=C:\Program Files\Java\jdk-21\
PATH=C:\Program Files\Java\jdk-21\bin;C:\Windows\system32;C:\Windows;C:\Windows\System32\Wbem;C:\Windows\System32\WindowsPowerShell\v1.0\;C:\Windows\System32\OpenSSH\;C:\Program Files\Docker\Docker\resources\bin;C:\Program Files\Git\cmd;C:\Program Files\nodejs\;C:\Program Files\Apache\Maven\apache-maven-3.9.9\bin;C:\Users\Administrator\AppData\Local\Programs\Python\Python313\Scripts\;C:\Users\Administrator\AppData\Local\Programs\Python\Python313\;C:\Users\Administrator\AppData\Local\Microsoft\WindowsApps;C:\src\flutter-latest\flutter\bin;C:\Users\Administrator\AppData\Local\Programs\Microsoft VS Code\bin;C:\Users\Administrator\AppData\Local\GitHubDesktop\bin;C:\Users\Administrator\AppData\Roaming\npm;C:\Users\Administrator\AppData\Local\JetBrains\Toolbox\scripts;C:\Program Files\Java\jdk-21\bin;C:\Program Files\Tesseract-OCR;C:\Users\Administrator\AppData\Local\Pub\Cache\bin;
USERNAME=Administrator
OS=Windows_NT
PROCESSOR_IDENTIFIER=Intel64 Family 6 Model 78 Stepping 3, GenuineIntel
TMP=C:\Users\ADMINI~1\AppData\Local\Temp
TEMP=C:\Users\ADMINI~1\AppData\Local\Temp




Periodic native trim disabled

---------------  S Y S T E M  ---------------

OS:
 Windows 11 , 64 bit Build 22621 (10.0.22621.3958)
OS uptime: 0 days 3:15 hours
Hyper-V role detected

CPU: total 4 (initial active 4) (2 cores per cpu, 2 threads per core) family 6 model 78 stepping 3 microcode 0xd6, cx8, cmov, fxsr, ht, mmx, 3dnowpref, sse, sse2, sse3, ssse3, sse4.1, sse4.2, popcnt, lzcnt, tsc, tscinvbit, avx, avx2, aes, erms, clmul, bmi1, bmi2, rtm, adx, fma, vzeroupper, clflush, clflushopt, hv, rdtscp, f16c
Processor Information for all 4 processors :
  Max Mhz: 2496, Current Mhz: 2396, Mhz Limit: 2396

Memory: 4k page, system-wide physical 3986M (407M free)
TotalPageFile size 16274M (AvailPageFile size 5M)
current process WorkingSet (physical memory assigned to process): 186M, peak: 186M
current process commit charge ("private bytes"): 216M, peak: 216M

vm_info: OpenJDK 64-Bit Server VM (22.0.1+8-16) for windows-amd64 JRE (22.0.1+8-16), built on 2024-03-12T10:33:16Z by "mach5one" with MS VC++ 17.6 (VS2022)

END.
