#
# There is insufficient memory for the Java Runtime Environment to continue.
# Native memory allocation (malloc) failed to allocate 498800 bytes for Chunk::new
# Possible reasons:
#   The system is out of physical RAM or swap space
#   The process is running with CompressedOops enabled, and the Java Heap may be blocking the growth of the native heap
# Possible solutions:
#   Reduce memory load on the system
#   Increase physical memory or swap space
#   Check if swap backing store is full
#   Decrease Java heap size (-Xmx/-Xms)
#   Decrease number of Java threads
#   Decrease Java thread stack sizes (-Xss)
#   Set larger code cache with -XX:ReservedCodeCacheSize=
#   JVM is running with Unscaled Compressed Oops mode in which the Java heap is
#     placed in the first 4GB address space. The Java Heap base address is the
#     maximum limit for the native heap growth. Please use -XX:HeapBaseMinAddress
#     to set the Java Heap base and to place the Java Heap above 4GB virtual address.
# This output file may be truncated or incomplete.
#
#  Out of Memory Error (arena.cpp:168), pid=12812, tid=10800
#
# JRE version: Java(TM) SE Runtime Environment (21.0.5+9) (build 21.0.5+9-LTS-239)
# Java VM: Java HotSpot(TM) 64-Bit Server VM (21.0.5+9-LTS-239, mixed mode, sharing, tiered, compressed oops, compressed class ptrs, g1 gc, windows-amd64)
# No core dump will be written. Minidumps are not enabled by default on client versions of Windows
#

---------------  S U M M A R Y ------------

Command Line: -Dclassworlds.conf=C:\Program Files\Apache\Maven\apache-maven-3.9.9\bin\m2.conf -Dmaven.home=C:\Program Files\Apache\Maven\apache-maven-3.9.9 -Dlibrary.jansi.path=C:\Program Files\Apache\Maven\apache-maven-3.9.9\lib\jansi-native -Dmaven.multiModuleProjectDirectory=C:\Users\Administrator\Desktop\saidika backend\saidika_backend org.codehaus.plexus.classworlds.launcher.Launcher clean package

Host: Intel(R) Core(TM) i5-6300U CPU @ 2.40GHz, 4 cores, 3G,  Windows 11 , 64 bit Build 22621 (10.0.22621.3958)
Time: Sun Feb  9 18:51:42 2025 E. Africa Standard Time elapsed time: 23.488598 seconds (0d 0h 0m 23s)

---------------  T H R E A D  ---------------

Current thread (0x00000208b54d3d50):  JavaThread "C2 CompilerThread0" daemon [_thread_in_native, id=10800, stack(0x0000007f97a00000,0x0000007f97b00000) (1024K)]


Current CompileTask:
C2:  23488 3052       4       org.codehaus.plexus.util.xml.pull.MXParser::nextImpl (1203 bytes)

Stack: [0x0000007f97a00000,0x0000007f97b00000]
Native frames: (J=compiled Java code, j=interpreted, Vv=VM code, C=native code)
V  [jvm.dll+0x6ca289]
V  [jvm.dll+0x854a51]
V  [jvm.dll+0x856f7e]
V  [jvm.dll+0x857653]
V  [jvm.dll+0x27dd26]
V  [jvm.dll+0xc4c2d]
V  [jvm.dll+0xc5163]
V  [jvm.dll+0x3b4d3c]
V  [jvm.dll+0x3814b5]
V  [jvm.dll+0x38092a]
V  [jvm.dll+0x246910]
V  [jvm.dll+0x245eef]
V  [jvm.dll+0x1c6d0e]
V  [jvm.dll+0x2554d9]
V  [jvm.dll+0x253a6a]
V  [jvm.dll+0x3ee136]
V  [jvm.dll+0x7fee9b]
V  [jvm.dll+0x6c896d]
C  [ucrtbase.dll+0x29333]
C  [KERNEL32.DLL+0x1257d]
C  [ntdll.dll+0x5af08]


---------------  P R O C E S S  ---------------

Threads class SMR info:
_java_thread_list=0x00000208fb4b6c10, length=13, elements={
0x0000020898560fe0, 0x00000208b54cb4a0, 0x00000208b54cc560, 0x00000208b54d00d0,
0x00000208b54d0b20, 0x00000208b54d1570, 0x00000208b54d2fd0, 0x00000208b54d3d50,
0x00000208b553a130, 0x00000208b573f960, 0x00000208b57461a0, 0x00000208b5a52930,
0x00000208b54fa770
}

Java Threads: ( => current thread )
  0x0000020898560fe0 JavaThread "main"                              [_thread_in_native, id=6088, stack(0x0000007f96c00000,0x0000007f96d00000) (1024K)]
  0x00000208b54cb4a0 JavaThread "Reference Handler"          daemon [_thread_blocked, id=13296, stack(0x0000007f97400000,0x0000007f97500000) (1024K)]
  0x00000208b54cc560 JavaThread "Finalizer"                  daemon [_thread_blocked, id=8428, stack(0x0000007f97500000,0x0000007f97600000) (1024K)]
  0x00000208b54d00d0 JavaThread "Signal Dispatcher"          daemon [_thread_blocked, id=6272, stack(0x0000007f97600000,0x0000007f97700000) (1024K)]
  0x00000208b54d0b20 JavaThread "Attach Listener"            daemon [_thread_blocked, id=5444, stack(0x0000007f97700000,0x0000007f97800000) (1024K)]
  0x00000208b54d1570 JavaThread "Service Thread"             daemon [_thread_blocked, id=4296, stack(0x0000007f97800000,0x0000007f97900000) (1024K)]
  0x00000208b54d2fd0 JavaThread "Monitor Deflation Thread"   daemon [_thread_blocked, id=9248, stack(0x0000007f97900000,0x0000007f97a00000) (1024K)]
=>0x00000208b54d3d50 JavaThread "C2 CompilerThread0"         daemon [_thread_in_native, id=10800, stack(0x0000007f97a00000,0x0000007f97b00000) (1024K)]
  0x00000208b553a130 JavaThread "C1 CompilerThread0"         daemon [_thread_blocked, id=6540, stack(0x0000007f97b00000,0x0000007f97c00000) (1024K)]
  0x00000208b573f960 JavaThread "Notification Thread"        daemon [_thread_blocked, id=6396, stack(0x0000007f97c00000,0x0000007f97d00000) (1024K)]
  0x00000208b57461a0 JavaThread "Common-Cleaner"             daemon [_thread_blocked, id=10124, stack(0x0000007f97d00000,0x0000007f97e00000) (1024K)]
  0x00000208b5a52930 JavaThread "cleanup"                    daemon [_thread_in_native, id=7632, stack(0x0000007f97e00000,0x0000007f97f00000) (1024K)]
  0x00000208b54fa770 JavaThread "Thread-1"                   daemon [_thread_blocked, id=1524, stack(0x0000007f98200000,0x0000007f98300000) (1024K)]
Total: 13

Other Threads:
  0x000002089a9054f0 VMThread "VM Thread"                           [id=13176, stack(0x0000007f97300000,0x0000007f97400000) (1024K)]
  0x000002089a8f3fe0 WatcherThread "VM Periodic Task Thread"        [id=11712, stack(0x0000007f97200000,0x0000007f97300000) (1024K)]
  0x000002089a87f310 WorkerThread "GC Thread#0"                     [id=2568, stack(0x0000007f96d00000,0x0000007f96e00000) (1024K)]
  0x00000208fb1bb010 WorkerThread "GC Thread#1"                     [id=13148, stack(0x0000007f97f00000,0x0000007f98000000) (1024K)]
  0x00000208fb514b40 WorkerThread "GC Thread#2"                     [id=10948, stack(0x0000007f98000000,0x0000007f98100000) (1024K)]
  0x00000208fb5dcea0 WorkerThread "GC Thread#3"                     [id=7924, stack(0x0000007f98100000,0x0000007f98200000) (1024K)]
  0x000002089a889fd0 ConcurrentGCThread "G1 Main Marker"            [id=12752, stack(0x0000007f96e00000,0x0000007f96f00000) (1024K)]
  0x000002089a88ac80 WorkerThread "G1 Conc#0"                       [id=6152, stack(0x0000007f96f00000,0x0000007f97000000) (1024K)]
  0x000002089a8e3540 ConcurrentGCThread "G1 Refine#0"               [id=240, stack(0x0000007f97000000,0x0000007f97100000) (1024K)]
  0x000002089a8e4260 ConcurrentGCThread "G1 Service"                [id=11112, stack(0x0000007f97100000,0x0000007f97200000) (1024K)]
Total: 10

Threads with active compile tasks:
C2 CompilerThread0    23569 3052       4       org.codehaus.plexus.util.xml.pull.MXParser::nextImpl (1203 bytes)
Total: 1

VM state: not at safepoint (normal execution)

VM Mutex/Monitor currently owned by a thread: None

Heap address: 0x00000000c1a00000, size: 998 MB, Compressed Oops mode: 32-bit

CDS archive(s) mapped at: [0x00000208b6000000-0x00000208b6c90000-0x00000208b6c90000), size 13172736, SharedBaseAddress: 0x00000208b6000000, ArchiveRelocationMode: 1.
Compressed class space mapped at: 0x00000208b7000000-0x00000208f7000000, reserved size: 1073741824
Narrow klass base: 0x00000208b6000000, Narrow klass shift: 0, Narrow klass range: 0x100000000

GC Precious Log:
 CardTable entry size: 512
 Card Set container configuration: InlinePtr #cards 5 size 8 Array Of Cards #cards 12 size 40 Howl #buckets 4 coarsen threshold 1843 Howl Bitmap #cards 512 size 80 coarsen threshold 460 Card regions per heap region 1 cards per card region 2048
 CPUs: 4 total, 4 available
 Memory: 3986M
 Large Page Support: Disabled
 NUMA Support: Disabled
 Compressed Oops: Enabled (32-bit)
 Heap Region Size: 1M
 Heap Min Capacity: 8M
 Heap Initial Capacity: 64M
 Heap Max Capacity: 998M
 Pre-touch: Disabled
 Parallel Workers: 4
 Concurrent Workers: 1
 Concurrent Refinement Workers: 4
 Periodic GC: Disabled

Heap:
 garbage-first heap   total 65536K, used 23359K [0x00000000c1a00000, 0x0000000100000000)
  region size 1024K, 21 young (21504K), 4 survivors (4096K)
 Metaspace       used 15138K, committed 15360K, reserved 1114112K
  class space    used 1778K, committed 1856K, reserved 1048576K

Heap Regions: E=young(eden), S=young(survivor), O=old, HS=humongous(starts), HC=humongous(continues), CS=collection set, F=free, TAMS=top-at-mark-start, PB=parsable bottom
|   0|0x00000000c1a00000, 0x00000000c1b00000, 0x00000000c1b00000|100%| O|  |TAMS 0x00000000c1a00000| PB 0x00000000c1a00000| Untracked 
|   1|0x00000000c1b00000, 0x00000000c1c00000, 0x00000000c1c00000|100%| O|  |TAMS 0x00000000c1b00000| PB 0x00000000c1b00000| Untracked 
|   2|0x00000000c1c00000, 0x00000000c1d00000, 0x00000000c1d00000|100%| O|  |TAMS 0x00000000c1c00000| PB 0x00000000c1c00000| Untracked 
|   3|0x00000000c1d00000, 0x00000000c1d79080, 0x00000000c1e00000| 47%| O|  |TAMS 0x00000000c1d00000| PB 0x00000000c1d00000| Untracked 
|   4|0x00000000c1e00000, 0x00000000c1e00000, 0x00000000c1f00000|  0%| F|  |TAMS 0x00000000c1e00000| PB 0x00000000c1e00000| Untracked 
|   5|0x00000000c1f00000, 0x00000000c1f00000, 0x00000000c2000000|  0%| F|  |TAMS 0x00000000c1f00000| PB 0x00000000c1f00000| Untracked 
|   6|0x00000000c2000000, 0x00000000c2000000, 0x00000000c2100000|  0%| F|  |TAMS 0x00000000c2000000| PB 0x00000000c2000000| Untracked 
|   7|0x00000000c2100000, 0x00000000c2100000, 0x00000000c2200000|  0%| F|  |TAMS 0x00000000c2100000| PB 0x00000000c2100000| Untracked 
|   8|0x00000000c2200000, 0x00000000c2200000, 0x00000000c2300000|  0%| F|  |TAMS 0x00000000c2200000| PB 0x00000000c2200000| Untracked 
|   9|0x00000000c2300000, 0x00000000c2300000, 0x00000000c2400000|  0%| F|  |TAMS 0x00000000c2300000| PB 0x00000000c2300000| Untracked 
|  10|0x00000000c2400000, 0x00000000c2400000, 0x00000000c2500000|  0%| F|  |TAMS 0x00000000c2400000| PB 0x00000000c2400000| Untracked 
|  11|0x00000000c2500000, 0x00000000c2500000, 0x00000000c2600000|  0%| F|  |TAMS 0x00000000c2500000| PB 0x00000000c2500000| Untracked 
|  12|0x00000000c2600000, 0x00000000c2600000, 0x00000000c2700000|  0%| F|  |TAMS 0x00000000c2600000| PB 0x00000000c2600000| Untracked 
|  13|0x00000000c2700000, 0x00000000c2700000, 0x00000000c2800000|  0%| F|  |TAMS 0x00000000c2700000| PB 0x00000000c2700000| Untracked 
|  14|0x00000000c2800000, 0x00000000c2800000, 0x00000000c2900000|  0%| F|  |TAMS 0x00000000c2800000| PB 0x00000000c2800000| Untracked 
|  15|0x00000000c2900000, 0x00000000c2900000, 0x00000000c2a00000|  0%| F|  |TAMS 0x00000000c2900000| PB 0x00000000c2900000| Untracked 
|  16|0x00000000c2a00000, 0x00000000c2a00000, 0x00000000c2b00000|  0%| F|  |TAMS 0x00000000c2a00000| PB 0x00000000c2a00000| Untracked 
|  17|0x00000000c2b00000, 0x00000000c2b00000, 0x00000000c2c00000|  0%| F|  |TAMS 0x00000000c2b00000| PB 0x00000000c2b00000| Untracked 
|  18|0x00000000c2c00000, 0x00000000c2c00000, 0x00000000c2d00000|  0%| F|  |TAMS 0x00000000c2c00000| PB 0x00000000c2c00000| Untracked 
|  19|0x00000000c2d00000, 0x00000000c2d00000, 0x00000000c2e00000|  0%| F|  |TAMS 0x00000000c2d00000| PB 0x00000000c2d00000| Untracked 
|  20|0x00000000c2e00000, 0x00000000c2e00000, 0x00000000c2f00000|  0%| F|  |TAMS 0x00000000c2e00000| PB 0x00000000c2e00000| Untracked 
|  21|0x00000000c2f00000, 0x00000000c2f00000, 0x00000000c3000000|  0%| F|  |TAMS 0x00000000c2f00000| PB 0x00000000c2f00000| Untracked 
|  22|0x00000000c3000000, 0x00000000c3056b80, 0x00000000c3100000| 33%| S|CS|TAMS 0x00000000c3000000| PB 0x00000000c3000000| Complete 
|  23|0x00000000c3100000, 0x00000000c3200000, 0x00000000c3200000|100%| S|CS|TAMS 0x00000000c3100000| PB 0x00000000c3100000| Complete 
|  24|0x00000000c3200000, 0x00000000c3300000, 0x00000000c3300000|100%| S|CS|TAMS 0x00000000c3200000| PB 0x00000000c3200000| Complete 
|  25|0x00000000c3300000, 0x00000000c3400000, 0x00000000c3400000|100%| S|CS|TAMS 0x00000000c3300000| PB 0x00000000c3300000| Complete 
|  26|0x00000000c3400000, 0x00000000c3400000, 0x00000000c3500000|  0%| F|  |TAMS 0x00000000c3400000| PB 0x00000000c3400000| Untracked 
|  27|0x00000000c3500000, 0x00000000c3500000, 0x00000000c3600000|  0%| F|  |TAMS 0x00000000c3500000| PB 0x00000000c3500000| Untracked 
|  28|0x00000000c3600000, 0x00000000c3600000, 0x00000000c3700000|  0%| F|  |TAMS 0x00000000c3600000| PB 0x00000000c3600000| Untracked 
|  29|0x00000000c3700000, 0x00000000c3700000, 0x00000000c3800000|  0%| F|  |TAMS 0x00000000c3700000| PB 0x00000000c3700000| Untracked 
|  30|0x00000000c3800000, 0x00000000c3800000, 0x00000000c3900000|  0%| F|  |TAMS 0x00000000c3800000| PB 0x00000000c3800000| Untracked 
|  31|0x00000000c3900000, 0x00000000c3900000, 0x00000000c3a00000|  0%| F|  |TAMS 0x00000000c3900000| PB 0x00000000c3900000| Untracked 
|  32|0x00000000c3a00000, 0x00000000c3a00000, 0x00000000c3b00000|  0%| F|  |TAMS 0x00000000c3a00000| PB 0x00000000c3a00000| Untracked 
|  33|0x00000000c3b00000, 0x00000000c3b00000, 0x00000000c3c00000|  0%| F|  |TAMS 0x00000000c3b00000| PB 0x00000000c3b00000| Untracked 
|  34|0x00000000c3c00000, 0x00000000c3c00000, 0x00000000c3d00000|  0%| F|  |TAMS 0x00000000c3c00000| PB 0x00000000c3c00000| Untracked 
|  35|0x00000000c3d00000, 0x00000000c3d00000, 0x00000000c3e00000|  0%| F|  |TAMS 0x00000000c3d00000| PB 0x00000000c3d00000| Untracked 
|  36|0x00000000c3e00000, 0x00000000c3e00000, 0x00000000c3f00000|  0%| F|  |TAMS 0x00000000c3e00000| PB 0x00000000c3e00000| Untracked 
|  37|0x00000000c3f00000, 0x00000000c3f00000, 0x00000000c4000000|  0%| F|  |TAMS 0x00000000c3f00000| PB 0x00000000c3f00000| Untracked 
|  38|0x00000000c4000000, 0x00000000c4000000, 0x00000000c4100000|  0%| F|  |TAMS 0x00000000c4000000| PB 0x00000000c4000000| Untracked 
|  39|0x00000000c4100000, 0x00000000c4100000, 0x00000000c4200000|  0%| F|  |TAMS 0x00000000c4100000| PB 0x00000000c4100000| Untracked 
|  40|0x00000000c4200000, 0x00000000c4200000, 0x00000000c4300000|  0%| F|  |TAMS 0x00000000c4200000| PB 0x00000000c4200000| Untracked 
|  41|0x00000000c4300000, 0x00000000c4300000, 0x00000000c4400000|  0%| F|  |TAMS 0x00000000c4300000| PB 0x00000000c4300000| Untracked 
|  42|0x00000000c4400000, 0x00000000c4400000, 0x00000000c4500000|  0%| F|  |TAMS 0x00000000c4400000| PB 0x00000000c4400000| Untracked 
|  43|0x00000000c4500000, 0x00000000c4500000, 0x00000000c4600000|  0%| F|  |TAMS 0x00000000c4500000| PB 0x00000000c4500000| Untracked 
|  44|0x00000000c4600000, 0x00000000c4600000, 0x00000000c4700000|  0%| F|  |TAMS 0x00000000c4600000| PB 0x00000000c4600000| Untracked 
|  45|0x00000000c4700000, 0x00000000c4700000, 0x00000000c4800000|  0%| F|  |TAMS 0x00000000c4700000| PB 0x00000000c4700000| Untracked 
|  46|0x00000000c4800000, 0x00000000c4800000, 0x00000000c4900000|  0%| F|  |TAMS 0x00000000c4800000| PB 0x00000000c4800000| Untracked 
|  47|0x00000000c4900000, 0x00000000c4a00000, 0x00000000c4a00000|100%| E|  |TAMS 0x00000000c4900000| PB 0x00000000c4900000| Complete 
|  48|0x00000000c4a00000, 0x00000000c4b00000, 0x00000000c4b00000|100%| E|CS|TAMS 0x00000000c4a00000| PB 0x00000000c4a00000| Complete 
|  49|0x00000000c4b00000, 0x00000000c4c00000, 0x00000000c4c00000|100%| E|CS|TAMS 0x00000000c4b00000| PB 0x00000000c4b00000| Complete 
|  50|0x00000000c4c00000, 0x00000000c4d00000, 0x00000000c4d00000|100%| E|CS|TAMS 0x00000000c4c00000| PB 0x00000000c4c00000| Complete 
|  51|0x00000000c4d00000, 0x00000000c4e00000, 0x00000000c4e00000|100%| E|CS|TAMS 0x00000000c4d00000| PB 0x00000000c4d00000| Complete 
|  52|0x00000000c4e00000, 0x00000000c4f00000, 0x00000000c4f00000|100%| E|CS|TAMS 0x00000000c4e00000| PB 0x00000000c4e00000| Complete 
|  53|0x00000000c4f00000, 0x00000000c5000000, 0x00000000c5000000|100%| E|CS|TAMS 0x00000000c4f00000| PB 0x00000000c4f00000| Complete 
|  54|0x00000000c5000000, 0x00000000c5100000, 0x00000000c5100000|100%| E|CS|TAMS 0x00000000c5000000| PB 0x00000000c5000000| Complete 
|  55|0x00000000c5100000, 0x00000000c5200000, 0x00000000c5200000|100%| E|CS|TAMS 0x00000000c5100000| PB 0x00000000c5100000| Complete 
|  56|0x00000000c5200000, 0x00000000c5300000, 0x00000000c5300000|100%| E|CS|TAMS 0x00000000c5200000| PB 0x00000000c5200000| Complete 
|  57|0x00000000c5300000, 0x00000000c5400000, 0x00000000c5400000|100%| E|CS|TAMS 0x00000000c5300000| PB 0x00000000c5300000| Complete 
|  58|0x00000000c5400000, 0x00000000c5500000, 0x00000000c5500000|100%| E|CS|TAMS 0x00000000c5400000| PB 0x00000000c5400000| Complete 
|  59|0x00000000c5500000, 0x00000000c5600000, 0x00000000c5600000|100%| E|CS|TAMS 0x00000000c5500000| PB 0x00000000c5500000| Complete 
|  60|0x00000000c5600000, 0x00000000c5700000, 0x00000000c5700000|100%| E|CS|TAMS 0x00000000c5600000| PB 0x00000000c5600000| Complete 
|  61|0x00000000c5700000, 0x00000000c5800000, 0x00000000c5800000|100%| E|CS|TAMS 0x00000000c5700000| PB 0x00000000c5700000| Complete 
|  62|0x00000000c5800000, 0x00000000c5900000, 0x00000000c5900000|100%| E|CS|TAMS 0x00000000c5800000| PB 0x00000000c5800000| Complete 
|  63|0x00000000c5900000, 0x00000000c5a00000, 0x00000000c5a00000|100%| E|CS|TAMS 0x00000000c5900000| PB 0x00000000c5900000| Complete 

Card table byte_map: [0x00000208b1ed0000,0x00000208b20d0000] _byte_map_base: 0x00000208b18c3000

Marking Bits: (CMBitMap*) 0x000002089a87fa10
 Bits: [0x00000208b20d0000, 0x00000208b3068000)

Polling page: 0x00000208987c0000

Metaspace:

Usage:
  Non-class:     13.05 MB used.
      Class:      1.74 MB used.
       Both:     14.78 MB used.

Virtual space:
  Non-class space:       64.00 MB reserved,      13.19 MB ( 21%) committed,  1 nodes.
      Class space:        1.00 GB reserved,       1.81 MB ( <1%) committed,  1 nodes.
             Both:        1.06 GB reserved,      15.00 MB (  1%) committed. 

Chunk freelists:
   Non-Class:  2.28 MB
       Class:  14.00 MB
        Both:  16.28 MB

MaxMetaspaceSize: unlimited
CompressedClassSpaceSize: 1.00 GB
Initial GC threshold: 21.00 MB
Current GC threshold: 21.00 MB
CDS: on
 - commit_granule_bytes: 65536.
 - commit_granule_words: 8192.
 - virtual_space_node_default_size: 8388608.
 - enlarge_chunks_in_place: 1.
 - use_allocation_guard: 0.


Internal statistics:

num_allocs_failed_limit: 0.
num_arena_births: 170.
num_arena_deaths: 0.
num_vsnodes_births: 2.
num_vsnodes_deaths: 0.
num_space_committed: 240.
num_space_uncommitted: 0.
num_chunks_returned_to_freelist: 0.
num_chunks_taken_from_freelist: 660.
num_chunk_merges: 0.
num_chunk_splits: 463.
num_chunks_enlarged: 386.
num_inconsistent_stats: 0.

CodeHeap 'non-profiled nmethods': size=120000Kb used=1231Kb max_used=1231Kb free=118769Kb
 bounds [0x00000208aa7a0000, 0x00000208aaa10000, 0x00000208b1cd0000]
CodeHeap 'profiled nmethods': size=120000Kb used=6137Kb max_used=6137Kb free=113862Kb
 bounds [0x00000208a2cd0000, 0x00000208a32d0000, 0x00000208aa200000]
CodeHeap 'non-nmethods': size=5760Kb used=1395Kb max_used=1433Kb free=4365Kb
 bounds [0x00000208aa200000, 0x00000208aa470000, 0x00000208aa7a0000]
 total_blobs=3543 nmethods=3053 adapters=394
 compilation: enabled
              stopped_count=0, restarted_count=0
 full_count=0

Compilation events (20 events):
Event: 23.395 Thread 0x00000208b553a130 3048       1       org.apache.maven.model.Contributor::getOrganizationUrl (5 bytes)
Event: 23.395 Thread 0x00000208b553a130 nmethod 3048 0x00000208aa8d1c90 code [0x00000208aa8d1e20, 0x00000208aa8d1ee8]
Event: 23.395 Thread 0x00000208b553a130 3040       1       org.apache.maven.model.Contributor::setName (6 bytes)
Event: 23.395 Thread 0x00000208b553a130 nmethod 3040 0x00000208aa8d1f90 code [0x00000208aa8d2120, 0x00000208aa8d2230]
Event: 23.395 Thread 0x00000208b553a130 3050       3       java.lang.invoke.Invokers$Holder::invokeExact_MT (23 bytes)
Event: 23.396 Thread 0x00000208b553a130 nmethod 3050 0x00000208a32c6290 code [0x00000208a32c64a0, 0x00000208a32c6ae0]
Event: 23.396 Thread 0x00000208b553a130 3043       1       org.apache.maven.model.Model::getArtifactId (5 bytes)
Event: 23.396 Thread 0x00000208b553a130 nmethod 3043 0x00000208aa8d2290 code [0x00000208aa8d2420, 0x00000208aa8d24e8]
Event: 23.396 Thread 0x00000208b553a130 3051       1       org.apache.maven.model.Model::getBuild (5 bytes)
Event: 23.396 Thread 0x00000208b553a130 nmethod 3051 0x00000208aa8d2590 code [0x00000208aa8d2720, 0x00000208aa8d27f0]
Event: 23.407 Thread 0x00000208b54d3d50 nmethod 3042 0x00000208aa8d2890 code [0x00000208aa8d2ac0, 0x00000208aa8d33b0]
Event: 23.408 Thread 0x00000208b54d3d50 3052       4       org.codehaus.plexus.util.xml.pull.MXParser::nextImpl (1203 bytes)
Event: 23.408 Thread 0x00000208b553a130 3053       1       java.nio.Buffer::capacity (5 bytes)
Event: 23.408 Thread 0x00000208b553a130 nmethod 3053 0x00000208aa8d3910 code [0x00000208aa8d3aa0, 0x00000208aa8d3b68]
Event: 23.410 Thread 0x00000208b553a130 3054       3       java.util.ArrayDeque::<init> (14 bytes)
Event: 23.411 Thread 0x00000208b553a130 nmethod 3054 0x00000208a32c6d10 code [0x00000208a32c6ec0, 0x00000208a32c7180]
Event: 23.426 Thread 0x00000208b553a130 3055       3       org.codehaus.plexus.util.xml.pull.MXParser::parseAttribute (1429 bytes)
Event: 23.435 Thread 0x00000208b553a130 nmethod 3055 0x00000208a32c7290 code [0x00000208a32c7a80, 0x00000208a32cc6d0]
Event: 23.435 Thread 0x00000208b553a130 3056       3       java.util.concurrent.ConcurrentHashMap::sumCount (60 bytes)
Event: 23.436 Thread 0x00000208b553a130 nmethod 3056 0x00000208a32ce110 code [0x00000208a32ce2c0, 0x00000208a32ce518]

GC Heap History (6 events):
Event: 3.202 GC heap before
{Heap before GC invocations=0 (full 0):
 garbage-first heap   total 65536K, used 13312K [0x00000000c1a00000, 0x0000000100000000)
  region size 1024K, 13 young (13312K), 0 survivors (0K)
 Metaspace       used 3787K, committed 3968K, reserved 1114112K
  class space    used 386K, committed 512K, reserved 1048576K
}
Event: 3.218 GC heap after
{Heap after GC invocations=1 (full 0):
 garbage-first heap   total 65536K, used 3347K [0x00000000c1a00000, 0x0000000100000000)
  region size 1024K, 2 young (2048K), 2 survivors (2048K)
 Metaspace       used 3787K, committed 3968K, reserved 1114112K
  class space    used 386K, committed 512K, reserved 1048576K
}
Event: 5.316 GC heap before
{Heap before GC invocations=1 (full 0):
 garbage-first heap   total 65536K, used 17683K [0x00000000c1a00000, 0x0000000100000000)
  region size 1024K, 16 young (16384K), 2 survivors (2048K)
 Metaspace       used 6027K, committed 6208K, reserved 1114112K
  class space    used 693K, committed 768K, reserved 1048576K
}
Event: 5.325 GC heap after
{Heap after GC invocations=2 (full 0):
 garbage-first heap   total 65536K, used 4211K [0x00000000c1a00000, 0x0000000100000000)
  region size 1024K, 1 young (1024K), 1 survivors (1024K)
 Metaspace       used 6027K, committed 6208K, reserved 1114112K
  class space    used 693K, committed 768K, reserved 1048576K
}
Event: 12.723 GC heap before
{Heap before GC invocations=2 (full 0):
 garbage-first heap   total 65536K, used 41075K [0x00000000c1a00000, 0x0000000100000000)
  region size 1024K, 38 young (38912K), 1 survivors (1024K)
 Metaspace       used 12268K, committed 12480K, reserved 1114112K
  class space    used 1455K, committed 1536K, reserved 1048576K
}
Event: 12.736 GC heap after
{Heap after GC invocations=3 (full 0):
 garbage-first heap   total 65536K, used 6975K [0x00000000c1a00000, 0x0000000100000000)
  region size 1024K, 4 young (4096K), 4 survivors (4096K)
 Metaspace       used 12268K, committed 12480K, reserved 1114112K
  class space    used 1455K, committed 1536K, reserved 1048576K
}

Dll operation events (8 events):
Event: 0.030 Loaded shared library C:\Program Files\Java\jdk-21\bin\java.dll
Event: 0.125 Loaded shared library C:\Program Files\Java\jdk-21\bin\jsvml.dll
Event: 0.513 Loaded shared library C:\Program Files\Java\jdk-21\bin\net.dll
Event: 0.516 Loaded shared library C:\Program Files\Java\jdk-21\bin\nio.dll
Event: 0.538 Loaded shared library C:\Program Files\Java\jdk-21\bin\zip.dll
Event: 1.868 Loaded shared library C:\Program Files\Apache\Maven\apache-maven-3.9.9\lib\jansi-native\Windows\x86_64\jansi.dll
Event: 1.933 Loaded shared library C:\Program Files\Java\jdk-21\bin\jimage.dll
Event: 1.936 Loaded shared library C:\Program Files\Java\jdk-21\bin\verify.dll

Deoptimization events (20 events):
Event: 23.385 Thread 0x0000020898560fe0 Uncommon trap: trap_request=0xffffff45 fr.pc=0x00000208aa8ca49c relative=0x0000000000000e9c
Event: 23.385 Thread 0x0000020898560fe0 Uncommon trap: reason=unstable_if action=reinterpret pc=0x00000208aa8ca49c method=org.codehaus.plexus.util.xml.pull.MXParser.nextImpl()I @ 1162 c2
Event: 23.385 Thread 0x0000020898560fe0 DEOPT PACKING pc=0x00000208aa8ca49c sp=0x0000007f96cfdde0
Event: 23.385 Thread 0x0000020898560fe0 DEOPT UNPACKING pc=0x00000208aa2546a2 sp=0x0000007f96cfdd88 mode 2
Event: 23.385 Thread 0x0000020898560fe0 Uncommon trap: trap_request=0xffffff45 fr.pc=0x00000208aa811d7c relative=0x00000000000002dc
Event: 23.386 Thread 0x0000020898560fe0 Uncommon trap: reason=unstable_if action=reinterpret pc=0x00000208aa811d7c method=java.lang.String.decodeASCII([BI[CII)I @ 13 c2
Event: 23.386 Thread 0x0000020898560fe0 DEOPT PACKING pc=0x00000208aa811d7c sp=0x0000007f96cfda10
Event: 23.386 Thread 0x0000020898560fe0 DEOPT UNPACKING pc=0x00000208aa2546a2 sp=0x0000007f96cfd910 mode 2
Event: 23.387 Thread 0x0000020898560fe0 Uncommon trap: trap_request=0xffffff45 fr.pc=0x00000208aa81344c relative=0x00000000000002ac
Event: 23.387 Thread 0x0000020898560fe0 Uncommon trap: reason=unstable_if action=reinterpret pc=0x00000208aa81344c method=java.lang.String.decodeASCII([BI[CII)I @ 13 c2
Event: 23.387 Thread 0x0000020898560fe0 DEOPT PACKING pc=0x00000208aa81344c sp=0x0000007f96cfd830
Event: 23.387 Thread 0x0000020898560fe0 DEOPT UNPACKING pc=0x00000208aa2546a2 sp=0x0000007f96cfd7e0 mode 2
Event: 23.388 Thread 0x0000020898560fe0 Uncommon trap: trap_request=0xffffff45 fr.pc=0x00000208aa8cdea0 relative=0x0000000000000a80
Event: 23.388 Thread 0x0000020898560fe0 Uncommon trap: reason=unstable_if action=reinterpret pc=0x00000208aa8cdea0 method=java.lang.StringUTF16.compress([CII)[B @ 13 c2
Event: 23.388 Thread 0x0000020898560fe0 DEOPT PACKING pc=0x00000208aa8cdea0 sp=0x0000007f96cfdde0
Event: 23.388 Thread 0x0000020898560fe0 DEOPT UNPACKING pc=0x00000208aa2546a2 sp=0x0000007f96cfdc48 mode 2
Event: 23.391 Thread 0x0000020898560fe0 Uncommon trap: trap_request=0xffffff45 fr.pc=0x00000208aa8cc480 relative=0x00000000000005c0
Event: 23.391 Thread 0x0000020898560fe0 Uncommon trap: reason=unstable_if action=reinterpret pc=0x00000208aa8cc480 method=java.lang.String.indexOf(Ljava/lang/String;)I @ 10 c2
Event: 23.392 Thread 0x0000020898560fe0 DEOPT PACKING pc=0x00000208aa8cc480 sp=0x0000007f96cfe0c0
Event: 23.392 Thread 0x0000020898560fe0 DEOPT UNPACKING pc=0x00000208aa2546a2 sp=0x0000007f96cfdf28 mode 2

Classes loaded (20 events):
Event: 20.098 Loading class sun/nio/ch/FileLockImpl
Event: 20.099 Loading class sun/nio/ch/FileLockImpl done
Event: 20.099 Loading class sun/nio/ch/FileLockTable
Event: 20.099 Loading class sun/nio/ch/FileLockTable done
Event: 20.099 Loading class sun/nio/ch/FileKey
Event: 20.099 Loading class sun/nio/ch/FileKey done
Event: 20.100 Loading class sun/nio/ch/FileLockTable$FileLockReference
Event: 20.100 Loading class sun/nio/ch/FileLockTable$FileLockReference done
Event: 20.100 Loading class java/nio/channels/spi/AbstractInterruptibleChannel$1
Event: 20.101 Loading class sun/nio/ch/Interruptible
Event: 20.101 Loading class sun/nio/ch/Interruptible done
Event: 20.101 Loading class java/nio/channels/spi/AbstractInterruptibleChannel$1 done
Event: 20.102 Loading class java/util/AbstractMap$2
Event: 20.103 Loading class java/util/AbstractMap$2 done
Event: 20.103 Loading class java/util/AbstractMap$2$1
Event: 20.103 Loading class java/util/AbstractMap$2$1 done
Event: 20.886 Loading class java/util/StringTokenizer
Event: 20.905 Loading class java/util/StringTokenizer done
Event: 22.481 Loading class java/util/stream/Streams$RangeIntSpliterator
Event: 22.494 Loading class java/util/stream/Streams$RangeIntSpliterator done

Classes unloaded (0 events):
No events

Classes redefined (0 events):
No events

Internal exceptions (20 events):
Event: 8.997 Thread 0x0000020898560fe0 Exception <a 'java/lang/ExceptionInInitializerError'{0x00000000c3c6a808}> (0x00000000c3c6a808) 
thrown [s\open\src\hotspot\share\oops\instanceKlass.cpp, line 1192]
Event: 9.103 Thread 0x0000020898560fe0 Exception <a 'java/lang/NoSuchMethodError'{0x00000000c3b77ae0}: 'long java.lang.invoke.DirectMethodHandle$Holder.invokeStatic(java.lang.Object, java.lang.Object, int)'> (0x00000000c3b77ae0) 
thrown [s\open\src\hotspot\share\interpreter\linkResolver.cpp, line 773]
Event: 9.123 Thread 0x0000020898560fe0 Exception <a 'java/lang/NoSuchMethodError'{0x00000000c3b8abb8}: 'java.lang.Object java.lang.invoke.DirectMethodHandle$Holder.invokeStatic(java.lang.Object, java.lang.Object, java.lang.Object, java.lang.Object, int)'> (0x00000000c3b8abb8) 
thrown [s\open\src\hotspot\share\interpreter\linkResolver.cpp, line 773]
Event: 9.132 Thread 0x0000020898560fe0 Exception <a 'java/lang/NoSuchMethodError'{0x00000000c3b92af0}: 'java.lang.Object java.lang.invoke.DirectMethodHandle$Holder.invokeSpecial(java.lang.Object, java.lang.Object, java.lang.Object, java.lang.Object, long)'> (0x00000000c3b92af0) 
thrown [s\open\src\hotspot\share\interpreter\linkResolver.cpp, line 773]
Event: 9.181 Thread 0x0000020898560fe0 Exception <a 'java/lang/NoSuchMethodError'{0x00000000c3b9e610}: 'java.lang.Object java.lang.invoke.DirectMethodHandle$Holder.invokeSpecial(java.lang.Object, java.lang.Object, java.lang.Object, int, java.lang.Object)'> (0x00000000c3b9e610) 
thrown [s\open\src\hotspot\share\interpreter\linkResolver.cpp, line 773]
Event: 9.182 Thread 0x0000020898560fe0 Exception <a 'java/lang/NoSuchMethodError'{0x00000000c3ba6750}: 'int java.lang.invoke.DirectMethodHandle$Holder.invokeSpecial(java.lang.Object, java.lang.Object, java.lang.Object, int)'> (0x00000000c3ba6750) 
thrown [s\open\src\hotspot\share\interpreter\linkResolver.cpp, line 773]
Event: 9.193 Thread 0x0000020898560fe0 Implicit null exception at 0x00000208aa82e140 to 0x00000208aa82e344
Event: 9.200 Thread 0x0000020898560fe0 Exception <a 'java/lang/NoSuchMethodError'{0x00000000c3bcb028}: 'java.lang.Object java.lang.invoke.Invokers$Holder.invokeExact_MT(java.lang.Object, int, java.lang.Object)'> (0x00000000c3bcb028) 
thrown [s\open\src\hotspot\share\interpreter\linkResolver.cpp, line 773]
Event: 13.519 Thread 0x0000020898560fe0 Exception <a 'java/lang/NoSuchMethodError'{0x00000000c58ae7b8}: 'void java.lang.invoke.Invokers$Holder.invokeExact_MT(java.lang.Object, java.lang.Object, java.lang.Object, java.lang.Object)'> (0x00000000c58ae7b8) 
thrown [s\open\src\hotspot\share\interpreter\linkResolver.cpp, line 773]
Event: 14.072 Thread 0x0000020898560fe0 Exception <a 'java/lang/NoClassDefFoundError'{0x00000000c5740448}: com/google/inject/servlet/ServletModuleTargetVisitor> (0x00000000c5740448) 
thrown [s\open\src\hotspot\share\classfile\systemDictionary.cpp, line 301]
Event: 15.945 Thread 0x0000020898560fe0 Exception <a 'java/lang/NoSuchMethodError'{0x00000000c56f9fe0}: 'void java.lang.invoke.DirectMethodHandle$Holder.invokeVirtual(java.lang.Object, java.lang.Object)'> (0x00000000c56f9fe0) 
thrown [s\open\src\hotspot\share\interpreter\linkResolver.cpp, line 773]
Event: 17.007 Thread 0x0000020898560fe0 Exception <a 'java/lang/NoSuchMethodError'{0x00000000c5579890}: 'java.lang.Object java.lang.invoke.DirectMethodHandle$Holder.invokeStaticInit(java.lang.Object, int, int, int, int)'> (0x00000000c5579890) 
thrown [s\open\src\hotspot\share\interpreter\linkResolver.cpp, line 773]
Event: 19.513 Thread 0x0000020898560fe0 Implicit null exception at 0x00000208aa7d0e24 to 0x00000208aa7d14bc
Event: 19.513 Thread 0x0000020898560fe0 Implicit null exception at 0x00000208aa7d1b20 to 0x00000208aa7d21bc
Event: 20.366 Thread 0x0000020898560fe0 Exception <a 'java/lang/NoSuchMethodError'{0x00000000c50aada0}: 'void java.lang.invoke.DirectMethodHandle$Holder.invokeSpecial(java.lang.Object, java.lang.Object, java.lang.Object, java.lang.Object, java.lang.Object)'> (0x00000000c50aada0) 
thrown [s\open\src\hotspot\share\interpreter\linkResolver.cpp, line 773]
Event: 20.520 Thread 0x0000020898560fe0 Exception <a 'java/lang/NoSuchMethodError'{0x00000000c50c0cf0}: 'void java.lang.invoke.DirectMethodHandle$Holder.invokeSpecial(java.lang.Object, java.lang.Object, java.lang.Object, java.lang.Object, java.lang.Object, java.lang.Object)'> (0x00000000c50c0cf0) 
thrown [s\open\src\hotspot\share\interpreter\linkResolver.cpp, line 773]
Event: 20.715 Thread 0x0000020898560fe0 Exception <a 'java/lang/NoSuchMethodError'{0x00000000c4fbb6c0}: 'java.lang.Object java.lang.invoke.DirectMethodHandle$Holder.invokeVirtual(java.lang.Object, java.lang.Object, java.lang.Object)'> (0x00000000c4fbb6c0) 
thrown [s\open\src\hotspot\share\interpreter\linkResolver.cpp, line 773]
Event: 20.920 Thread 0x0000020898560fe0 Exception <a 'java/lang/NoSuchMethodError'{0x00000000c4d22080}: 'void java.lang.invoke.DirectMethodHandle$Holder.invokeVirtual(java.lang.Object, java.lang.Object, int)'> (0x00000000c4d22080) 
thrown [s\open\src\hotspot\share\interpreter\linkResolver.cpp, line 773]
Event: 20.920 Thread 0x0000020898560fe0 Exception <a 'java/lang/NoSuchMethodError'{0x00000000c4d25e30}: 'void java.lang.invoke.DirectMethodHandle$Holder.invokeSpecial(java.lang.Object, java.lang.Object, java.lang.Object, int)'> (0x00000000c4d25e30) 
thrown [s\open\src\hotspot\share\interpreter\linkResolver.cpp, line 773]
Event: 20.921 Thread 0x0000020898560fe0 Exception <a 'java/lang/NoSuchMethodError'{0x00000000c4d29500}: 'void java.lang.invoke.DelegatingMethodHandle$Holder.reinvoke_L(java.lang.Object, java.lang.Object, int)'> (0x00000000c4d29500) 
thrown [s\open\src\hotspot\share\interpreter\linkResolver.cpp, line 773]

ZGC Phase Switch (0 events):
No events

VM Operations (20 events):
Event: 16.286 Executing VM operation: HandshakeAllThreads (Deoptimize)
Event: 16.286 Executing VM operation: HandshakeAllThreads (Deoptimize) done
Event: 17.217 Executing VM operation: HandshakeAllThreads (Deoptimize)
Event: 17.217 Executing VM operation: HandshakeAllThreads (Deoptimize) done
Event: 17.217 Executing VM operation: Cleanup
Event: 17.217 Executing VM operation: Cleanup done
Event: 17.811 Executing VM operation: HandshakeAllThreads (Deoptimize)
Event: 17.811 Executing VM operation: HandshakeAllThreads (Deoptimize) done
Event: 18.809 Executing VM operation: Cleanup
Event: 18.840 Executing VM operation: Cleanup done
Event: 19.007 Executing VM operation: HandshakeAllThreads (Deoptimize)
Event: 19.007 Executing VM operation: HandshakeAllThreads (Deoptimize) done
Event: 19.014 Executing VM operation: HandshakeAllThreads (Deoptimize)
Event: 19.015 Executing VM operation: HandshakeAllThreads (Deoptimize) done
Event: 20.025 Executing VM operation: Cleanup
Event: 20.050 Executing VM operation: Cleanup done
Event: 22.061 Executing VM operation: Cleanup
Event: 22.061 Executing VM operation: Cleanup done
Event: 23.069 Executing VM operation: Cleanup
Event: 23.070 Executing VM operation: Cleanup done

Events (13 events):
Event: 0.086 Thread 0x0000020898560fe0 Thread added: 0x0000020898560fe0
Event: 0.121 Thread 0x00000208b54cb4a0 Thread added: 0x00000208b54cb4a0
Event: 0.121 Thread 0x00000208b54cc560 Thread added: 0x00000208b54cc560
Event: 0.121 Thread 0x00000208b54d00d0 Thread added: 0x00000208b54d00d0
Event: 0.121 Thread 0x00000208b54d0b20 Thread added: 0x00000208b54d0b20
Event: 0.121 Thread 0x00000208b54d1570 Thread added: 0x00000208b54d1570
Event: 0.121 Thread 0x00000208b54d2fd0 Thread added: 0x00000208b54d2fd0
Event: 0.121 Thread 0x00000208b54d3d50 Thread added: 0x00000208b54d3d50
Event: 0.127 Thread 0x00000208b553a130 Thread added: 0x00000208b553a130
Event: 0.462 Thread 0x00000208b573f960 Thread added: 0x00000208b573f960
Event: 0.505 Thread 0x00000208b57461a0 Thread added: 0x00000208b57461a0
Event: 1.855 Thread 0x00000208b5a52930 Thread added: 0x00000208b5a52930
Event: 18.157 Thread 0x00000208b54fa770 Thread added: 0x00000208b54fa770


Dynamic libraries:
0x00007ff647ab0000 - 0x00007ff647ac0000 	C:\Program Files\Java\jdk-21\bin\java.exe
0x00007ffca7c70000 - 0x00007ffca7e87000 	C:\Windows\SYSTEM32\ntdll.dll
0x00007ffca63d0000 - 0x00007ffca6494000 	C:\Windows\System32\KERNEL32.DLL
0x00007ffca4f80000 - 0x00007ffca5337000 	C:\Windows\System32\KERNELBASE.dll
0x00007ffca57e0000 - 0x00007ffca58f1000 	C:\Windows\System32\ucrtbase.dll
0x00007ffc6b550000 - 0x00007ffc6b569000 	C:\Program Files\Java\jdk-21\bin\jli.dll
0x00007ffca5f80000 - 0x00007ffca6032000 	C:\Windows\System32\ADVAPI32.dll
0x00007ffca5c00000 - 0x00007ffca5ca7000 	C:\Windows\System32\msvcrt.dll
0x00007ffca6f30000 - 0x00007ffca6fd8000 	C:\Windows\System32\sechost.dll
0x00007ffca57b0000 - 0x00007ffca57d8000 	C:\Windows\System32\bcrypt.dll
0x00007ffca60d0000 - 0x00007ffca61e4000 	C:\Windows\System32\RPCRT4.dll
0x00007ffc678b0000 - 0x00007ffc678cb000 	C:\Program Files\Java\jdk-21\bin\VCRUNTIME140.dll
0x00007ffca5d70000 - 0x00007ffca5f1f000 	C:\Windows\System32\USER32.dll
0x00007ffca5970000 - 0x00007ffca5996000 	C:\Windows\System32\win32u.dll
0x00007ffca79b0000 - 0x00007ffca79d9000 	C:\Windows\System32\GDI32.dll
0x00007ffca5340000 - 0x00007ffca5458000 	C:\Windows\System32\gdi32full.dll
0x00007ffca5710000 - 0x00007ffca57aa000 	C:\Windows\System32\msvcp_win.dll
0x00007ffc8f380000 - 0x00007ffc8f613000 	C:\Windows\WinSxS\amd64_microsoft.windows.common-controls_6595b64144ccf1df_6.0.22621.3672_none_2713b9d173822955\COMCTL32.dll
0x00007ffc91850000 - 0x00007ffc9185a000 	C:\Windows\SYSTEM32\VERSION.dll
0x00007ffca6840000 - 0x00007ffca6871000 	C:\Windows\System32\IMM32.DLL
0x00007ffc85380000 - 0x00007ffc8538c000 	C:\Program Files\Java\jdk-21\bin\vcruntime140_1.dll
0x00007ffc29220000 - 0x00007ffc292ae000 	C:\Program Files\Java\jdk-21\bin\msvcp140.dll
0x00007ffc15490000 - 0x00007ffc161a8000 	C:\Program Files\Java\jdk-21\bin\server\jvm.dll
0x00007ffca6a30000 - 0x00007ffca6aa1000 	C:\Windows\System32\WS2_32.dll
0x00007ffca4e50000 - 0x00007ffca4e9d000 	C:\Windows\SYSTEM32\POWRPROF.dll
0x00007ffc9ee80000 - 0x00007ffc9eeb4000 	C:\Windows\SYSTEM32\WINMM.dll
0x00007ffca4c80000 - 0x00007ffca4c93000 	C:\Windows\SYSTEM32\UMPDC.dll
0x00007ffca3fd0000 - 0x00007ffca3fe8000 	C:\Windows\SYSTEM32\kernel.appcore.dll
0x00007ffc84850000 - 0x00007ffc8485a000 	C:\Program Files\Java\jdk-21\bin\jimage.dll
0x00007ffc9b430000 - 0x00007ffc9b662000 	C:\Windows\SYSTEM32\DBGHELP.DLL
0x00007ffca64a0000 - 0x00007ffca682e000 	C:\Windows\System32\combase.dll
0x00007ffca7a50000 - 0x00007ffca7b27000 	C:\Windows\System32\OLEAUT32.dll
0x00007ffc7e110000 - 0x00007ffc7e142000 	C:\Windows\SYSTEM32\dbgcore.DLL
0x00007ffca55d0000 - 0x00007ffca564b000 	C:\Windows\System32\bcryptPrimitives.dll
0x00007ffc5f6f0000 - 0x00007ffc5f70f000 	C:\Program Files\Java\jdk-21\bin\java.dll
0x00007ffca70e0000 - 0x00007ffca7949000 	C:\Windows\System32\SHELL32.dll
0x00007ffca2ee0000 - 0x00007ffca37df000 	C:\Windows\SYSTEM32\windows.storage.dll
0x00007ffca2da0000 - 0x00007ffca2edf000 	C:\Windows\SYSTEM32\wintypes.dll
0x00007ffca59a0000 - 0x00007ffca5a99000 	C:\Windows\System32\SHCORE.dll
0x00007ffca7950000 - 0x00007ffca79ae000 	C:\Windows\System32\shlwapi.dll
0x00007ffca4eb0000 - 0x00007ffca4ed7000 	C:\Windows\SYSTEM32\profapi.dll
0x00007ffc28420000 - 0x00007ffc284f7000 	C:\Program Files\Java\jdk-21\bin\jsvml.dll
0x00007ffc83940000 - 0x00007ffc83950000 	C:\Program Files\Java\jdk-21\bin\net.dll
0x00007ffc9dd90000 - 0x00007ffc9dec6000 	C:\Windows\SYSTEM32\WINHTTP.dll
0x00007ffca4440000 - 0x00007ffca44a9000 	C:\Windows\system32\mswsock.dll
0x00007ffc5aba0000 - 0x00007ffc5abb6000 	C:\Program Files\Java\jdk-21\bin\nio.dll
0x00007ffc43e40000 - 0x00007ffc43e58000 	C:\Program Files\Java\jdk-21\bin\zip.dll
0x00007ffc43e10000 - 0x00007ffc43e34000 	C:\Program Files\Apache\Maven\apache-maven-3.9.9\lib\jansi-native\Windows\x86_64\jansi.dll
0x00007ffc7e570000 - 0x00007ffc7e580000 	C:\Program Files\Java\jdk-21\bin\verify.dll

dbghelp: loaded successfully - version: 4.0.5 - missing functions: none
symbol engine: initialized successfully - sym options: 0x614 - pdb path: .;C:\Program Files\Java\jdk-21\bin;C:\Windows\SYSTEM32;C:\Windows\WinSxS\amd64_microsoft.windows.common-controls_6595b64144ccf1df_6.0.22621.3672_none_2713b9d173822955;C:\Program Files\Java\jdk-21\bin\server;C:\Program Files\Apache\Maven\apache-maven-3.9.9\lib\jansi-native\Windows\x86_64

VM Arguments:
jvm_args: -Dclassworlds.conf=C:\Program Files\Apache\Maven\apache-maven-3.9.9\bin\m2.conf -Dmaven.home=C:\Program Files\Apache\Maven\apache-maven-3.9.9 -Dlibrary.jansi.path=C:\Program Files\Apache\Maven\apache-maven-3.9.9\lib\jansi-native -Dmaven.multiModuleProjectDirectory=C:\Users\Administrator\Desktop\saidika backend\saidika_backend 
java_command: org.codehaus.plexus.classworlds.launcher.Launcher clean package
java_class_path (initial): C:\Program Files\Apache\Maven\apache-maven-3.9.9\boot\plexus-classworlds-2.8.0.jar
Launcher Type: SUN_STANDARD

[Global flags]
     intx CICompilerCount                          = 3                                         {product} {ergonomic}
     uint ConcGCThreads                            = 1                                         {product} {ergonomic}
     uint G1ConcRefinementThreads                  = 4                                         {product} {ergonomic}
   size_t G1HeapRegionSize                         = 1048576                                   {product} {ergonomic}
    uintx GCDrainStackTargetSize                   = 64                                        {product} {ergonomic}
   size_t InitialHeapSize                          = 67108864                                  {product} {ergonomic}
   size_t MarkStackSize                            = 4194304                                   {product} {ergonomic}
   size_t MaxHeapSize                              = 1046478848                                {product} {ergonomic}
   size_t MaxNewSize                               = 627048448                                 {product} {ergonomic}
   size_t MinHeapDeltaBytes                        = 1048576                                   {product} {ergonomic}
   size_t MinHeapSize                              = 8388608                                   {product} {ergonomic}
    uintx NonNMethodCodeHeapSize                   = 5832780                                {pd product} {ergonomic}
    uintx NonProfiledCodeHeapSize                  = 122912730                              {pd product} {ergonomic}
    uintx ProfiledCodeHeapSize                     = 122912730                              {pd product} {ergonomic}
    uintx ReservedCodeCacheSize                    = 251658240                              {pd product} {ergonomic}
     bool SegmentedCodeCache                       = true                                      {product} {ergonomic}
   size_t SoftMaxHeapSize                          = 1046478848                             {manageable} {ergonomic}
     bool UseCompressedOops                        = true                           {product lp64_product} {ergonomic}
     bool UseG1GC                                  = true                                      {product} {ergonomic}
     bool UseLargePagesIndividualAllocation        = false                                  {pd product} {ergonomic}

Logging:
Log output configuration:
 #0: stdout all=warning uptime,level,tags foldmultilines=false
 #1: stderr all=off uptime,level,tags foldmultilines=false

Environment Variables:
JAVA_HOME=C:\Program Files\Java\jdk-21\
PATH=C:\Program Files\Java\jdk-21\bin;C:\Windows\system32;C:\Windows;C:\Windows\System32\Wbem;C:\Windows\System32\WindowsPowerShell\v1.0\;C:\Windows\System32\OpenSSH\;C:\Program Files\Docker\Docker\resources\bin;C:\Program Files\Git\cmd;C:\Program Files\nodejs\;C:\Program Files\Apache\Maven\apache-maven-3.9.9\bin;C:\Users\Administrator\AppData\Local\Programs\Python\Python313\Scripts\;C:\Users\Administrator\AppData\Local\Programs\Python\Python313\;C:\Users\Administrator\AppData\Local\Microsoft\WindowsApps;C:\src\flutter-latest\flutter\bin;C:\Users\Administrator\AppData\Local\Programs\Microsoft VS Code\bin;C:\Users\Administrator\AppData\Local\GitHubDesktop\bin;C:\Users\Administrator\AppData\Roaming\npm;C:\Users\Administrator\AppData\Local\JetBrains\Toolbox\scripts;C:\Program Files\Java\jdk-21\bin;C:\Program Files\Tesseract-OCR;C:\Users\Administrator\AppData\Local\Pub\Cache\bin;
USERNAME=Administrator
OS=Windows_NT
PROCESSOR_IDENTIFIER=Intel64 Family 6 Model 78 Stepping 3, GenuineIntel
TMP=C:\Users\ADMINI~1\AppData\Local\Temp
TEMP=C:\Users\ADMINI~1\AppData\Local\Temp




Periodic native trim disabled

---------------  S Y S T E M  ---------------

OS:
 Windows 11 , 64 bit Build 22621 (10.0.22621.3958)
OS uptime: 0 days 2:21 hours
Hyper-V role detected

CPU: total 4 (initial active 4) (2 cores per cpu, 2 threads per core) family 6 model 78 stepping 3 microcode 0xd6, cx8, cmov, fxsr, ht, mmx, 3dnowpref, sse, sse2, sse3, ssse3, sse4.1, sse4.2, popcnt, lzcnt, tsc, tscinvbit, avx, avx2, aes, erms, clmul, bmi1, bmi2, rtm, adx, fma, vzeroupper, clflush, clflushopt, hv, rdtscp, f16c
Processor Information for all 4 processors :
  Max Mhz: 2496, Current Mhz: 2396, Mhz Limit: 2396

Memory: 4k page, system-wide physical 3986M (386M free)
TotalPageFile size 16274M (AvailPageFile size 5M)
current process WorkingSet (physical memory assigned to process): 115M, peak: 119M
current process commit charge ("private bytes"): 167M, peak: 171M

vm_info: Java HotSpot(TM) 64-Bit Server VM (21.0.5+9-LTS-239) for windows-amd64 JRE (21.0.5+9-LTS-239), built on 2024-09-30T05:17:38Z by "mach5one" with MS VC++ 17.6 (VS2022)

END.
