#
# There is insufficient memory for the Java Runtime Environment to continue.
# Native memory allocation (malloc) failed to allocate 6844656 bytes for Chunk::new
# Possible reasons:
#   The system is out of physical RAM or swap space
#   The process is running with CompressedOops enabled, and the Java Heap may be blocking the growth of the native heap
# Possible solutions:
#   Reduce memory load on the system
#   Increase physical memory or swap space
#   Check if swap backing store is full
#   Decrease Java heap size (-Xmx/-Xms)
#   Decrease number of Java threads
#   Decrease Java thread stack sizes (-Xss)
#   Set larger code cache with -XX:ReservedCodeCacheSize=
#   JVM is running with Unscaled Compressed Oops mode in which the Java heap is
#     placed in the first 4GB address space. The Java Heap base address is the
#     maximum limit for the native heap growth. Please use -XX:HeapBaseMinAddress
#     to set the Java Heap base and to place the Java Heap above 4GB virtual address.
# This output file may be truncated or incomplete.
#
#  Out of Memory Error (arena.cpp:168), pid=12492, tid=14868
#
# JRE version: Java(TM) SE Runtime Environment (21.0.5+9) (build 21.0.5+9-LTS-239)
# Java VM: Java HotSpot(TM) 64-Bit Server VM (21.0.5+9-LTS-239, mixed mode, sharing, tiered, compressed oops, compressed class ptrs, g1 gc, windows-amd64)
# No core dump will be written. Minidumps are not enabled by default on client versions of Windows
#

---------------  S U M M A R Y ------------

Command Line: -Dclassworlds.conf=C:\Program Files\Apache\Maven\apache-maven-3.9.9\bin\m2.conf -Dmaven.home=C:\Program Files\Apache\Maven\apache-maven-3.9.9 -Dlibrary.jansi.path=C:\Program Files\Apache\Maven\apache-maven-3.9.9\lib\jansi-native -Dmaven.multiModuleProjectDirectory=C:\Users\Administrator\Desktop\saidika backend\saidika_backend org.codehaus.plexus.classworlds.launcher.Launcher clean package

Host: Intel(R) Core(TM) i5-6300U CPU @ 2.40GHz, 4 cores, 3G,  Windows 11 , 64 bit Build 22621 (10.0.22621.3958)
Time: Mon Feb 10 10:43:37 2025 E. Africa Standard Time elapsed time: 21.047180 seconds (0d 0h 0m 21s)

---------------  T H R E A D  ---------------

Current thread (0x000001e0e6b0b1b0):  JavaThread "C2 CompilerThread0" daemon [_thread_in_native, id=14868, stack(0x0000009ba8700000,0x0000009ba8800000) (1024K)]


Current CompileTask:
C2:  21047 10450   !   4       java.lang.ClassLoader::loadClass (121 bytes)

Stack: [0x0000009ba8700000,0x0000009ba8800000]
Native frames: (J=compiled Java code, j=interpreted, Vv=VM code, C=native code)
V  [jvm.dll+0x6ca289]
V  [jvm.dll+0x854a51]
V  [jvm.dll+0x856f7e]
V  [jvm.dll+0x857653]
V  [jvm.dll+0x27dd26]
V  [jvm.dll+0xc4c2d]
V  [jvm.dll+0xc5163]
V  [jvm.dll+0x3b4d3c]
V  [jvm.dll+0x1df809]
V  [jvm.dll+0x246a62]
V  [jvm.dll+0x245eef]
V  [jvm.dll+0x1c6d0e]
V  [jvm.dll+0x2554d9]
V  [jvm.dll+0x253a6a]
V  [jvm.dll+0x3ee136]
V  [jvm.dll+0x7fee9b]
V  [jvm.dll+0x6c896d]
C  [ucrtbase.dll+0x29333]
C  [KERNEL32.DLL+0x1257d]
C  [ntdll.dll+0x5af08]


---------------  P R O C E S S  ---------------

Threads class SMR info:
_java_thread_list=0x000001e0eb46db10, length=18, elements={
0x000001e0cbe7f940, 0x000001e0e6affbd0, 0x000001e0e6b00ae0, 0x000001e0e6b04ff0,
0x000001e0e6b05a40, 0x000001e0e6b06490, 0x000001e0e6b0a430, 0x000001e0e6b0b1b0,
0x000001e0e6b17c70, 0x000001e0eb0ab000, 0x000001e0eb0af840, 0x000001e0ebd23130,
0x000001e0ec04c7c0, 0x000001e0ec4bae10, 0x000001e0ec17c2c0, 0x000001e0ebdb4690,
0x000001e0ed672860, 0x000001e0ee1297e0
}

Java Threads: ( => current thread )
  0x000001e0cbe7f940 JavaThread "main"                              [_thread_in_native, id=1608, stack(0x0000009ba7900000,0x0000009ba7a00000) (1024K)]
  0x000001e0e6affbd0 JavaThread "Reference Handler"          daemon [_thread_blocked, id=3352, stack(0x0000009ba8100000,0x0000009ba8200000) (1024K)]
  0x000001e0e6b00ae0 JavaThread "Finalizer"                  daemon [_thread_blocked, id=12148, stack(0x0000009ba8200000,0x0000009ba8300000) (1024K)]
  0x000001e0e6b04ff0 JavaThread "Signal Dispatcher"          daemon [_thread_blocked, id=13608, stack(0x0000009ba8300000,0x0000009ba8400000) (1024K)]
  0x000001e0e6b05a40 JavaThread "Attach Listener"            daemon [_thread_blocked, id=15300, stack(0x0000009ba8400000,0x0000009ba8500000) (1024K)]
  0x000001e0e6b06490 JavaThread "Service Thread"             daemon [_thread_blocked, id=10076, stack(0x0000009ba8500000,0x0000009ba8600000) (1024K)]
  0x000001e0e6b0a430 JavaThread "Monitor Deflation Thread"   daemon [_thread_blocked, id=13752, stack(0x0000009ba8600000,0x0000009ba8700000) (1024K)]
=>0x000001e0e6b0b1b0 JavaThread "C2 CompilerThread0"         daemon [_thread_in_native, id=14868, stack(0x0000009ba8700000,0x0000009ba8800000) (1024K)]
  0x000001e0e6b17c70 JavaThread "C1 CompilerThread0"         daemon [_thread_blocked, id=13532, stack(0x0000009ba8800000,0x0000009ba8900000) (1024K)]
  0x000001e0eb0ab000 JavaThread "Notification Thread"        daemon [_thread_blocked, id=4652, stack(0x0000009ba8900000,0x0000009ba8a00000) (1024K)]
  0x000001e0eb0af840 JavaThread "Common-Cleaner"             daemon [_thread_blocked, id=2868, stack(0x0000009ba8a00000,0x0000009ba8b00000) (1024K)]
  0x000001e0ebd23130 JavaThread "Thread-1"                   daemon [_thread_blocked, id=14020, stack(0x0000009ba8b00000,0x0000009ba8c00000) (1024K)]
  0x000001e0ec04c7c0 JavaThread "timeout-check-timer"        daemon [_thread_blocked, id=11444, stack(0x0000009ba9000000,0x0000009ba9100000) (1024K)]
  0x000001e0ec4bae10 JavaThread "ping-timer-10s"             daemon [_thread_blocked, id=12708, stack(0x0000009ba9100000,0x0000009ba9200000) (1024K)]
  0x000001e0ec17c2c0 JavaThread "ThreadedStreamConsumer"     daemon [_thread_blocked, id=13232, stack(0x0000009ba9200000,0x0000009ba9300000) (1024K)]
  0x000001e0ebdb4690 JavaThread "fork-1-err-thread"          daemon [_thread_in_native, id=424, stack(0x0000009ba9300000,0x0000009ba9400000) (1024K)]
  0x000001e0ed672860 JavaThread "commands-fork-1"            daemon [_thread_blocked, id=3824, stack(0x0000009ba9400000,0x0000009ba9500000) (1024K)]
  0x000001e0ee1297e0 JavaThread "fork-1-event-thread"        daemon [_thread_in_native, id=2464, stack(0x0000009ba9500000,0x0000009ba9600000) (1024K)]
Total: 18

Other Threads:
  0x000001e0cbf3c230 VMThread "VM Thread"                           [id=7504, stack(0x0000009ba8000000,0x0000009ba8100000) (1024K)]
  0x000001e0cbf2b9c0 WatcherThread "VM Periodic Task Thread"        [id=7332, stack(0x0000009ba7f00000,0x0000009ba8000000) (1024K)]
  0x000001e0cbeaeb30 WorkerThread "GC Thread#0"                     [id=10652, stack(0x0000009ba7a00000,0x0000009ba7b00000) (1024K)]
  0x000001e0eb7bfee0 WorkerThread "GC Thread#1"                     [id=14048, stack(0x0000009ba8c00000,0x0000009ba8d00000) (1024K)]
  0x000001e0eba1cea0 WorkerThread "GC Thread#2"                     [id=2504, stack(0x0000009ba8d00000,0x0000009ba8e00000) (1024K)]
  0x000001e0eba1d240 WorkerThread "GC Thread#3"                     [id=9116, stack(0x0000009ba8e00000,0x0000009ba8f00000) (1024K)]
  0x000001e0cbeba410 ConcurrentGCThread "G1 Main Marker"            [id=3772, stack(0x0000009ba7b00000,0x0000009ba7c00000) (1024K)]
  0x000001e0cbebb0c0 WorkerThread "G1 Conc#0"                       [id=12296, stack(0x0000009ba7c00000,0x0000009ba7d00000) (1024K)]
  0x000001e0cbf1a620 ConcurrentGCThread "G1 Refine#0"               [id=11972, stack(0x0000009ba7d00000,0x0000009ba7e00000) (1024K)]
  0x000001e0cbf1b190 ConcurrentGCThread "G1 Service"                [id=13636, stack(0x0000009ba7e00000,0x0000009ba7f00000) (1024K)]
Total: 10

Threads with active compile tasks:
C2 CompilerThread0    21098 10450   !   4       java.lang.ClassLoader::loadClass (121 bytes)
Total: 1

VM state: not at safepoint (normal execution)

VM Mutex/Monitor currently owned by a thread: None

Heap address: 0x00000000c1a00000, size: 998 MB, Compressed Oops mode: 32-bit

CDS archive(s) mapped at: [0x000001e080000000-0x000001e080c90000-0x000001e080c90000), size 13172736, SharedBaseAddress: 0x000001e080000000, ArchiveRelocationMode: 1.
Compressed class space mapped at: 0x000001e081000000-0x000001e0c1000000, reserved size: 1073741824
Narrow klass base: 0x000001e080000000, Narrow klass shift: 0, Narrow klass range: 0x100000000

GC Precious Log:
 CardTable entry size: 512
 Card Set container configuration: InlinePtr #cards 5 size 8 Array Of Cards #cards 12 size 40 Howl #buckets 4 coarsen threshold 1843 Howl Bitmap #cards 512 size 80 coarsen threshold 460 Card regions per heap region 1 cards per card region 2048
 CPUs: 4 total, 4 available
 Memory: 3986M
 Large Page Support: Disabled
 NUMA Support: Disabled
 Compressed Oops: Enabled (32-bit)
 Heap Region Size: 1M
 Heap Min Capacity: 8M
 Heap Initial Capacity: 64M
 Heap Max Capacity: 998M
 Pre-touch: Disabled
 Parallel Workers: 4
 Concurrent Workers: 1
 Concurrent Refinement Workers: 4
 Periodic GC: Disabled

Heap:
 garbage-first heap   total 124928K, used 62651K [0x00000000c1a00000, 0x0000000100000000)
  region size 1024K, 10 young (10240K), 4 survivors (4096K)
 Metaspace       used 35790K, committed 36416K, reserved 1114112K
  class space    used 3870K, committed 4160K, reserved 1048576K

Heap Regions: E=young(eden), S=young(survivor), O=old, HS=humongous(starts), HC=humongous(continues), CS=collection set, F=free, TAMS=top-at-mark-start, PB=parsable bottom
|   0|0x00000000c1a00000, 0x00000000c1b00000, 0x00000000c1b00000|100%| O|  |TAMS 0x00000000c1a00000| PB 0x00000000c1a00000| Untracked 
|   1|0x00000000c1b00000, 0x00000000c1c00000, 0x00000000c1c00000|100%| O|  |TAMS 0x00000000c1b00000| PB 0x00000000c1b00000| Untracked 
|   2|0x00000000c1c00000, 0x00000000c1d00000, 0x00000000c1d00000|100%| O|  |TAMS 0x00000000c1c00000| PB 0x00000000c1c00000| Untracked 
|   3|0x00000000c1d00000, 0x00000000c1e00000, 0x00000000c1e00000|100%| O|  |TAMS 0x00000000c1d00000| PB 0x00000000c1d00000| Untracked 
|   4|0x00000000c1e00000, 0x00000000c1f00000, 0x00000000c1f00000|100%| O|  |TAMS 0x00000000c1e00000| PB 0x00000000c1e00000| Untracked 
|   5|0x00000000c1f00000, 0x00000000c2000000, 0x00000000c2000000|100%| O|  |TAMS 0x00000000c1f00000| PB 0x00000000c1f00000| Untracked 
|   6|0x00000000c2000000, 0x00000000c2100000, 0x00000000c2100000|100%| O|  |TAMS 0x00000000c2000000| PB 0x00000000c2000000| Untracked 
|   7|0x00000000c2100000, 0x00000000c2200000, 0x00000000c2200000|100%| O|  |TAMS 0x00000000c2100000| PB 0x00000000c2100000| Untracked 
|   8|0x00000000c2200000, 0x00000000c2300000, 0x00000000c2300000|100%| O|  |TAMS 0x00000000c2200000| PB 0x00000000c2200000| Untracked 
|   9|0x00000000c2300000, 0x00000000c2400000, 0x00000000c2400000|100%| O|  |TAMS 0x00000000c2300000| PB 0x00000000c2300000| Untracked 
|  10|0x00000000c2400000, 0x00000000c2500000, 0x00000000c2500000|100%| O|  |TAMS 0x00000000c2400000| PB 0x00000000c2400000| Untracked 
|  11|0x00000000c2500000, 0x00000000c2600000, 0x00000000c2600000|100%| O|  |TAMS 0x00000000c2500000| PB 0x00000000c2500000| Untracked 
|  12|0x00000000c2600000, 0x00000000c2700000, 0x00000000c2700000|100%| O|  |TAMS 0x00000000c2600000| PB 0x00000000c2600000| Untracked 
|  13|0x00000000c2700000, 0x00000000c2800000, 0x00000000c2800000|100%| O|  |TAMS 0x00000000c2700000| PB 0x00000000c2700000| Untracked 
|  14|0x00000000c2800000, 0x00000000c2900000, 0x00000000c2900000|100%| O|  |TAMS 0x00000000c2800000| PB 0x00000000c2800000| Untracked 
|  15|0x00000000c2900000, 0x00000000c2a00000, 0x00000000c2a00000|100%| O|  |TAMS 0x00000000c2900000| PB 0x00000000c2900000| Untracked 
|  16|0x00000000c2a00000, 0x00000000c2b00000, 0x00000000c2b00000|100%| O|  |TAMS 0x00000000c2a00000| PB 0x00000000c2a00000| Untracked 
|  17|0x00000000c2b00000, 0x00000000c2b00000, 0x00000000c2c00000|  0%| F|  |TAMS 0x00000000c2b00000| PB 0x00000000c2b00000| Untracked 
|  18|0x00000000c2c00000, 0x00000000c2caa3d0, 0x00000000c2d00000| 66%| O|  |TAMS 0x00000000c2c00000| PB 0x00000000c2c00000| Untracked 
|  19|0x00000000c2d00000, 0x00000000c2d00000, 0x00000000c2e00000|  0%| F|  |TAMS 0x00000000c2d00000| PB 0x00000000c2d00000| Untracked 
|  20|0x00000000c2e00000, 0x00000000c2e00000, 0x00000000c2f00000|  0%| F|  |TAMS 0x00000000c2e00000| PB 0x00000000c2e00000| Untracked 
|  21|0x00000000c2f00000, 0x00000000c3000000, 0x00000000c3000000|100%| O|  |TAMS 0x00000000c2f00000| PB 0x00000000c2f00000| Untracked 
|  22|0x00000000c3000000, 0x00000000c3100000, 0x00000000c3100000|100%| O|  |TAMS 0x00000000c3000000| PB 0x00000000c3000000| Untracked 
|  23|0x00000000c3100000, 0x00000000c3200000, 0x00000000c3200000|100%| O|  |TAMS 0x00000000c3100000| PB 0x00000000c3100000| Untracked 
|  24|0x00000000c3200000, 0x00000000c3300000, 0x00000000c3300000|100%| O|  |TAMS 0x00000000c3200000| PB 0x00000000c3200000| Untracked 
|  25|0x00000000c3300000, 0x00000000c3400000, 0x00000000c3400000|100%| O|  |TAMS 0x00000000c3300000| PB 0x00000000c3300000| Untracked 
|  26|0x00000000c3400000, 0x00000000c3500000, 0x00000000c3500000|100%|HS|  |TAMS 0x00000000c3400000| PB 0x00000000c3400000| Complete 
|  27|0x00000000c3500000, 0x00000000c3600000, 0x00000000c3600000|100%| O|  |TAMS 0x00000000c3500000| PB 0x00000000c3500000| Untracked 
|  28|0x00000000c3600000, 0x00000000c3700000, 0x00000000c3700000|100%| O|  |TAMS 0x00000000c3600000| PB 0x00000000c3600000| Untracked 
|  29|0x00000000c3700000, 0x00000000c3800000, 0x00000000c3800000|100%| O|  |TAMS 0x00000000c3700000| PB 0x00000000c3700000| Untracked 
|  30|0x00000000c3800000, 0x00000000c3900000, 0x00000000c3900000|100%| O|  |TAMS 0x00000000c3800000| PB 0x00000000c3800000| Untracked 
|  31|0x00000000c3900000, 0x00000000c3900000, 0x00000000c3a00000|  0%| F|  |TAMS 0x00000000c3900000| PB 0x00000000c3900000| Untracked 
|  32|0x00000000c3a00000, 0x00000000c3a00000, 0x00000000c3b00000|  0%| F|  |TAMS 0x00000000c3a00000| PB 0x00000000c3a00000| Untracked 
|  33|0x00000000c3b00000, 0x00000000c3c00000, 0x00000000c3c00000|100%| O|  |TAMS 0x00000000c3b00000| PB 0x00000000c3b00000| Untracked 
|  34|0x00000000c3c00000, 0x00000000c3c00000, 0x00000000c3d00000|  0%| F|  |TAMS 0x00000000c3c00000| PB 0x00000000c3c00000| Untracked 
|  35|0x00000000c3d00000, 0x00000000c3e00000, 0x00000000c3e00000|100%| O|  |TAMS 0x00000000c3d00000| PB 0x00000000c3d00000| Untracked 
|  36|0x00000000c3e00000, 0x00000000c3e00000, 0x00000000c3f00000|  0%| F|  |TAMS 0x00000000c3e00000| PB 0x00000000c3e00000| Untracked 
|  37|0x00000000c3f00000, 0x00000000c3f00000, 0x00000000c4000000|  0%| F|  |TAMS 0x00000000c3f00000| PB 0x00000000c3f00000| Untracked 
|  38|0x00000000c4000000, 0x00000000c4000000, 0x00000000c4100000|  0%| F|  |TAMS 0x00000000c4000000| PB 0x00000000c4000000| Untracked 
|  39|0x00000000c4100000, 0x00000000c4100000, 0x00000000c4200000|  0%| F|  |TAMS 0x00000000c4100000| PB 0x00000000c4100000| Untracked 
|  40|0x00000000c4200000, 0x00000000c4200000, 0x00000000c4300000|  0%| F|  |TAMS 0x00000000c4200000| PB 0x00000000c4200000| Untracked 
|  41|0x00000000c4300000, 0x00000000c4300000, 0x00000000c4400000|  0%| F|  |TAMS 0x00000000c4300000| PB 0x00000000c4300000| Untracked 
|  42|0x00000000c4400000, 0x00000000c4500000, 0x00000000c4500000|100%| O|  |TAMS 0x00000000c4400000| PB 0x00000000c4400000| Untracked 
|  43|0x00000000c4500000, 0x00000000c4500000, 0x00000000c4600000|  0%| F|  |TAMS 0x00000000c4500000| PB 0x00000000c4500000| Untracked 
|  44|0x00000000c4600000, 0x00000000c4600000, 0x00000000c4700000|  0%| F|  |TAMS 0x00000000c4600000| PB 0x00000000c4600000| Untracked 
|  45|0x00000000c4700000, 0x00000000c4700000, 0x00000000c4800000|  0%| F|  |TAMS 0x00000000c4700000| PB 0x00000000c4700000| Untracked 
|  46|0x00000000c4800000, 0x00000000c4800000, 0x00000000c4900000|  0%| F|  |TAMS 0x00000000c4800000| PB 0x00000000c4800000| Untracked 
|  47|0x00000000c4900000, 0x00000000c4900000, 0x00000000c4a00000|  0%| F|  |TAMS 0x00000000c4900000| PB 0x00000000c4900000| Untracked 
|  48|0x00000000c4a00000, 0x00000000c4b00000, 0x00000000c4b00000|100%|HS|  |TAMS 0x00000000c4a00000| PB 0x00000000c4a00000| Complete 
|  49|0x00000000c4b00000, 0x00000000c4c00000, 0x00000000c4c00000|100%|HC|  |TAMS 0x00000000c4b00000| PB 0x00000000c4b00000| Complete 
|  50|0x00000000c4c00000, 0x00000000c4d00000, 0x00000000c4d00000|100%|HC|  |TAMS 0x00000000c4c00000| PB 0x00000000c4c00000| Complete 
|  51|0x00000000c4d00000, 0x00000000c4e00000, 0x00000000c4e00000|100%| O|  |TAMS 0x00000000c4d00000| PB 0x00000000c4d00000| Untracked 
|  52|0x00000000c4e00000, 0x00000000c4f00000, 0x00000000c4f00000|100%| O|  |TAMS 0x00000000c4e00000| PB 0x00000000c4e00000| Untracked 
|  53|0x00000000c4f00000, 0x00000000c5000000, 0x00000000c5000000|100%| O|  |TAMS 0x00000000c4f00000| PB 0x00000000c4f00000| Untracked 
|  54|0x00000000c5000000, 0x00000000c5100000, 0x00000000c5100000|100%| O|  |TAMS 0x00000000c5000000| PB 0x00000000c5000000| Untracked 
|  55|0x00000000c5100000, 0x00000000c5200000, 0x00000000c5200000|100%| O|  |TAMS 0x00000000c5100000| PB 0x00000000c5100000| Untracked 
|  56|0x00000000c5200000, 0x00000000c5200000, 0x00000000c5300000|  0%| F|  |TAMS 0x00000000c5200000| PB 0x00000000c5200000| Untracked 
|  57|0x00000000c5300000, 0x00000000c5300000, 0x00000000c5400000|  0%| F|  |TAMS 0x00000000c5300000| PB 0x00000000c5300000| Untracked 
|  58|0x00000000c5400000, 0x00000000c5500000, 0x00000000c5500000|100%| O|Cm|TAMS 0x00000000c5400000| PB 0x00000000c5400000| Complete 
|  59|0x00000000c5500000, 0x00000000c5600000, 0x00000000c5600000|100%| O|  |TAMS 0x00000000c5500000| PB 0x00000000c5500000| Untracked 
|  60|0x00000000c5600000, 0x00000000c5700000, 0x00000000c5700000|100%| O|  |TAMS 0x00000000c5600000| PB 0x00000000c5600000| Untracked 
|  61|0x00000000c5700000, 0x00000000c5800000, 0x00000000c5800000|100%| O|  |TAMS 0x00000000c5700000| PB 0x00000000c5700000| Untracked 
|  62|0x00000000c5800000, 0x00000000c5900000, 0x00000000c5900000|100%| O|  |TAMS 0x00000000c5800000| PB 0x00000000c5800000| Untracked 
|  63|0x00000000c5900000, 0x00000000c5a00000, 0x00000000c5a00000|100%| O|  |TAMS 0x00000000c5900000| PB 0x00000000c5900000| Untracked 
|  64|0x00000000c5a00000, 0x00000000c5b00000, 0x00000000c5b00000|100%| O|  |TAMS 0x00000000c5a00000| PB 0x00000000c5a00000| Untracked 
|  65|0x00000000c5b00000, 0x00000000c5c00000, 0x00000000c5c00000|100%| O|  |TAMS 0x00000000c5b00000| PB 0x00000000c5b00000| Untracked 
|  66|0x00000000c5c00000, 0x00000000c5d00000, 0x00000000c5d00000|100%| O|  |TAMS 0x00000000c5c00000| PB 0x00000000c5c00000| Untracked 
|  67|0x00000000c5d00000, 0x00000000c5e00000, 0x00000000c5e00000|100%| O|  |TAMS 0x00000000c5d00000| PB 0x00000000c5d00000| Untracked 
|  68|0x00000000c5e00000, 0x00000000c5f00000, 0x00000000c5f00000|100%| O|  |TAMS 0x00000000c5e00000| PB 0x00000000c5e00000| Untracked 
|  69|0x00000000c5f00000, 0x00000000c6000000, 0x00000000c6000000|100%| O|  |TAMS 0x00000000c5f00000| PB 0x00000000c5f00000| Untracked 
|  70|0x00000000c6000000, 0x00000000c6100000, 0x00000000c6100000|100%| O|  |TAMS 0x00000000c6000000| PB 0x00000000c6000000| Untracked 
|  71|0x00000000c6100000, 0x00000000c6100000, 0x00000000c6200000|  0%| F|  |TAMS 0x00000000c6100000| PB 0x00000000c6100000| Untracked 
|  72|0x00000000c6200000, 0x00000000c6200000, 0x00000000c6300000|  0%| F|  |TAMS 0x00000000c6200000| PB 0x00000000c6200000| Untracked 
|  73|0x00000000c6300000, 0x00000000c6300000, 0x00000000c6400000|  0%| F|  |TAMS 0x00000000c6300000| PB 0x00000000c6300000| Untracked 
|  74|0x00000000c6400000, 0x00000000c6400000, 0x00000000c6500000|  0%| F|  |TAMS 0x00000000c6400000| PB 0x00000000c6400000| Untracked 
|  75|0x00000000c6500000, 0x00000000c6500000, 0x00000000c6600000|  0%| F|  |TAMS 0x00000000c6500000| PB 0x00000000c6500000| Untracked 
|  76|0x00000000c6600000, 0x00000000c6600000, 0x00000000c6700000|  0%| F|  |TAMS 0x00000000c6600000| PB 0x00000000c6600000| Untracked 
|  77|0x00000000c6700000, 0x00000000c6700000, 0x00000000c6800000|  0%| F|  |TAMS 0x00000000c6700000| PB 0x00000000c6700000| Untracked 
|  78|0x00000000c6800000, 0x00000000c6800000, 0x00000000c6900000|  0%| F|  |TAMS 0x00000000c6800000| PB 0x00000000c6800000| Untracked 
|  79|0x00000000c6900000, 0x00000000c6900000, 0x00000000c6a00000|  0%| F|  |TAMS 0x00000000c6900000| PB 0x00000000c6900000| Untracked 
|  80|0x00000000c6a00000, 0x00000000c6a00000, 0x00000000c6b00000|  0%| F|  |TAMS 0x00000000c6a00000| PB 0x00000000c6a00000| Untracked 
|  81|0x00000000c6b00000, 0x00000000c6b00000, 0x00000000c6c00000|  0%| F|  |TAMS 0x00000000c6b00000| PB 0x00000000c6b00000| Untracked 
|  82|0x00000000c6c00000, 0x00000000c6c84a50, 0x00000000c6d00000| 51%| S|CS|TAMS 0x00000000c6c00000| PB 0x00000000c6c00000| Complete 
|  83|0x00000000c6d00000, 0x00000000c6e00000, 0x00000000c6e00000|100%| S|CS|TAMS 0x00000000c6d00000| PB 0x00000000c6d00000| Complete 
|  84|0x00000000c6e00000, 0x00000000c6f00000, 0x00000000c6f00000|100%| S|CS|TAMS 0x00000000c6e00000| PB 0x00000000c6e00000| Complete 
|  85|0x00000000c6f00000, 0x00000000c7000000, 0x00000000c7000000|100%| S|CS|TAMS 0x00000000c6f00000| PB 0x00000000c6f00000| Complete 
|  86|0x00000000c7000000, 0x00000000c7000000, 0x00000000c7100000|  0%| F|  |TAMS 0x00000000c7000000| PB 0x00000000c7000000| Untracked 
|  87|0x00000000c7100000, 0x00000000c7100000, 0x00000000c7200000|  0%| F|  |TAMS 0x00000000c7100000| PB 0x00000000c7100000| Untracked 
|  88|0x00000000c7200000, 0x00000000c7200000, 0x00000000c7300000|  0%| F|  |TAMS 0x00000000c7200000| PB 0x00000000c7200000| Untracked 
|  89|0x00000000c7300000, 0x00000000c7300000, 0x00000000c7400000|  0%| F|  |TAMS 0x00000000c7300000| PB 0x00000000c7300000| Untracked 
|  90|0x00000000c7400000, 0x00000000c7400000, 0x00000000c7500000|  0%| F|  |TAMS 0x00000000c7400000| PB 0x00000000c7400000| Untracked 
|  91|0x00000000c7500000, 0x00000000c7500000, 0x00000000c7600000|  0%| F|  |TAMS 0x00000000c7500000| PB 0x00000000c7500000| Untracked 
|  92|0x00000000c7600000, 0x00000000c7600000, 0x00000000c7700000|  0%| F|  |TAMS 0x00000000c7600000| PB 0x00000000c7600000| Untracked 
|  93|0x00000000c7700000, 0x00000000c7700000, 0x00000000c7800000|  0%| F|  |TAMS 0x00000000c7700000| PB 0x00000000c7700000| Untracked 
|  94|0x00000000c7800000, 0x00000000c7800000, 0x00000000c7900000|  0%| F|  |TAMS 0x00000000c7800000| PB 0x00000000c7800000| Untracked 
|  95|0x00000000c7900000, 0x00000000c7900000, 0x00000000c7a00000|  0%| F|  |TAMS 0x00000000c7900000| PB 0x00000000c7900000| Untracked 
|  96|0x00000000c7a00000, 0x00000000c7a00000, 0x00000000c7b00000|  0%| F|  |TAMS 0x00000000c7a00000| PB 0x00000000c7a00000| Untracked 
|  97|0x00000000c7b00000, 0x00000000c7b00000, 0x00000000c7c00000|  0%| F|  |TAMS 0x00000000c7b00000| PB 0x00000000c7b00000| Untracked 
|  98|0x00000000c7c00000, 0x00000000c7c00000, 0x00000000c7d00000|  0%| F|  |TAMS 0x00000000c7c00000| PB 0x00000000c7c00000| Untracked 
|  99|0x00000000c7d00000, 0x00000000c7d00000, 0x00000000c7e00000|  0%| F|  |TAMS 0x00000000c7d00000| PB 0x00000000c7d00000| Untracked 
| 100|0x00000000c7e00000, 0x00000000c7e00000, 0x00000000c7f00000|  0%| F|  |TAMS 0x00000000c7e00000| PB 0x00000000c7e00000| Untracked 
| 101|0x00000000c7f00000, 0x00000000c7f00000, 0x00000000c8000000|  0%| F|  |TAMS 0x00000000c7f00000| PB 0x00000000c7f00000| Untracked 
| 102|0x00000000c8000000, 0x00000000c8000000, 0x00000000c8100000|  0%| F|  |TAMS 0x00000000c8000000| PB 0x00000000c8000000| Untracked 
| 103|0x00000000c8100000, 0x00000000c8100000, 0x00000000c8200000|  0%| F|  |TAMS 0x00000000c8100000| PB 0x00000000c8100000| Untracked 
| 104|0x00000000c8200000, 0x00000000c8200000, 0x00000000c8300000|  0%| F|  |TAMS 0x00000000c8200000| PB 0x00000000c8200000| Untracked 
| 105|0x00000000c8300000, 0x00000000c8300000, 0x00000000c8400000|  0%| F|  |TAMS 0x00000000c8300000| PB 0x00000000c8300000| Untracked 
| 106|0x00000000c8400000, 0x00000000c8400000, 0x00000000c8500000|  0%| F|  |TAMS 0x00000000c8400000| PB 0x00000000c8400000| Untracked 
| 107|0x00000000c8500000, 0x00000000c8500000, 0x00000000c8600000|  0%| F|  |TAMS 0x00000000c8500000| PB 0x00000000c8500000| Untracked 
| 108|0x00000000c8600000, 0x00000000c8600000, 0x00000000c8700000|  0%| F|  |TAMS 0x00000000c8600000| PB 0x00000000c8600000| Untracked 
| 109|0x00000000c8700000, 0x00000000c8700000, 0x00000000c8800000|  0%| F|  |TAMS 0x00000000c8700000| PB 0x00000000c8700000| Untracked 
| 110|0x00000000c8800000, 0x00000000c8800000, 0x00000000c8900000|  0%| F|  |TAMS 0x00000000c8800000| PB 0x00000000c8800000| Untracked 
| 111|0x00000000c8900000, 0x00000000c8900000, 0x00000000c8a00000|  0%| F|  |TAMS 0x00000000c8900000| PB 0x00000000c8900000| Untracked 
| 112|0x00000000c8a00000, 0x00000000c8a00000, 0x00000000c8b00000|  0%| F|  |TAMS 0x00000000c8a00000| PB 0x00000000c8a00000| Untracked 
| 113|0x00000000c8b00000, 0x00000000c8b00000, 0x00000000c8c00000|  0%| F|  |TAMS 0x00000000c8b00000| PB 0x00000000c8b00000| Untracked 
| 114|0x00000000c8c00000, 0x00000000c8c00000, 0x00000000c8d00000|  0%| F|  |TAMS 0x00000000c8c00000| PB 0x00000000c8c00000| Untracked 
| 115|0x00000000c8d00000, 0x00000000c8d416b0, 0x00000000c8e00000| 25%| E|  |TAMS 0x00000000c8d00000| PB 0x00000000c8d00000| Complete 
| 116|0x00000000c8e00000, 0x00000000c8f00000, 0x00000000c8f00000|100%| E|CS|TAMS 0x00000000c8e00000| PB 0x00000000c8e00000| Complete 
| 117|0x00000000c8f00000, 0x00000000c9000000, 0x00000000c9000000|100%| E|CS|TAMS 0x00000000c8f00000| PB 0x00000000c8f00000| Complete 
| 994|0x00000000ffc00000, 0x00000000ffd00000, 0x00000000ffd00000|100%| O|Cm|TAMS 0x00000000ffc00000| PB 0x00000000ffc00000| Complete 
| 995|0x00000000ffd00000, 0x00000000ffe00000, 0x00000000ffe00000|100%| E|CS|TAMS 0x00000000ffd00000| PB 0x00000000ffd00000| Complete 
| 996|0x00000000ffe00000, 0x00000000fff00000, 0x00000000fff00000|100%| E|CS|TAMS 0x00000000ffe00000| PB 0x00000000ffe00000| Complete 
| 997|0x00000000fff00000, 0x0000000100000000, 0x0000000100000000|100%| E|CS|TAMS 0x00000000fff00000| PB 0x00000000fff00000| Complete 

Card table byte_map: [0x000001e0e3500000,0x000001e0e3700000] _byte_map_base: 0x000001e0e2ef3000

Marking Bits: (CMBitMap*) 0x000001e0cbeaf240
 Bits: [0x000001e0e3700000, 0x000001e0e4698000)

Polling page: 0x000001e0c9d30000

Metaspace:

Usage:
  Non-class:     31.17 MB used.
      Class:      3.78 MB used.
       Both:     34.95 MB used.

Virtual space:
  Non-class space:       64.00 MB reserved,      31.50 MB ( 49%) committed,  1 nodes.
      Class space:        1.00 GB reserved,       4.06 MB ( <1%) committed,  1 nodes.
             Both:        1.06 GB reserved,      35.56 MB (  3%) committed. 

Chunk freelists:
   Non-Class:  416.00 KB
       Class:  11.98 MB
        Both:  12.39 MB

MaxMetaspaceSize: unlimited
CompressedClassSpaceSize: 1.00 GB
Initial GC threshold: 21.00 MB
Current GC threshold: 54.81 MB
CDS: on
 - commit_granule_bytes: 65536.
 - commit_granule_words: 8192.
 - virtual_space_node_default_size: 8388608.
 - enlarge_chunks_in_place: 1.
 - use_allocation_guard: 0.


Internal statistics:

num_allocs_failed_limit: 6.
num_arena_births: 636.
num_arena_deaths: 6.
num_vsnodes_births: 2.
num_vsnodes_deaths: 0.
num_space_committed: 585.
num_space_uncommitted: 7.
num_chunks_returned_to_freelist: 116.
num_chunks_taken_from_freelist: 2101.
num_chunk_merges: 24.
num_chunk_splits: 1414.
num_chunks_enlarged: 1040.
num_inconsistent_stats: 0.

CodeHeap 'non-profiled nmethods': size=120000Kb used=4647Kb max_used=4647Kb free=115353Kb
 bounds [0x000001e0dbdd0000, 0x000001e0dc260000, 0x000001e0e3300000]
CodeHeap 'profiled nmethods': size=120000Kb used=17269Kb max_used=18792Kb free=102730Kb
 bounds [0x000001e0d4300000, 0x000001e0d5560000, 0x000001e0db830000]
CodeHeap 'non-nmethods': size=5760Kb used=1518Kb max_used=1581Kb free=4242Kb
 bounds [0x000001e0db830000, 0x000001e0dbaa0000, 0x000001e0dbdd0000]
 total_blobs=8690 nmethods=8101 adapters=493
 compilation: enabled
              stopped_count=0, restarted_count=0
 full_count=0

Compilation events (20 events):
Event: 19.817 Thread 0x000001e0ee6b57a0 10538       4       java.nio.CharBuffer::position (6 bytes)
Event: 19.819 Thread 0x000001e0ee6b57a0 nmethod 10538 0x000001e0dc254610 code [0x000001e0dc2547a0, 0x000001e0dc2548a0]
Event: 19.819 Thread 0x000001e0ee6b57a0 10489   !   4       sun.nio.fs.WindowsPath::initOffsets (153 bytes)
Event: 19.847 Thread 0x000001e0ee6b57a0 nmethod 10489 0x000001e0dc254990 code [0x000001e0dc254c00, 0x000001e0dc255d70]
Event: 19.847 Thread 0x000001e0ee6b57a0 10475       4       java.util.regex.Pattern$Branch::match (66 bytes)
Event: 19.867 Thread 0x000001e0ee6b57a0 nmethod 10475 0x000001e0dc256590 code [0x000001e0dc2567e0, 0x000001e0dc2573c0]
Event: 19.867 Thread 0x000001e0ee6b57a0 10470       4       java.nio.CharBuffer::position (8 bytes)
Event: 19.868 Thread 0x000001e0ee6b57a0 nmethod 10470 0x000001e0dc257d10 code [0x000001e0dc257ea0, 0x000001e0dc257fa0]
Event: 19.868 Thread 0x000001e0ee6b57a0 10485       4       java.lang.StringBuilder::append (10 bytes)
Event: 19.872 Thread 0x000001e0ee6b57a0 nmethod 10485 0x000001e0dc258090 code [0x000001e0dc258260, 0x000001e0dc2587a0]
Event: 19.872 Thread 0x000001e0ee6b57a0 10486       4       java.util.BitSet::checkInvariants (111 bytes)
Event: 19.873 Thread 0x000001e0ee6b57a0 nmethod 10486 0x000001e0dc258b90 code [0x000001e0dc258d00, 0x000001e0dc258d88]
Event: 19.873 Thread 0x000001e0ee6b57a0 10487       4       java.util.BitSet::get (69 bytes)
Event: 19.874 Thread 0x000001e0ee6b57a0 nmethod 10487 0x000001e0dc258e90 code [0x000001e0dc259020, 0x000001e0dc259158]
Event: 19.874 Thread 0x000001e0ee6b57a0 10477       4       java.util.regex.Matcher::checkMatch (19 bytes)
Event: 19.874 Thread 0x000001e0ee6b57a0 nmethod 10477 0x000001e0dc259290 code [0x000001e0dc259400, 0x000001e0dc2594a8]
Event: 19.875 Thread 0x000001e0ee6b57a0 10471       4       sun.nio.fs.WindowsPath::<init> (26 bytes)
Event: 19.879 Thread 0x000001e0ee6b57a0 nmethod 10471 0x000001e0dc259590 code [0x000001e0dc259720, 0x000001e0dc259b70]
Event: 20.594 Thread 0x000001e0e6b17c70 10545       3       java.util.concurrent.ConcurrentLinkedQueue::updateHead (26 bytes)
Event: 20.596 Thread 0x000001e0e6b17c70 nmethod 10545 0x000001e0d4e04810 code [0x000001e0d4e04b80, 0x000001e0d4e06328]

GC Heap History (20 events):
Event: 12.137 GC heap before
{Heap before GC invocations=18 (full 0):
 garbage-first heap   total 92160K, used 80710K [0x00000000c1a00000, 0x0000000100000000)
  region size 1024K, 32 young (32768K), 3 survivors (3072K)
 Metaspace       used 30590K, committed 31168K, reserved 1114112K
  class space    used 3376K, committed 3648K, reserved 1048576K
}
Event: 12.148 GC heap after
{Heap after GC invocations=19 (full 0):
 garbage-first heap   total 92160K, used 51805K [0x00000000c1a00000, 0x0000000100000000)
  region size 1024K, 4 young (4096K), 4 survivors (4096K)
 Metaspace       used 30590K, committed 31168K, reserved 1114112K
  class space    used 3376K, committed 3648K, reserved 1048576K
}
Event: 12.554 GC heap before
{Heap before GC invocations=19 (full 0):
 garbage-first heap   total 92160K, used 81501K [0x00000000c1a00000, 0x0000000100000000)
  region size 1024K, 33 young (33792K), 4 survivors (4096K)
 Metaspace       used 30722K, committed 31232K, reserved 1114112K
  class space    used 3379K, committed 3648K, reserved 1048576K
}
Event: 12.567 GC heap after
{Heap after GC invocations=20 (full 0):
 garbage-first heap   total 117760K, used 52284K [0x00000000c1a00000, 0x0000000100000000)
  region size 1024K, 3 young (3072K), 3 survivors (3072K)
 Metaspace       used 30722K, committed 31232K, reserved 1114112K
  class space    used 3379K, committed 3648K, reserved 1048576K
}
Event: 13.126 GC heap before
{Heap before GC invocations=21 (full 0):
 garbage-first heap   total 117760K, used 103484K [0x00000000c1a00000, 0x0000000100000000)
  region size 1024K, 53 young (54272K), 3 survivors (3072K)
 Metaspace       used 30808K, committed 31360K, reserved 1114112K
  class space    used 3379K, committed 3648K, reserved 1048576K
}
Event: 13.134 GC heap after
{Heap after GC invocations=22 (full 0):
 garbage-first heap   total 117760K, used 52505K [0x00000000c1a00000, 0x0000000100000000)
  region size 1024K, 3 young (3072K), 3 survivors (3072K)
 Metaspace       used 30808K, committed 31360K, reserved 1114112K
  class space    used 3379K, committed 3648K, reserved 1048576K
}
Event: 16.775 GC heap before
{Heap before GC invocations=22 (full 0):
 garbage-first heap   total 117760K, used 110873K [0x00000000c1a00000, 0x0000000100000000)
  region size 1024K, 56 young (57344K), 3 survivors (3072K)
 Metaspace       used 33123K, committed 33664K, reserved 1114112K
  class space    used 3617K, committed 3840K, reserved 1048576K
}
Event: 16.801 GC heap after
{Heap after GC invocations=23 (full 0):
 garbage-first heap   total 119808K, used 58915K [0x00000000c1a00000, 0x0000000100000000)
  region size 1024K, 7 young (7168K), 7 survivors (7168K)
 Metaspace       used 33123K, committed 33664K, reserved 1114112K
  class space    used 3617K, committed 3840K, reserved 1048576K
}
Event: 16.838 GC heap before
{Heap before GC invocations=23 (full 0):
 garbage-first heap   total 119808K, used 63011K [0x00000000c1a00000, 0x0000000100000000)
  region size 1024K, 12 young (12288K), 7 survivors (7168K)
 Metaspace       used 33128K, committed 33664K, reserved 1114112K
  class space    used 3617K, committed 3840K, reserved 1048576K
}
Event: 16.865 GC heap after
{Heap after GC invocations=24 (full 0):
 garbage-first heap   total 119808K, used 63695K [0x00000000c1a00000, 0x0000000100000000)
  region size 1024K, 5 young (5120K), 5 survivors (5120K)
 Metaspace       used 33128K, committed 33664K, reserved 1114112K
  class space    used 3617K, committed 3840K, reserved 1048576K
}
Event: 17.156 GC heap before
{Heap before GC invocations=25 (full 0):
 garbage-first heap   total 119808K, used 88271K [0x00000000c1a00000, 0x0000000100000000)
  region size 1024K, 29 young (29696K), 5 survivors (5120K)
 Metaspace       used 33181K, committed 33664K, reserved 1114112K
  class space    used 3618K, committed 3840K, reserved 1048576K
}
Event: 17.167 GC heap after
{Heap after GC invocations=26 (full 0):
 garbage-first heap   total 119808K, used 72192K [0x00000000c1a00000, 0x0000000100000000)
  region size 1024K, 4 young (4096K), 4 survivors (4096K)
 Metaspace       used 33181K, committed 33664K, reserved 1114112K
  class space    used 3618K, committed 3840K, reserved 1048576K
}
Event: 17.412 GC heap before
{Heap before GC invocations=26 (full 0):
 garbage-first heap   total 119808K, used 93696K [0x00000000c1a00000, 0x0000000100000000)
  region size 1024K, 25 young (25600K), 4 survivors (4096K)
 Metaspace       used 33193K, committed 33664K, reserved 1114112K
  class space    used 3618K, committed 3840K, reserved 1048576K
}
Event: 17.423 GC heap after
{Heap after GC invocations=27 (full 0):
 garbage-first heap   total 119808K, used 70144K [0x00000000c1a00000, 0x0000000100000000)
  region size 1024K, 4 young (4096K), 4 survivors (4096K)
 Metaspace       used 33193K, committed 33664K, reserved 1114112K
  class space    used 3618K, committed 3840K, reserved 1048576K
}
Event: 17.944 GC heap before
{Heap before GC invocations=27 (full 0):
 garbage-first heap   total 119808K, used 91648K [0x00000000c1a00000, 0x0000000100000000)
  region size 1024K, 26 young (26624K), 4 survivors (4096K)
 Metaspace       used 33997K, committed 34496K, reserved 1114112K
  class space    used 3714K, committed 3968K, reserved 1048576K
}
Event: 17.954 GC heap after
{Heap after GC invocations=28 (full 0):
 garbage-first heap   total 119808K, used 72023K [0x00000000c1a00000, 0x0000000100000000)
  region size 1024K, 2 young (2048K), 2 survivors (2048K)
 Metaspace       used 33997K, committed 34496K, reserved 1114112K
  class space    used 3714K, committed 3968K, reserved 1048576K
}
Event: 18.505 GC heap before
{Heap before GC invocations=29 (full 0):
 garbage-first heap   total 124928K, used 91479K [0x00000000c1a00000, 0x0000000100000000)
  region size 1024K, 25 young (25600K), 2 survivors (2048K)
 Metaspace       used 32715K, committed 33728K, reserved 1114112K
  class space    used 3567K, committed 3904K, reserved 1048576K
}
Event: 18.511 GC heap after
{Heap after GC invocations=30 (full 0):
 garbage-first heap   total 124928K, used 68464K [0x00000000c1a00000, 0x0000000100000000)
  region size 1024K, 2 young (2048K), 2 survivors (2048K)
 Metaspace       used 32715K, committed 33728K, reserved 1114112K
  class space    used 3567K, committed 3904K, reserved 1048576K
}
Event: 19.476 GC heap before
{Heap before GC invocations=30 (full 0):
 garbage-first heap   total 124928K, used 99184K [0x00000000c1a00000, 0x0000000100000000)
  region size 1024K, 33 young (33792K), 2 survivors (2048K)
 Metaspace       used 34890K, committed 35520K, reserved 1114112K
  class space    used 3763K, committed 4032K, reserved 1048576K
}
Event: 19.487 GC heap after
{Heap after GC invocations=31 (full 0):
 garbage-first heap   total 124928K, used 57531K [0x00000000c1a00000, 0x0000000100000000)
  region size 1024K, 4 young (4096K), 4 survivors (4096K)
 Metaspace       used 34890K, committed 35520K, reserved 1114112K
  class space    used 3763K, committed 4032K, reserved 1048576K
}

Dll operation events (8 events):
Event: 0.017 Loaded shared library C:\Program Files\Java\jdk-21\bin\java.dll
Event: 0.054 Loaded shared library C:\Program Files\Java\jdk-21\bin\jsvml.dll
Event: 0.077 Loaded shared library C:\Program Files\Java\jdk-21\bin\net.dll
Event: 0.081 Loaded shared library C:\Program Files\Java\jdk-21\bin\nio.dll
Event: 0.085 Loaded shared library C:\Program Files\Java\jdk-21\bin\zip.dll
Event: 0.290 Loaded shared library C:\Program Files\Java\jdk-21\bin\jimage.dll
Event: 0.452 Loaded shared library C:\Program Files\Apache\Maven\apache-maven-3.9.9\lib\jansi-native\Windows\x86_64\jansi.dll
Event: 0.485 Loaded shared library C:\Program Files\Java\jdk-21\bin\verify.dll

Deoptimization events (20 events):
Event: 19.670 Thread 0x000001e0ebdb4690 Uncommon trap: trap_request=0xffffff45 fr.pc=0x000001e0dbdfb598 relative=0x00000000000000f8
Event: 19.670 Thread 0x000001e0ebdb4690 Uncommon trap: reason=unstable_if action=reinterpret pc=0x000001e0dbdfb598 method=java.lang.String.getBytes([BIB)V @ 5 c2
Event: 19.670 Thread 0x000001e0ebdb4690 DEOPT PACKING pc=0x000001e0dbdfb598 sp=0x0000009ba93fef50
Event: 19.670 Thread 0x000001e0ebdb4690 DEOPT UNPACKING pc=0x000001e0db8846a2 sp=0x0000009ba93fef18 mode 2
Event: 19.670 Thread 0x000001e0ebdb4690 Uncommon trap: trap_request=0xffffff45 fr.pc=0x000001e0dbe7fa00 relative=0x0000000000000540
Event: 19.670 Thread 0x000001e0ebdb4690 Uncommon trap: reason=unstable_if action=reinterpret pc=0x000001e0dbe7fa00 method=java.lang.String.<init>(Ljava/lang/AbstractStringBuilder;Ljava/lang/Void;)V @ 19 c2
Event: 19.670 Thread 0x000001e0ebdb4690 DEOPT PACKING pc=0x000001e0dbe7fa00 sp=0x0000009ba93ff090
Event: 19.670 Thread 0x000001e0ebdb4690 DEOPT UNPACKING pc=0x000001e0db8846a2 sp=0x0000009ba93fef88 mode 2
Event: 19.670 Thread 0x000001e0ebdb4690 Uncommon trap: trap_request=0xffffff76 fr.pc=0x000001e0dc0cfcc8 relative=0x0000000000001748
Event: 19.670 Thread 0x000001e0ebdb4690 Uncommon trap: reason=predicate action=maybe_recompile pc=0x000001e0dc0cfcc8 method=java.util.regex.Pattern.compile()V @ 78 c2
Event: 19.670 Thread 0x000001e0ebdb4690 DEOPT PACKING pc=0x000001e0dc0cfcc8 sp=0x0000009ba93ff120
Event: 19.670 Thread 0x000001e0ebdb4690 DEOPT UNPACKING pc=0x000001e0db8846a2 sp=0x0000009ba93ff0d0 mode 2
Event: 19.670 Thread 0x000001e0ebdb4690 Uncommon trap: trap_request=0xffffff45 fr.pc=0x000001e0dbf1e7e8 relative=0x00000000000000c8
Event: 19.670 Thread 0x000001e0ebdb4690 Uncommon trap: reason=unstable_if action=reinterpret pc=0x000001e0dbf1e7e8 method=java.lang.String.codePointAt(I)I @ 4 c2
Event: 19.670 Thread 0x000001e0ebdb4690 DEOPT PACKING pc=0x000001e0dbf1e7e8 sp=0x0000009ba93ff0d0
Event: 19.670 Thread 0x000001e0ebdb4690 DEOPT UNPACKING pc=0x000001e0db8846a2 sp=0x0000009ba93ff068 mode 2
Event: 19.670 Thread 0x000001e0ebdb4690 Uncommon trap: trap_request=0xffffffc6 fr.pc=0x000001e0dbf55668 relative=0x00000000000002a8
Event: 19.670 Thread 0x000001e0ebdb4690 Uncommon trap: reason=bimorphic_or_optimized_type_check action=maybe_recompile pc=0x000001e0dbf55668 method=java.util.regex.Matcher.getTextLength()I @ 4 c2
Event: 19.670 Thread 0x000001e0ebdb4690 DEOPT PACKING pc=0x000001e0dbf55668 sp=0x0000009ba93ff100
Event: 19.670 Thread 0x000001e0ebdb4690 DEOPT UNPACKING pc=0x000001e0db8846a2 sp=0x0000009ba93ff030 mode 2

Classes loaded (20 events):
Event: 19.628 Loading class jdk/internal/logger/LoggerFinderLoader
Event: 19.629 Loading class jdk/internal/logger/LoggerFinderLoader done
Event: 19.630 Loading class jdk/internal/logger/LoggerFinderLoader$TemporaryLoggerFinder
Event: 19.630 Loading class jdk/internal/logger/LoggerFinderLoader$TemporaryLoggerFinder done
Event: 19.630 Loading class sun/util/logging/internal/LoggingProviderImpl$JULWrapper
Event: 19.631 Loading class sun/util/logging/PlatformLogger$ConfigurableBridge$LoggerConfiguration
Event: 19.631 Loading class sun/util/logging/PlatformLogger$ConfigurableBridge$LoggerConfiguration done
Event: 19.631 Loading class sun/util/logging/internal/LoggingProviderImpl$JULWrapper done
Event: 19.631 Loading class java/lang/System$Logger$Level
Event: 19.632 Loading class java/lang/System$Logger$Level done
Event: 19.633 Loading class java/nio/channels/ClosedChannelException
Event: 19.634 Loading class java/nio/channels/ClosedChannelException done
Event: 19.637 Loading class java/nio/channels/NonReadableChannelException
Event: 19.637 Loading class java/nio/channels/NonReadableChannelException done
Event: 19.639 Loading class java/nio/channels/NonWritableChannelException
Event: 19.639 Loading class java/nio/channels/NonWritableChannelException done
Event: 19.663 Loading class java/util/Scanner
Event: 19.664 Loading class java/util/Scanner done
Event: 19.668 Loading class java/util/Scanner$PatternLRUCache
Event: 19.669 Loading class java/util/Scanner$PatternLRUCache done

Classes unloaded (20 events):
Event: 18.023 Thread 0x000001e0cbf3c230 Unloading class 0x000001e0813327d0 'lombok/javac/apt/MessagerDiagnosticsReceiver'
Event: 18.023 Thread 0x000001e0cbf3c230 Unloading class 0x000001e081332410 'lombok/javac/apt/InterceptingJavaFileManager'
Event: 18.023 Thread 0x000001e0cbf3c230 Unloading class 0x000001e081332210 'lombok/permit/dummy/Parent'
Event: 18.023 Thread 0x000001e0cbf3c230 Unloading class 0x000001e081332000 'lombok/core/CleanupRegistry'
Event: 18.023 Thread 0x000001e0cbf3c230 Unloading class 0x000001e081331db8 'lombok/permit/Permit$Fake'
Event: 18.023 Thread 0x000001e0cbf3c230 Unloading class 0x000001e081331bc0 'lombok/permit/Permit'
Event: 18.023 Thread 0x000001e0cbf3c230 Unloading class 0x000001e0813319d0 'lombok/core/DiagnosticsReceiver'
Event: 18.023 Thread 0x000001e0cbf3c230 Unloading class 0x000001e0813316e8 'lombok/javac/apt/LombokProcessor$1'
Event: 18.023 Thread 0x000001e0cbf3c230 Unloading class 0x000001e081331458 'lombok/javac/apt/LombokProcessor'
Event: 18.023 Thread 0x000001e0cbf3c230 Unloading class 0x000001e081331230 'lombok/core/AnnotationProcessor$EcjDescriptor'
Event: 18.023 Thread 0x000001e0cbf3c230 Unloading class 0x000001e081331000 'lombok/core/AnnotationProcessor$JavacDescriptor'
Event: 18.023 Thread 0x000001e0cbf3c230 Unloading class 0x000001e081330a78 'lombok/core/AnnotationProcessor$ProcessorDescriptor'
Event: 18.023 Thread 0x000001e0cbf3c230 Unloading class 0x000001e081330800 'lombok/core/AnnotationProcessor'
Event: 18.023 Thread 0x000001e0cbf3c230 Unloading class 0x000001e081391000 'lombok/launch/AnnotationProcessorHider$ClaimingProcessor'
Event: 18.023 Thread 0x000001e0cbf3c230 Unloading class 0x000001e081330488 'lombok/launch/AnnotationProcessorHider$AstModificationNotifierData'
Event: 18.023 Thread 0x000001e0cbf3c230 Unloading class 0x000001e081330210 'lombok/launch/ClassFileMetaData'
Event: 18.023 Thread 0x000001e0cbf3c230 Unloading class 0x000001e081330000 'lombok/launch/PackageShader'
Event: 18.023 Thread 0x000001e0cbf3c230 Unloading class 0x000001e08130c470 'lombok/launch/ShadowClassLoader'
Event: 18.023 Thread 0x000001e0cbf3c230 Unloading class 0x000001e08130c278 'lombok/launch/Main'
Event: 18.023 Thread 0x000001e0cbf3c230 Unloading class 0x000001e08130c000 'lombok/launch/AnnotationProcessorHider$AnnotationProcessor'

Classes redefined (0 events):
No events

Internal exceptions (20 events):
Event: 18.241 Thread 0x000001e0cbe7f940 Exception <a 'sun/nio/fs/WindowsException'{0x00000000c86cdb48}> (0x00000000c86cdb48) 
thrown [s\open\src\hotspot\share\prims\jni.cpp, line 520]
Event: 18.241 Thread 0x000001e0cbe7f940 Exception <a 'sun/nio/fs/WindowsException'{0x00000000c86ce570}> (0x00000000c86ce570) 
thrown [s\open\src\hotspot\share\prims\jni.cpp, line 520]
Event: 18.242 Thread 0x000001e0cbe7f940 Exception <a 'sun/nio/fs/WindowsException'{0x00000000c86cf060}> (0x00000000c86cf060) 
thrown [s\open\src\hotspot\share\prims\jni.cpp, line 520]
Event: 18.244 Thread 0x000001e0cbe7f940 Exception <a 'sun/nio/fs/WindowsException'{0x00000000c86ef158}> (0x00000000c86ef158) 
thrown [s\open\src\hotspot\share\prims\jni.cpp, line 520]
Event: 18.244 Thread 0x000001e0cbe7f940 Exception <a 'sun/nio/fs/WindowsException'{0x00000000c86efb80}> (0x00000000c86efb80) 
thrown [s\open\src\hotspot\share\prims\jni.cpp, line 520]
Event: 18.244 Thread 0x000001e0cbe7f940 Exception <a 'sun/nio/fs/WindowsException'{0x00000000c86f0670}> (0x00000000c86f0670) 
thrown [s\open\src\hotspot\share\prims\jni.cpp, line 520]
Event: 18.251 Thread 0x000001e0cbe7f940 Exception <a 'sun/nio/fs/WindowsException'{0x00000000c85d50b8}> (0x00000000c85d50b8) 
thrown [s\open\src\hotspot\share\prims\jni.cpp, line 520]
Event: 18.253 Thread 0x000001e0cbe7f940 Exception <a 'sun/nio/fs/WindowsException'{0x00000000c85ee988}> (0x00000000c85ee988) 
thrown [s\open\src\hotspot\share\prims\jni.cpp, line 520]
Event: 18.256 Thread 0x000001e0cbe7f940 Exception <a 'sun/nio/fs/WindowsException'{0x00000000c85fb6e0}> (0x00000000c85fb6e0) 
thrown [s\open\src\hotspot\share\prims\jni.cpp, line 520]
Event: 18.256 Thread 0x000001e0cbe7f940 Exception <a 'sun/nio/fs/WindowsException'{0x00000000c85fbe60}> (0x00000000c85fbe60) 
thrown [s\open\src\hotspot\share\prims\jni.cpp, line 520]
Event: 18.256 Thread 0x000001e0cbe7f940 Exception <a 'sun/nio/fs/WindowsException'{0x00000000c85fc430}> (0x00000000c85fc430) 
thrown [s\open\src\hotspot\share\prims\jni.cpp, line 520]
Event: 18.256 Thread 0x000001e0cbe7f940 Exception <a 'sun/nio/fs/WindowsException'{0x00000000c85fcb78}> (0x00000000c85fcb78) 
thrown [s\open\src\hotspot\share\prims\jni.cpp, line 520]
Event: 18.256 Thread 0x000001e0cbe7f940 Exception <a 'sun/nio/fs/WindowsException'{0x00000000c85fd2b0}> (0x00000000c85fd2b0) 
thrown [s\open\src\hotspot\share\prims\jni.cpp, line 520]
Event: 19.168 Thread 0x000001e0ec4bae10 Exception <a 'java/lang/NoSuchMethodError'{0x00000000c7cee998}: 'java.lang.Object java.lang.invoke.DirectMethodHandle$Holder.invokeStatic(java.lang.Object, long, java.lang.Object)'> (0x00000000c7cee998) 
thrown [s\open\src\hotspot\share\interpreter\linkResolver.cpp, line 773]
Event: 19.170 Thread 0x000001e0ec4bae10 Exception <a 'java/lang/NoSuchMethodError'{0x00000000c7cf1d50}: 'java.lang.Object java.lang.invoke.DirectMethodHandle$Holder.invokeStaticInit(java.lang.Object, long, java.lang.Object)'> (0x00000000c7cf1d50) 
thrown [s\open\src\hotspot\share\interpreter\linkResolver.cpp, line 773]
Event: 19.171 Thread 0x000001e0ec4bae10 Exception <a 'java/lang/NoSuchMethodError'{0x00000000c7cf7168}: 'java.lang.Object java.lang.invoke.DirectMethodHandle$Holder.newInvokeSpecial(java.lang.Object, long)'> (0x00000000c7cf7168) 
thrown [s\open\src\hotspot\share\interpreter\linkResolver.cpp, line 773]
Event: 19.176 Thread 0x000001e0ec4bae10 Exception <a 'java/lang/NoSuchMethodError'{0x00000000c7cfb950}: 'long java.lang.invoke.DirectMethodHandle$Holder.invokeInterface(java.lang.Object, java.lang.Object)'> (0x00000000c7cfb950) 
thrown [s\open\src\hotspot\share\interpreter\linkResolver.cpp, line 773]
Event: 19.176 Thread 0x000001e0ec4bae10 Exception <a 'java/lang/NoSuchMethodError'{0x00000000c7cfee18}: 'long java.lang.invoke.DelegatingMethodHandle$Holder.reinvoke_L(java.lang.Object, java.lang.Object)'> (0x00000000c7cfee18) 
thrown [s\open\src\hotspot\share\interpreter\linkResolver.cpp, line 773]
Event: 19.278 Thread 0x000001e0cbe7f940 Exception <a 'java/lang/NoSuchMethodError'{0x00000000c77c3200}: 'java.lang.Object java.lang.invoke.DirectMethodHandle$Holder.invokeStaticInit(java.lang.Object, java.lang.Object, int, int, int, int)'> (0x00000000c77c3200) 
thrown [s\open\src\hotspot\share\interpreter\linkResolver.cpp, line 773]
Event: 19.615 Thread 0x000001e0cbe7f940 Exception <a 'java/lang/NoSuchMethodError'{0x00000000ffdf3db8}: 'void java.lang.invoke.DirectMethodHandle$Holder.invokeStatic(java.lang.Object, long)'> (0x00000000ffdf3db8) 
thrown [s\open\src\hotspot\share\interpreter\linkResolver.cpp, line 773]

ZGC Phase Switch (0 events):
No events

VM Operations (20 events):
Event: 18.505 Executing VM operation: G1CollectForAllocation (G1 Evacuation Pause)
Event: 18.513 Executing VM operation: G1CollectForAllocation (G1 Evacuation Pause) done
Event: 19.116 Executing VM operation: HandshakeAllThreads (Deoptimize)
Event: 19.116 Executing VM operation: HandshakeAllThreads (Deoptimize) done
Event: 19.184 Executing VM operation: HandshakeAllThreads (Deoptimize)
Event: 19.184 Executing VM operation: HandshakeAllThreads (Deoptimize) done
Event: 19.244 Executing VM operation: HandshakeAllThreads (Deoptimize)
Event: 19.244 Executing VM operation: HandshakeAllThreads (Deoptimize) done
Event: 19.476 Executing VM operation: G1CollectForAllocation (G1 Evacuation Pause)
Event: 19.487 Executing VM operation: G1CollectForAllocation (G1 Evacuation Pause) done
Event: 19.519 Executing VM operation: HandshakeAllThreads (Deoptimize)
Event: 19.520 Executing VM operation: HandshakeAllThreads (Deoptimize) done
Event: 19.553 Executing VM operation: HandshakeAllThreads (Deoptimize)
Event: 19.553 Executing VM operation: HandshakeAllThreads (Deoptimize) done
Event: 19.555 Executing VM operation: HandshakeAllThreads (Deoptimize)
Event: 19.555 Executing VM operation: HandshakeAllThreads (Deoptimize) done
Event: 19.625 Executing VM operation: HandshakeAllThreads (Deoptimize)
Event: 19.625 Executing VM operation: HandshakeAllThreads (Deoptimize) done
Event: 20.636 Executing VM operation: Cleanup
Event: 20.636 Executing VM operation: Cleanup done

Events (20 events):
Event: 18.039 Thread 0x000001e0cbf3c230 flushing nmethod 0x000001e0d52f4a10
Event: 18.039 Thread 0x000001e0cbf3c230 flushing nmethod 0x000001e0d52f5390
Event: 18.039 Thread 0x000001e0cbf3c230 flushing nmethod 0x000001e0d52f9810
Event: 18.039 Thread 0x000001e0cbf3c230 flushing nmethod 0x000001e0d52fb410
Event: 18.039 Thread 0x000001e0cbf3c230 flushing nmethod 0x000001e0d5306a10
Event: 18.039 Thread 0x000001e0cbf3c230 flushing nmethod 0x000001e0d5306e10
Event: 18.039 Thread 0x000001e0cbf3c230 flushing nmethod 0x000001e0d5320210
Event: 18.039 Thread 0x000001e0cbf3c230 flushing nmethod 0x000001e0d5320790
Event: 18.039 Thread 0x000001e0cbf3c230 flushing nmethod 0x000001e0d5320d90
Event: 18.039 Thread 0x000001e0cbf3c230 flushing nmethod 0x000001e0d5341f90
Event: 18.039 Thread 0x000001e0cbf3c230 flushing nmethod 0x000001e0d535e610
Event: 19.120 Thread 0x000001e0ec4bae10 Thread added: 0x000001e0ec4bae10
Event: 19.177 Thread 0x000001e0ec4bae10 Thread exited: 0x000001e0ec4bae10
Event: 19.392 Thread 0x000001e0ec04c7c0 Thread added: 0x000001e0ec04c7c0
Event: 19.400 Thread 0x000001e0ec4bae10 Thread added: 0x000001e0ec4bae10
Event: 19.599 Thread 0x000001e0ec17c2c0 Thread added: 0x000001e0ec17c2c0
Event: 19.659 Thread 0x000001e0ebdb4690 Thread added: 0x000001e0ebdb4690
Event: 19.659 Thread 0x000001e0ed672860 Thread added: 0x000001e0ed672860
Event: 19.676 Thread 0x000001e0ee1297e0 Thread added: 0x000001e0ee1297e0
Event: 20.592 Thread 0x000001e0ee6b57a0 Thread exited: 0x000001e0ee6b57a0


Dynamic libraries:
0x00007ff70c8b0000 - 0x00007ff70c8c0000 	C:\Program Files\Java\jdk-21\bin\java.exe
0x00007ff87c970000 - 0x00007ff87cb87000 	C:\Windows\SYSTEM32\ntdll.dll
0x00007ff87bfc0000 - 0x00007ff87c084000 	C:\Windows\System32\KERNEL32.DLL
0x00007ff879dd0000 - 0x00007ff87a187000 	C:\Windows\System32\KERNELBASE.dll
0x00007ff879cb0000 - 0x00007ff879dc1000 	C:\Windows\System32\ucrtbase.dll
0x00007ff872380000 - 0x00007ff87239b000 	C:\Program Files\Java\jdk-21\bin\VCRUNTIME140.dll
0x00007ff862420000 - 0x00007ff862439000 	C:\Program Files\Java\jdk-21\bin\jli.dll
0x00007ff87ba40000 - 0x00007ff87baf2000 	C:\Windows\System32\ADVAPI32.dll
0x00007ff87c870000 - 0x00007ff87c917000 	C:\Windows\System32\msvcrt.dll
0x00007ff87a6a0000 - 0x00007ff87a748000 	C:\Windows\System32\sechost.dll
0x00007ff87a550000 - 0x00007ff87a578000 	C:\Windows\System32\bcrypt.dll
0x00007ff87b4b0000 - 0x00007ff87b5c4000 	C:\Windows\System32\RPCRT4.dll
0x00007ff87bb80000 - 0x00007ff87bd2f000 	C:\Windows\System32\USER32.dll
0x00007ff879c80000 - 0x00007ff879ca6000 	C:\Windows\System32\win32u.dll
0x00007ff87c740000 - 0x00007ff87c769000 	C:\Windows\System32\GDI32.dll
0x00007ff87a190000 - 0x00007ff87a2a8000 	C:\Windows\System32\gdi32full.dll
0x00007ff87a580000 - 0x00007ff87a61a000 	C:\Windows\System32\msvcp_win.dll
0x00007ff864060000 - 0x00007ff8642f3000 	C:\Windows\WinSxS\amd64_microsoft.windows.common-controls_6595b64144ccf1df_6.0.22621.3672_none_2713b9d173822955\COMCTL32.dll
0x00007ff868060000 - 0x00007ff86806a000 	C:\Windows\SYSTEM32\VERSION.dll
0x00007ff87c200000 - 0x00007ff87c231000 	C:\Windows\System32\IMM32.DLL
0x00007ff872320000 - 0x00007ff87232c000 	C:\Program Files\Java\jdk-21\bin\vcruntime140_1.dll
0x00007ff820070000 - 0x00007ff8200fe000 	C:\Program Files\Java\jdk-21\bin\msvcp140.dll
0x00007ff8115b0000 - 0x00007ff8122c8000 	C:\Program Files\Java\jdk-21\bin\server\jvm.dll
0x00007ff87c6c0000 - 0x00007ff87c731000 	C:\Windows\System32\WS2_32.dll
0x00007ff879aa0000 - 0x00007ff879aed000 	C:\Windows\SYSTEM32\POWRPROF.dll
0x00007ff86f570000 - 0x00007ff86f5a4000 	C:\Windows\SYSTEM32\WINMM.dll
0x00007ff879980000 - 0x00007ff879993000 	C:\Windows\SYSTEM32\UMPDC.dll
0x00007ff878cd0000 - 0x00007ff878ce8000 	C:\Windows\SYSTEM32\kernel.appcore.dll
0x00007ff8722b0000 - 0x00007ff8722ba000 	C:\Program Files\Java\jdk-21\bin\jimage.dll
0x00007ff876690000 - 0x00007ff8768c2000 	C:\Windows\SYSTEM32\DBGHELP.DLL
0x00007ff87b6b0000 - 0x00007ff87ba3e000 	C:\Windows\System32\combase.dll
0x00007ff87b3d0000 - 0x00007ff87b4a7000 	C:\Windows\System32\OLEAUT32.dll
0x00007ff8546b0000 - 0x00007ff8546e2000 	C:\Windows\SYSTEM32\dbgcore.DLL
0x00007ff87a620000 - 0x00007ff87a69b000 	C:\Windows\System32\bcryptPrimitives.dll
0x00007ff862400000 - 0x00007ff86241f000 	C:\Program Files\Java\jdk-21\bin\java.dll
0x00007ff87a840000 - 0x00007ff87b0a9000 	C:\Windows\System32\SHELL32.dll
0x00007ff877be0000 - 0x00007ff8784df000 	C:\Windows\SYSTEM32\windows.storage.dll
0x00007ff877a90000 - 0x00007ff877bcf000 	C:\Windows\SYSTEM32\wintypes.dll
0x00007ff87c770000 - 0x00007ff87c869000 	C:\Windows\System32\SHCORE.dll
0x00007ff87a750000 - 0x00007ff87a7ae000 	C:\Windows\System32\shlwapi.dll
0x00007ff879bb0000 - 0x00007ff879bd7000 	C:\Windows\SYSTEM32\profapi.dll
0x00007ff81ff90000 - 0x00007ff820067000 	C:\Program Files\Java\jdk-21\bin\jsvml.dll
0x00007ff86f4d0000 - 0x00007ff86f4e0000 	C:\Program Files\Java\jdk-21\bin\net.dll
0x00007ff86e430000 - 0x00007ff86e566000 	C:\Windows\SYSTEM32\WINHTTP.dll
0x00007ff879140000 - 0x00007ff8791a9000 	C:\Windows\system32\mswsock.dll
0x00007ff8623e0000 - 0x00007ff8623f6000 	C:\Program Files\Java\jdk-21\bin\nio.dll
0x00007ff861850000 - 0x00007ff861868000 	C:\Program Files\Java\jdk-21\bin\zip.dll
0x00007ff853cc0000 - 0x00007ff853ce4000 	C:\Program Files\Apache\Maven\apache-maven-3.9.9\lib\jansi-native\Windows\x86_64\jansi.dll
0x00007ff867ef0000 - 0x00007ff867f00000 	C:\Program Files\Java\jdk-21\bin\verify.dll
0x00007ff8793a0000 - 0x00007ff8793bb000 	C:\Windows\SYSTEM32\CRYPTSP.dll
0x00007ff878c30000 - 0x00007ff878c65000 	C:\Windows\system32\rsaenh.dll
0x00007ff879230000 - 0x00007ff879258000 	C:\Windows\SYSTEM32\USERENV.dll
0x00007ff879390000 - 0x00007ff87939c000 	C:\Windows\SYSTEM32\CRYPTBASE.dll
0x00007ff878740000 - 0x00007ff87876d000 	C:\Windows\SYSTEM32\IPHLPAPI.DLL
0x00007ff87b3c0000 - 0x00007ff87b3c9000 	C:\Windows\System32\NSI.dll

dbghelp: loaded successfully - version: 4.0.5 - missing functions: none
symbol engine: initialized successfully - sym options: 0x614 - pdb path: .;C:\Program Files\Java\jdk-21\bin;C:\Windows\SYSTEM32;C:\Windows\WinSxS\amd64_microsoft.windows.common-controls_6595b64144ccf1df_6.0.22621.3672_none_2713b9d173822955;C:\Program Files\Java\jdk-21\bin\server;C:\Program Files\Apache\Maven\apache-maven-3.9.9\lib\jansi-native\Windows\x86_64

VM Arguments:
jvm_args: -Dclassworlds.conf=C:\Program Files\Apache\Maven\apache-maven-3.9.9\bin\m2.conf -Dmaven.home=C:\Program Files\Apache\Maven\apache-maven-3.9.9 -Dlibrary.jansi.path=C:\Program Files\Apache\Maven\apache-maven-3.9.9\lib\jansi-native -Dmaven.multiModuleProjectDirectory=C:\Users\Administrator\Desktop\saidika backend\saidika_backend 
java_command: org.codehaus.plexus.classworlds.launcher.Launcher clean package
java_class_path (initial): C:\Program Files\Apache\Maven\apache-maven-3.9.9\boot\plexus-classworlds-2.8.0.jar
Launcher Type: SUN_STANDARD

[Global flags]
     intx CICompilerCount                          = 3                                         {product} {ergonomic}
     uint ConcGCThreads                            = 1                                         {product} {ergonomic}
     uint G1ConcRefinementThreads                  = 4                                         {product} {ergonomic}
   size_t G1HeapRegionSize                         = 1048576                                   {product} {ergonomic}
    uintx GCDrainStackTargetSize                   = 64                                        {product} {ergonomic}
   size_t InitialHeapSize                          = 67108864                                  {product} {ergonomic}
   size_t MarkStackSize                            = 4194304                                   {product} {ergonomic}
   size_t MaxHeapSize                              = 1046478848                                {product} {ergonomic}
   size_t MaxNewSize                               = 627048448                                 {product} {ergonomic}
   size_t MinHeapDeltaBytes                        = 1048576                                   {product} {ergonomic}
   size_t MinHeapSize                              = 8388608                                   {product} {ergonomic}
    uintx NonNMethodCodeHeapSize                   = 5832780                                {pd product} {ergonomic}
    uintx NonProfiledCodeHeapSize                  = 122912730                              {pd product} {ergonomic}
    uintx ProfiledCodeHeapSize                     = 122912730                              {pd product} {ergonomic}
    uintx ReservedCodeCacheSize                    = 251658240                              {pd product} {ergonomic}
     bool SegmentedCodeCache                       = true                                      {product} {ergonomic}
   size_t SoftMaxHeapSize                          = 1046478848                             {manageable} {ergonomic}
     bool UseCompressedOops                        = true                           {product lp64_product} {ergonomic}
     bool UseG1GC                                  = true                                      {product} {ergonomic}
     bool UseLargePagesIndividualAllocation        = false                                  {pd product} {ergonomic}

Logging:
Log output configuration:
 #0: stdout all=warning uptime,level,tags foldmultilines=false
 #1: stderr all=off uptime,level,tags foldmultilines=false

Environment Variables:
JAVA_HOME=C:\Program Files\Java\jdk-21\
PATH=C:\Program Files\Java\jdk-21\bin;C:\Windows\system32;C:\Windows;C:\Windows\System32\Wbem;C:\Windows\System32\WindowsPowerShell\v1.0\;C:\Windows\System32\OpenSSH\;C:\Program Files\Docker\Docker\resources\bin;C:\Program Files\Git\cmd;C:\Program Files\nodejs\;C:\Program Files\Apache\Maven\apache-maven-3.9.9\bin;C:\Users\Administrator\AppData\Local\Programs\Python\Python313\Scripts\;C:\Users\Administrator\AppData\Local\Programs\Python\Python313\;C:\Users\Administrator\AppData\Local\Microsoft\WindowsApps;C:\src\flutter-latest\flutter\bin;C:\Users\Administrator\AppData\Local\Programs\Microsoft VS Code\bin;C:\Users\Administrator\AppData\Local\GitHubDesktop\bin;C:\Users\Administrator\AppData\Roaming\npm;C:\Users\Administrator\AppData\Local\JetBrains\Toolbox\scripts;C:\Program Files\Java\jdk-21\bin;C:\Program Files\Tesseract-OCR;C:\Users\Administrator\AppData\Local\Pub\Cache\bin;
USERNAME=Administrator
OS=Windows_NT
PROCESSOR_IDENTIFIER=Intel64 Family 6 Model 78 Stepping 3, GenuineIntel
TMP=C:\Users\ADMINI~1\AppData\Local\Temp
TEMP=C:\Users\ADMINI~1\AppData\Local\Temp




Periodic native trim disabled

---------------  S Y S T E M  ---------------

OS:
 Windows 11 , 64 bit Build 22621 (10.0.22621.3958)
OS uptime: 0 days 15:50 hours
Hyper-V role detected

CPU: total 4 (initial active 4) (2 cores per cpu, 2 threads per core) family 6 model 78 stepping 3 microcode 0xd6, cx8, cmov, fxsr, ht, mmx, 3dnowpref, sse, sse2, sse3, ssse3, sse4.1, sse4.2, popcnt, lzcnt, tsc, tscinvbit, avx, avx2, aes, erms, clmul, bmi1, bmi2, rtm, adx, fma, vzeroupper, clflush, clflushopt, hv, rdtscp, f16c
Processor Information for all 4 processors :
  Max Mhz: 2496, Current Mhz: 2396, Mhz Limit: 2396

Memory: 4k page, system-wide physical 3986M (328M free)
TotalPageFile size 16274M (AvailPageFile size 9M)
current process WorkingSet (physical memory assigned to process): 313M, peak: 321M
current process commit charge ("private bytes"): 355M, peak: 361M

vm_info: Java HotSpot(TM) 64-Bit Server VM (21.0.5+9-LTS-239) for windows-amd64 JRE (21.0.5+9-LTS-239), built on 2024-09-30T05:17:38Z by "mach5one" with MS VC++ 17.6 (VS2022)

END.
